This file contains any messages produced by compilers while
running configure, to aid debugging if configure makes a mistake.

It was created by configure, which was
generated by GNU Autoconf 2.61.  Invocation command line was

  $ ./configure CFLAGS=-g -finline-functions -fno-strict-aliasing -pthread CPPFLAGS=  FFLAGS= LDFLAGS=  --enable-shared --disable-static --prefix=/home/robertorp/packages/openmpi-1.4.2 --with-mpi=open_mpi --disable-aio --cache-file=/dev/null --srcdir=.

## --------- ##
## Platform. ##
## --------- ##

hostname = asterisk
uname -m = i686
uname -r = 2.6.32-bpo.5-686
uname -s = Linux
uname -v = #1 SMP Sun Sep 19 21:11:32 UTC 2010

/usr/bin/uname -p = unknown
/bin/uname -X     = unknown

/bin/arch              = unknown
/usr/bin/arch -k       = unknown
/usr/convex/getsysinfo = unknown
/usr/bin/hostinfo      = unknown
/bin/machine           = unknown
/usr/bin/oslevel       = unknown
/bin/universe          = unknown

PATH: /usr/local/sbin
PATH: /usr/local/bin
PATH: /usr/sbin
PATH: /usr/bin
PATH: /sbin
PATH: /bin
PATH: /usr/bin/X11
PATH: /usr/local/Adobe/Acrobat/bin
PATH: /usr/local/openmpi/bin
PATH: /root/scripts
PATH: /usr/local/cfpark/bin
PATH: /usr/local/domonyx/bin
PATH: /usr/local/arm/2.95.3/bin


## ----------- ##
## Core tests. ##
## ----------- ##

configure:2058: checking for Open MPI support files
configure:2068: result: in Open MPI source tree -- good
configure:2300: checking for a BSD-compatible install
configure:2356: result: /usr/bin/install -c
configure:2367: checking whether build environment is sane
configure:2410: result: yes
configure:2438: checking for a thread-safe mkdir -p
configure:2477: result: /bin/mkdir -p
configure:2490: checking for gawk
configure:2506: found /usr/bin/gawk
configure:2517: result: gawk
configure:2528: checking whether make sets $(MAKE)
configure:2549: result: yes
configure:2738: checking for architecture
configure:2751: result: LINUX
configure:2760: WARNING: Unknown architecture ... proceeding anyway
configure:2783: result: ROMIO home directory is /root/Roberto/UNLP/Especializacion/robertorp/src/openmpi-1.4.2/ompi/mca/io/romio/romio
configure:2935: checking for ranlib
configure:2951: found /usr/bin/ranlib
configure:2962: result: ranlib
configure:3157: checking for gcc
configure:3173: found /usr/bin/gcc
configure:3184: result: gcc
configure:3422: checking for C compiler version
configure:3429: gcc --version >&5
gcc (Debian 4.4.5-8) 4.4.5
Copyright (C) 2010 Free Software Foundation, Inc.
This is free software; see the source for copying conditions.  There is NO
warranty; not even for MERCHANTABILITY or FITNESS FOR A PARTICULAR PURPOSE.

configure:3432: $? = 0
configure:3439: gcc -v >&5
Using built-in specs.
Target: i486-linux-gnu
Configured with: ../src/configure -v --with-pkgversion='Debian 4.4.5-8' --with-bugurl=file:///usr/share/doc/gcc-4.4/README.Bugs --enable-languages=c,c++,fortran,objc,obj-c++ --prefix=/usr --program-suffix=-4.4 --enable-shared --enable-multiarch --enable-linker-build-id --with-system-zlib --libexecdir=/usr/lib --without-included-gettext --enable-threads=posix --with-gxx-include-dir=/usr/include/c++/4.4 --libdir=/usr/lib --enable-nls --enable-clocale=gnu --enable-libstdcxx-debug --enable-objc-gc --enable-targets=all --with-arch-32=i586 --with-tune=generic --enable-checking=release --build=i486-linux-gnu --host=i486-linux-gnu --target=i486-linux-gnu
Thread model: posix
gcc version 4.4.5 (Debian 4.4.5-8) 
configure:3442: $? = 0
configure:3449: gcc -V >&5
gcc: '-V' option must have argument
configure:3452: $? = 1
configure:3475: checking for C compiler default output file name
configure:3502: gcc -g -finline-functions -fno-strict-aliasing -pthread     conftest.c -lnsl -lutil  -lm  >&5
configure:3505: $? = 0
configure:3543: result: a.out
configure:3560: checking whether the C compiler works
configure:3570: ./a.out
configure:3573: $? = 0
configure:3590: result: yes
configure:3597: checking whether we are cross compiling
configure:3599: result: no
configure:3602: checking for suffix of executables
configure:3609: gcc -o conftest -g -finline-functions -fno-strict-aliasing -pthread     conftest.c -lnsl -lutil  -lm  >&5
configure:3612: $? = 0
configure:3636: result: 
configure:3642: checking for suffix of object files
configure:3668: gcc -c -g -finline-functions -fno-strict-aliasing -pthread   conftest.c >&5
configure:3671: $? = 0
configure:3694: result: o
configure:3698: checking whether we are using the GNU C compiler
configure:3727: gcc -c -g -finline-functions -fno-strict-aliasing -pthread   conftest.c >&5
configure:3733: $? = 0
configure:3750: result: yes
configure:3755: checking whether gcc accepts -g
configure:3785: gcc -c -g   conftest.c >&5
configure:3791: $? = 0
configure:3890: result: yes
configure:3907: checking for gcc option to accept ISO C89
configure:3981: gcc  -c -g -finline-functions -fno-strict-aliasing -pthread   conftest.c >&5
configure:3987: $? = 0
configure:4010: result: none needed
configure:4039: checking for style of include used by make
configure:4067: result: GNU
configure:4092: checking dependency style of gcc
configure:4183: result: gcc3
configure:4537: checking how to run the C preprocessor
configure:4577: gcc -E   conftest.c
configure:4583: $? = 0
configure:4614: gcc -E   conftest.c
conftest.c:9:28: error: ac_nonexistent.h: No such file or directory
configure:4620: $? = 1
configure: failed program was:
| /* confdefs.h.  */
| #define PACKAGE_NAME ""
| #define PACKAGE_TARNAME ""
| #define PACKAGE_VERSION ""
| #define PACKAGE_STRING ""
| #define PACKAGE_BUGREPORT ""
| #define HAVE_MPI_OFFSET 1
| /* end confdefs.h.  */
| #include <ac_nonexistent.h>
configure:4653: result: gcc -E
configure:4682: gcc -E   conftest.c
configure:4688: $? = 0
configure:4719: gcc -E   conftest.c
conftest.c:9:28: error: ac_nonexistent.h: No such file or directory
configure:4725: $? = 1
configure: failed program was:
| /* confdefs.h.  */
| #define PACKAGE_NAME ""
| #define PACKAGE_TARNAME ""
| #define PACKAGE_VERSION ""
| #define PACKAGE_STRING ""
| #define PACKAGE_BUGREPORT ""
| #define HAVE_MPI_OFFSET 1
| /* end confdefs.h.  */
| #include <ac_nonexistent.h>
configure:5183: checking for memalign
configure:5239: gcc -o conftest -g -finline-functions -fno-strict-aliasing -pthread     conftest.c -lnsl -lutil  -lm  >&5
configure:5245: $? = 0
configure:5263: result: yes
configure:5362: checking how to run the C preprocessor
configure:5478: result: gcc -E
configure:5507: gcc -E   conftest.c
configure:5513: $? = 0
configure:5544: gcc -E   conftest.c
conftest.c:10:28: error: ac_nonexistent.h: No such file or directory
configure:5550: $? = 1
configure: failed program was:
| /* confdefs.h.  */
| #define PACKAGE_NAME ""
| #define PACKAGE_TARNAME ""
| #define PACKAGE_VERSION ""
| #define PACKAGE_STRING ""
| #define PACKAGE_BUGREPORT ""
| #define HAVE_MPI_OFFSET 1
| #define HAVE_MEMALIGN 1
| /* end confdefs.h.  */
| #include <ac_nonexistent.h>
configure:5588: checking for grep that handles long lines and -e
configure:5662: result: /bin/grep
configure:5667: checking for egrep
configure:5745: result: /bin/grep -E
configure:5750: checking for ANSI C header files
configure:5780: gcc -c -g -finline-functions -fno-strict-aliasing -pthread   conftest.c >&5
configure:5786: $? = 0
configure:5885: gcc -o conftest -g -finline-functions -fno-strict-aliasing -pthread     conftest.c -lnsl -lutil  -lm  >&5
configure:5888: $? = 0
configure:5894: ./conftest
configure:5897: $? = 0
configure:5914: result: yes
configure:5938: checking for sys/types.h
configure:5959: gcc -c -g -finline-functions -fno-strict-aliasing -pthread   conftest.c >&5
configure:5965: $? = 0
configure:5981: result: yes
configure:5938: checking for sys/stat.h
configure:5959: gcc -c -g -finline-functions -fno-strict-aliasing -pthread   conftest.c >&5
configure:5965: $? = 0
configure:5981: result: yes
configure:5938: checking for stdlib.h
configure:5959: gcc -c -g -finline-functions -fno-strict-aliasing -pthread   conftest.c >&5
configure:5965: $? = 0
configure:5981: result: yes
configure:5938: checking for string.h
configure:5959: gcc -c -g -finline-functions -fno-strict-aliasing -pthread   conftest.c >&5
configure:5965: $? = 0
configure:5981: result: yes
configure:5938: checking for memory.h
configure:5959: gcc -c -g -finline-functions -fno-strict-aliasing -pthread   conftest.c >&5
configure:5965: $? = 0
configure:5981: result: yes
configure:5938: checking for strings.h
configure:5959: gcc -c -g -finline-functions -fno-strict-aliasing -pthread   conftest.c >&5
configure:5965: $? = 0
configure:5981: result: yes
configure:5938: checking for inttypes.h
configure:5959: gcc -c -g -finline-functions -fno-strict-aliasing -pthread   conftest.c >&5
configure:5965: $? = 0
configure:5981: result: yes
configure:5938: checking for stdint.h
configure:5959: gcc -c -g -finline-functions -fno-strict-aliasing -pthread   conftest.c >&5
configure:5965: $? = 0
configure:5981: result: yes
configure:5938: checking for unistd.h
configure:5959: gcc -c -g -finline-functions -fno-strict-aliasing -pthread   conftest.c >&5
configure:5965: $? = 0
configure:5981: result: yes
configure:6001: checking for unistd.h
configure:6007: result: yes
configure:6011: checking fcntl.h usability
configure:6028: gcc -c -g -finline-functions -fno-strict-aliasing -pthread   conftest.c >&5
configure:6034: $? = 0
configure:6048: result: yes
configure:6052: checking fcntl.h presence
configure:6067: gcc -E   conftest.c
configure:6073: $? = 0
configure:6087: result: yes
configure:6115: checking for fcntl.h
configure:6123: result: yes
configure:6011: checking malloc.h usability
configure:6028: gcc -c -g -finline-functions -fno-strict-aliasing -pthread   conftest.c >&5
configure:6034: $? = 0
configure:6048: result: yes
configure:6052: checking malloc.h presence
configure:6067: gcc -E   conftest.c
configure:6073: $? = 0
configure:6087: result: yes
configure:6115: checking for malloc.h
configure:6123: result: yes
configure:6011: checking stddef.h usability
configure:6028: gcc -c -g -finline-functions -fno-strict-aliasing -pthread   conftest.c >&5
configure:6034: $? = 0
configure:6048: result: yes
configure:6052: checking stddef.h presence
configure:6067: gcc -E   conftest.c
configure:6073: $? = 0
configure:6087: result: yes
configure:6115: checking for stddef.h
configure:6123: result: yes
configure:6139: checking for int
configure:6169: gcc -c -g -finline-functions -fno-strict-aliasing -pthread   conftest.c >&5
configure:6175: $? = 0
configure:6190: result: yes
configure:6197: checking size of int
configure:6499: gcc -o conftest -g -finline-functions -fno-strict-aliasing -pthread     conftest.c -lnsl -lutil  -lm  >&5
configure:6502: $? = 0
configure:6508: ./conftest
configure:6511: $? = 0
configure:6534: result: 4
configure:6544: checking for void *
configure:6574: gcc -c -g -finline-functions -fno-strict-aliasing -pthread   conftest.c >&5
configure:6580: $? = 0
configure:6595: result: yes
configure:6602: checking size of void *
configure:6904: gcc -o conftest -g -finline-functions -fno-strict-aliasing -pthread     conftest.c -lnsl -lutil  -lm  >&5
configure:6907: $? = 0
configure:6913: ./conftest
configure:6916: $? = 0
configure:6939: result: 4
configure:6949: checking for int large enough for pointers
configure:6965: result: yes
configure:6983: checking for long long
configure:7013: gcc -c -g -finline-functions -fno-strict-aliasing -pthread   conftest.c >&5
configure:7019: $? = 0
configure:7034: result: yes
configure:7041: checking size of long long
configure:7343: gcc -o conftest -g -finline-functions -fno-strict-aliasing -pthread     conftest.c -lnsl -lutil  -lm  >&5
configure:7346: $? = 0
configure:7352: ./conftest
configure:7355: $? = 0
configure:7378: result: 8
configure:8174: checking whether struct flock compatible with MPI_Offset
configure:8201: gcc -c -g -finline-functions -fno-strict-aliasing -pthread   conftest.c >&5
configure:8207: $? = 0
configure:8221: result: yes
configure:8311: checking for pvfs2-config
configure:8343: result: notfound
configure:8374: checking configured file systems
configure:8376: result: testfs ufs nfs
configure:8386: WARNING: File locks may not work with NFS.  See the Installation and
users manual for instructions on testing and if necessary fixing this
configure:10248: checking sys/vfs.h usability
configure:10265: gcc -c -g -finline-functions -fno-strict-aliasing -pthread   conftest.c >&5
configure:10271: $? = 0
configure:10285: result: yes
configure:10289: checking sys/vfs.h presence
configure:10304: gcc -E   conftest.c
configure:10310: $? = 0
configure:10324: result: yes
configure:10352: checking for sys/vfs.h
configure:10360: result: yes
configure:10248: checking sys/param.h usability
configure:10265: gcc -c -g -finline-functions -fno-strict-aliasing -pthread   conftest.c >&5
configure:10271: $? = 0
configure:10285: result: yes
configure:10289: checking sys/param.h presence
configure:10304: gcc -E   conftest.c
configure:10310: $? = 0
configure:10324: result: yes
configure:10352: checking for sys/param.h
configure:10360: result: yes
configure:10248: checking sys/mount.h usability
configure:10265: gcc -c -g -finline-functions -fno-strict-aliasing -pthread   conftest.c >&5
configure:10271: $? = 0
configure:10285: result: yes
configure:10289: checking sys/mount.h presence
configure:10304: gcc -E   conftest.c
configure:10310: $? = 0
configure:10324: result: yes
configure:10352: checking for sys/mount.h
configure:10360: result: yes
configure:10248: checking sys/statvfs.h usability
configure:10265: gcc -c -g -finline-functions -fno-strict-aliasing -pthread   conftest.c >&5
configure:10271: $? = 0
configure:10285: result: yes
configure:10289: checking sys/statvfs.h presence
configure:10304: gcc -E   conftest.c
configure:10310: $? = 0
configure:10324: result: yes
configure:10352: checking for sys/statvfs.h
configure:10360: result: yes
configure:10377: checking for statfs
configure:10433: gcc -o conftest -g -finline-functions -fno-strict-aliasing -pthread     conftest.c -lnsl -lutil  -lm  >&5
configure:10439: $? = 0
configure:10457: result: yes
configure:10467: checking whether struct statfs properly defined
configure:10505: gcc -c -g -finline-functions -fno-strict-aliasing -pthread   conftest.c >&5
configure:10511: $? = 0
configure:10526: result: yes
configure:10540: checking for f_fstypename member of statfs structure
configure:10571: gcc -c -g -finline-functions -fno-strict-aliasing -pthread   conftest.c >&5
conftest.c: In function 'main':
conftest.c:47: error: storage size of 'f' isn't known
configure:10577: $? = 1
configure: failed program was:
| /* confdefs.h.  */
| #define PACKAGE_NAME ""
| #define PACKAGE_TARNAME ""
| #define PACKAGE_VERSION ""
| #define PACKAGE_STRING ""
| #define PACKAGE_BUGREPORT ""
| #define HAVE_MPI_OFFSET 1
| #define HAVE_MEMALIGN 1
| #define STDC_HEADERS 1
| #define HAVE_SYS_TYPES_H 1
| #define HAVE_SYS_STAT_H 1
| #define HAVE_STDLIB_H 1
| #define HAVE_STRING_H 1
| #define HAVE_MEMORY_H 1
| #define HAVE_STRINGS_H 1
| #define HAVE_INTTYPES_H 1
| #define HAVE_STDINT_H 1
| #define HAVE_UNISTD_H 1
| #define HAVE_UNISTD_H 1
| #define HAVE_FCNTL_H 1
| #define HAVE_MALLOC_H 1
| #define HAVE_STDDEF_H 1
| #define SIZEOF_INT 4
| #define SIZEOF_VOID_P 4
| #define SIZEOF_LONG_LONG 8
| #define HAVE_LONG_LONG_64 1
| #define HAVE_MPI_INFO 1
| #define ROMIO_NFS 1
| #define ROMIO_UFS 1
| #define ROMIO_TESTFS 1
| #define HAVE_SYS_VFS_H 1
| #define HAVE_SYS_PARAM_H 1
| #define HAVE_SYS_MOUNT_H 1
| #define HAVE_SYS_STATVFS_H 1
| #define HAVE_STATFS 1
| #define HAVE_STRUCT_STATFS 1
| /* end confdefs.h.  */
| 
| #include <sys/param.h>
| #include <sys/mount.h>
| #include <string.h>
| 
| int
| main ()
| {
| 
|     struct statfs f;
|     memset(&f, 0, sizeof(f));
|     strncmp("nfs", f.f_fstypename, 3);
| 
|   ;
|   return 0;
| }
configure:10592: result: no
configure:10612: checking for sys/stat.h
configure:10618: result: yes
configure:10612: checking for sys/types.h
configure:10618: result: yes
configure:10612: checking for unistd.h
configure:10618: result: yes
configure:10751: checking for stat
configure:10807: gcc -o conftest -g -finline-functions -fno-strict-aliasing -pthread     conftest.c -lnsl -lutil  -lm  >&5
configure:10813: $? = 0
configure:10831: result: yes
configure:10842: checking for st_fstype member of stat structure
configure:10879: gcc -c -g -finline-functions -fno-strict-aliasing -pthread   conftest.c >&5
conftest.c: In function 'main':
conftest.c:60: error: 'struct stat' has no member named 'st_fstype'
configure:10885: $? = 1
configure: failed program was:
| /* confdefs.h.  */
| #define PACKAGE_NAME ""
| #define PACKAGE_TARNAME ""
| #define PACKAGE_VERSION ""
| #define PACKAGE_STRING ""
| #define PACKAGE_BUGREPORT ""
| #define HAVE_MPI_OFFSET 1
| #define HAVE_MEMALIGN 1
| #define STDC_HEADERS 1
| #define HAVE_SYS_TYPES_H 1
| #define HAVE_SYS_STAT_H 1
| #define HAVE_STDLIB_H 1
| #define HAVE_STRING_H 1
| #define HAVE_MEMORY_H 1
| #define HAVE_STRINGS_H 1
| #define HAVE_INTTYPES_H 1
| #define HAVE_STDINT_H 1
| #define HAVE_UNISTD_H 1
| #define HAVE_UNISTD_H 1
| #define HAVE_FCNTL_H 1
| #define HAVE_MALLOC_H 1
| #define HAVE_STDDEF_H 1
| #define SIZEOF_INT 4
| #define SIZEOF_VOID_P 4
| #define SIZEOF_LONG_LONG 8
| #define HAVE_LONG_LONG_64 1
| #define HAVE_MPI_INFO 1
| #define ROMIO_NFS 1
| #define ROMIO_UFS 1
| #define ROMIO_TESTFS 1
| #define HAVE_SYS_VFS_H 1
| #define HAVE_SYS_PARAM_H 1
| #define HAVE_SYS_MOUNT_H 1
| #define HAVE_SYS_STATVFS_H 1
| #define HAVE_STATFS 1
| #define HAVE_STRUCT_STATFS 1
| #define HAVE_SYS_STAT_H 1
| #define HAVE_SYS_TYPES_H 1
| #define HAVE_UNISTD_H 1
| #define HAVE_STAT 1
| #define HAVE_STAT 1
| /* end confdefs.h.  */
| 
| #ifdef HAVE_SYS_TYPES_H
| #include <sys/types.h>
| #endif
| #ifdef HAVE_SYS_STAT_H
| #include <sys/stat.h>
| #endif
| #ifdef HAVE_UNISTD_H
| #include <unistd.h>
| #endif
| 
| int
| main ()
| {
| 
| 	struct stat s;
| 
| 	s.st_fstype = NULL;
| 
|   ;
|   return 0;
| }
configure:10901: result: no
configure:10922: checking for sys/types.h
configure:10928: result: yes
configure:10922: checking for sys/statvfs.h
configure:10928: result: yes
configure:10922: checking for sys/vfs.h
configure:10928: result: yes
configure:11061: checking for statvfs
configure:11117: gcc -o conftest -g -finline-functions -fno-strict-aliasing -pthread     conftest.c -lnsl -lutil  -lm  >&5
configure:11123: $? = 0
configure:11141: result: yes
configure:11152: checking for f_basetype member of statvfs structure
configure:11189: gcc -c -g -finline-functions -fno-strict-aliasing -pthread   conftest.c >&5
conftest.c: In function 'main':
conftest.c:62: error: expected expression before '[' token
configure:11195: $? = 1
configure: failed program was:
| /* confdefs.h.  */
| #define PACKAGE_NAME ""
| #define PACKAGE_TARNAME ""
| #define PACKAGE_VERSION ""
| #define PACKAGE_STRING ""
| #define PACKAGE_BUGREPORT ""
| #define HAVE_MPI_OFFSET 1
| #define HAVE_MEMALIGN 1
| #define STDC_HEADERS 1
| #define HAVE_SYS_TYPES_H 1
| #define HAVE_SYS_STAT_H 1
| #define HAVE_STDLIB_H 1
| #define HAVE_STRING_H 1
| #define HAVE_MEMORY_H 1
| #define HAVE_STRINGS_H 1
| #define HAVE_INTTYPES_H 1
| #define HAVE_STDINT_H 1
| #define HAVE_UNISTD_H 1
| #define HAVE_UNISTD_H 1
| #define HAVE_FCNTL_H 1
| #define HAVE_MALLOC_H 1
| #define HAVE_STDDEF_H 1
| #define SIZEOF_INT 4
| #define SIZEOF_VOID_P 4
| #define SIZEOF_LONG_LONG 8
| #define HAVE_LONG_LONG_64 1
| #define HAVE_MPI_INFO 1
| #define ROMIO_NFS 1
| #define ROMIO_UFS 1
| #define ROMIO_TESTFS 1
| #define HAVE_SYS_VFS_H 1
| #define HAVE_SYS_PARAM_H 1
| #define HAVE_SYS_MOUNT_H 1
| #define HAVE_SYS_STATVFS_H 1
| #define HAVE_STATFS 1
| #define HAVE_STRUCT_STATFS 1
| #define HAVE_SYS_STAT_H 1
| #define HAVE_SYS_TYPES_H 1
| #define HAVE_UNISTD_H 1
| #define HAVE_STAT 1
| #define HAVE_STAT 1
| #define HAVE_SYS_TYPES_H 1
| #define HAVE_SYS_STATVFS_H 1
| #define HAVE_SYS_VFS_H 1
| #define HAVE_STATVFS 1
| #define HAVE_STATVFS 1
| /* end confdefs.h.  */
| 
| #ifdef HAVE_SYS_TYPES_H
| #include <sys/types.h>
| #endif
| #ifdef HAVE_SYS_VFS_H
| #include <sys/vfs.h>
| #endif
| #ifdef HAVE_SYS_STATVFS_H
| #include <sys/statvfs.h>
| #endif
| 
| int
| main ()
| {
| [
| 	struct statvfs foo;
| 
| 	foo.f_basetype[0] = 'a';
| 	]
|   ;
|   return 0;
| }
configure:11211: result: no
configure:11232: checking for unistd.h
configure:11238: result: yes
configure:11368: checking for large file defines
configure:11401: gcc -c -g -finline-functions -fno-strict-aliasing -pthread   conftest.c >&5
configure:11407: $? = 0
configure:11422: result: yes
configure:11426: checking whether off64_t is an scalar type
configure:11458: gcc -c -g -finline-functions -fno-strict-aliasing -pthread   conftest.c >&5
configure:11464: $? = 0
configure:11479: result: yes
configure:11567: checking for strerror
configure:11623: gcc -o conftest -g -finline-functions -fno-strict-aliasing -pthread -D_LARGEFILE64_SOURCE -D_FILE_OFFSET_BITS=64     conftest.c -lnsl -lutil  -lm  >&5
configure:11629: $? = 0
configure:11647: result: yes
configure:11742: checking for doctext
configure:11772: result: no
configure:12071: checking for strdup
configure:12127: gcc -o conftest -g -finline-functions -fno-strict-aliasing -pthread -D_LARGEFILE64_SOURCE -D_FILE_OFFSET_BITS=64     conftest.c -lnsl -lutil  -lm  >&5
conftest.c:76: warning: conflicting types for built-in function 'strdup'
configure:12133: $? = 0
configure:12151: result: yes
configure:12164: checking whether strdup needs a declaration
configure:12191: gcc -c -g -finline-functions -fno-strict-aliasing -pthread -D_LARGEFILE64_SOURCE -D_FILE_OFFSET_BITS=64   conftest.c >&5
conftest.c: In function 'main':
conftest.c:58: error: incompatible type for argument 1 of 'strdup'
/usr/include/string.h:173: note: expected 'const char *' but argument is of type 'double'
conftest.c:58: error: too many arguments to function 'strdup'
conftest.c:58: warning: initialization makes integer from pointer without a cast
configure:12197: $? = 1
configure: failed program was:
| /* confdefs.h.  */
| #define PACKAGE_NAME ""
| #define PACKAGE_TARNAME ""
| #define PACKAGE_VERSION ""
| #define PACKAGE_STRING ""
| #define PACKAGE_BUGREPORT ""
| #define HAVE_MPI_OFFSET 1
| #define HAVE_MEMALIGN 1
| #define STDC_HEADERS 1
| #define HAVE_SYS_TYPES_H 1
| #define HAVE_SYS_STAT_H 1
| #define HAVE_STDLIB_H 1
| #define HAVE_STRING_H 1
| #define HAVE_MEMORY_H 1
| #define HAVE_STRINGS_H 1
| #define HAVE_INTTYPES_H 1
| #define HAVE_STDINT_H 1
| #define HAVE_UNISTD_H 1
| #define HAVE_UNISTD_H 1
| #define HAVE_FCNTL_H 1
| #define HAVE_MALLOC_H 1
| #define HAVE_STDDEF_H 1
| #define SIZEOF_INT 4
| #define SIZEOF_VOID_P 4
| #define SIZEOF_LONG_LONG 8
| #define HAVE_LONG_LONG_64 1
| #define HAVE_MPI_INFO 1
| #define ROMIO_NFS 1
| #define ROMIO_UFS 1
| #define ROMIO_TESTFS 1
| #define HAVE_SYS_VFS_H 1
| #define HAVE_SYS_PARAM_H 1
| #define HAVE_SYS_MOUNT_H 1
| #define HAVE_SYS_STATVFS_H 1
| #define HAVE_STATFS 1
| #define HAVE_STRUCT_STATFS 1
| #define HAVE_SYS_STAT_H 1
| #define HAVE_SYS_TYPES_H 1
| #define HAVE_UNISTD_H 1
| #define HAVE_STAT 1
| #define HAVE_STAT 1
| #define HAVE_SYS_TYPES_H 1
| #define HAVE_SYS_STATVFS_H 1
| #define HAVE_SYS_VFS_H 1
| #define HAVE_STATVFS 1
| #define HAVE_STATVFS 1
| #define HAVE_UNISTD_H 1
| #define HAVE_STRERROR 1
| #define HAVE_STATUS_SET_BYTES 1
| #define HAVE_MPI_DARRAY_SUBARRAY 1
| #define MPIO_BUILD_PROFILING 1
| #define HAVE_STRDUP 1
| /* end confdefs.h.  */
| #include <string.h>
| int
| main ()
| {
| int a=strdup(1.0,27,1.0,"foo");
|   ;
|   return 0;
| }
configure:12212: result: no
configure:12228: checking for snprintf
configure:12284: gcc -o conftest -g -finline-functions -fno-strict-aliasing -pthread -D_LARGEFILE64_SOURCE -D_FILE_OFFSET_BITS=64     conftest.c -lnsl -lutil  -lm  >&5
conftest.c:77: warning: conflicting types for built-in function 'snprintf'
configure:12290: $? = 0
configure:12308: result: yes
configure:12321: checking whether snprintf needs a declaration
configure:12348: gcc -c -g -finline-functions -fno-strict-aliasing -pthread -D_LARGEFILE64_SOURCE -D_FILE_OFFSET_BITS=64   conftest.c >&5
conftest.c: In function 'main':
conftest.c:59: error: incompatible type for argument 1 of 'snprintf'
/usr/include/stdio.h:363: note: expected 'char * __restrict__' but argument is of type 'double'
conftest.c:59: error: incompatible type for argument 3 of 'snprintf'
/usr/include/stdio.h:363: note: expected 'const char * __restrict__' but argument is of type 'double'
configure:12354: $? = 1
configure: failed program was:
| /* confdefs.h.  */
| #define PACKAGE_NAME ""
| #define PACKAGE_TARNAME ""
| #define PACKAGE_VERSION ""
| #define PACKAGE_STRING ""
| #define PACKAGE_BUGREPORT ""
| #define HAVE_MPI_OFFSET 1
| #define HAVE_MEMALIGN 1
| #define STDC_HEADERS 1
| #define HAVE_SYS_TYPES_H 1
| #define HAVE_SYS_STAT_H 1
| #define HAVE_STDLIB_H 1
| #define HAVE_STRING_H 1
| #define HAVE_MEMORY_H 1
| #define HAVE_STRINGS_H 1
| #define HAVE_INTTYPES_H 1
| #define HAVE_STDINT_H 1
| #define HAVE_UNISTD_H 1
| #define HAVE_UNISTD_H 1
| #define HAVE_FCNTL_H 1
| #define HAVE_MALLOC_H 1
| #define HAVE_STDDEF_H 1
| #define SIZEOF_INT 4
| #define SIZEOF_VOID_P 4
| #define SIZEOF_LONG_LONG 8
| #define HAVE_LONG_LONG_64 1
| #define HAVE_MPI_INFO 1
| #define ROMIO_NFS 1
| #define ROMIO_UFS 1
| #define ROMIO_TESTFS 1
| #define HAVE_SYS_VFS_H 1
| #define HAVE_SYS_PARAM_H 1
| #define HAVE_SYS_MOUNT_H 1
| #define HAVE_SYS_STATVFS_H 1
| #define HAVE_STATFS 1
| #define HAVE_STRUCT_STATFS 1
| #define HAVE_SYS_STAT_H 1
| #define HAVE_SYS_TYPES_H 1
| #define HAVE_UNISTD_H 1
| #define HAVE_STAT 1
| #define HAVE_STAT 1
| #define HAVE_SYS_TYPES_H 1
| #define HAVE_SYS_STATVFS_H 1
| #define HAVE_SYS_VFS_H 1
| #define HAVE_STATVFS 1
| #define HAVE_STATVFS 1
| #define HAVE_UNISTD_H 1
| #define HAVE_STRERROR 1
| #define HAVE_STATUS_SET_BYTES 1
| #define HAVE_MPI_DARRAY_SUBARRAY 1
| #define MPIO_BUILD_PROFILING 1
| #define HAVE_STRDUP 1
| #define HAVE_SNPRINTF 1
| /* end confdefs.h.  */
| #include <stdio.h>
| int
| main ()
| {
| int a=snprintf(1.0,27,1.0,"foo");
|   ;
|   return 0;
| }
configure:12369: result: no
configure:12385: checking for lstat
configure:12441: gcc -o conftest -g -finline-functions -fno-strict-aliasing -pthread -D_LARGEFILE64_SOURCE -D_FILE_OFFSET_BITS=64     conftest.c -lnsl -lutil  -lm  >&5
configure:12447: $? = 0
configure:12465: result: yes
configure:12478: checking whether lstat needs a declaration
configure:12505: gcc -c -g -finline-functions -fno-strict-aliasing -pthread -D_LARGEFILE64_SOURCE -D_FILE_OFFSET_BITS=64   conftest.c >&5
configure:12511: $? = 0
configure:12526: result: yes
configure:12542: checking for readlink
configure:12598: gcc -o conftest -g -finline-functions -fno-strict-aliasing -pthread -D_LARGEFILE64_SOURCE -D_FILE_OFFSET_BITS=64     conftest.c -lnsl -lutil  -lm  >&5
configure:12604: $? = 0
configure:12622: result: yes
configure:12635: checking whether readlink needs a declaration
configure:12662: gcc -c -g -finline-functions -fno-strict-aliasing -pthread -D_LARGEFILE64_SOURCE -D_FILE_OFFSET_BITS=64   conftest.c >&5
conftest.c: In function 'main':
conftest.c:62: error: incompatible type for argument 1 of 'readlink'
/usr/include/unistd.h:825: note: expected 'const char * __restrict__' but argument is of type 'double'
conftest.c:62: warning: passing argument 2 of 'readlink' makes pointer from integer without a cast
/usr/include/unistd.h:825: note: expected 'char * __restrict__' but argument is of type 'int'
conftest.c:62: error: too many arguments to function 'readlink'
configure:12668: $? = 1
configure: failed program was:
| /* confdefs.h.  */
| #define PACKAGE_NAME ""
| #define PACKAGE_TARNAME ""
| #define PACKAGE_VERSION ""
| #define PACKAGE_STRING ""
| #define PACKAGE_BUGREPORT ""
| #define HAVE_MPI_OFFSET 1
| #define HAVE_MEMALIGN 1
| #define STDC_HEADERS 1
| #define HAVE_SYS_TYPES_H 1
| #define HAVE_SYS_STAT_H 1
| #define HAVE_STDLIB_H 1
| #define HAVE_STRING_H 1
| #define HAVE_MEMORY_H 1
| #define HAVE_STRINGS_H 1
| #define HAVE_INTTYPES_H 1
| #define HAVE_STDINT_H 1
| #define HAVE_UNISTD_H 1
| #define HAVE_UNISTD_H 1
| #define HAVE_FCNTL_H 1
| #define HAVE_MALLOC_H 1
| #define HAVE_STDDEF_H 1
| #define SIZEOF_INT 4
| #define SIZEOF_VOID_P 4
| #define SIZEOF_LONG_LONG 8
| #define HAVE_LONG_LONG_64 1
| #define HAVE_MPI_INFO 1
| #define ROMIO_NFS 1
| #define ROMIO_UFS 1
| #define ROMIO_TESTFS 1
| #define HAVE_SYS_VFS_H 1
| #define HAVE_SYS_PARAM_H 1
| #define HAVE_SYS_MOUNT_H 1
| #define HAVE_SYS_STATVFS_H 1
| #define HAVE_STATFS 1
| #define HAVE_STRUCT_STATFS 1
| #define HAVE_SYS_STAT_H 1
| #define HAVE_SYS_TYPES_H 1
| #define HAVE_UNISTD_H 1
| #define HAVE_STAT 1
| #define HAVE_STAT 1
| #define HAVE_SYS_TYPES_H 1
| #define HAVE_SYS_STATVFS_H 1
| #define HAVE_SYS_VFS_H 1
| #define HAVE_STATVFS 1
| #define HAVE_STATVFS 1
| #define HAVE_UNISTD_H 1
| #define HAVE_STRERROR 1
| #define HAVE_STATUS_SET_BYTES 1
| #define HAVE_MPI_DARRAY_SUBARRAY 1
| #define MPIO_BUILD_PROFILING 1
| #define HAVE_STRDUP 1
| #define HAVE_SNPRINTF 1
| #define HAVE_LSTAT 1
| #define NEEDS_LSTAT_DECL 1
| #define HAVE_READLINK 1
| /* end confdefs.h.  */
| #include <unistd.h>
| int
| main ()
| {
| int a=readlink(1.0,27,1.0,"foo");
|   ;
|   return 0;
| }
configure:12683: result: no
configure:12699: checking for fsync
configure:12755: gcc -o conftest -g -finline-functions -fno-strict-aliasing -pthread -D_LARGEFILE64_SOURCE -D_FILE_OFFSET_BITS=64     conftest.c -lnsl -lutil  -lm  >&5
configure:12761: $? = 0
configure:12779: result: yes
configure:12792: checking whether fsync needs a declaration
configure:12819: gcc -c -g -finline-functions -fno-strict-aliasing -pthread -D_LARGEFILE64_SOURCE -D_FILE_OFFSET_BITS=64   conftest.c >&5
conftest.c: In function 'main':
conftest.c:63: error: too many arguments to function 'fsync'
configure:12825: $? = 1
configure: failed program was:
| /* confdefs.h.  */
| #define PACKAGE_NAME ""
| #define PACKAGE_TARNAME ""
| #define PACKAGE_VERSION ""
| #define PACKAGE_STRING ""
| #define PACKAGE_BUGREPORT ""
| #define HAVE_MPI_OFFSET 1
| #define HAVE_MEMALIGN 1
| #define STDC_HEADERS 1
| #define HAVE_SYS_TYPES_H 1
| #define HAVE_SYS_STAT_H 1
| #define HAVE_STDLIB_H 1
| #define HAVE_STRING_H 1
| #define HAVE_MEMORY_H 1
| #define HAVE_STRINGS_H 1
| #define HAVE_INTTYPES_H 1
| #define HAVE_STDINT_H 1
| #define HAVE_UNISTD_H 1
| #define HAVE_UNISTD_H 1
| #define HAVE_FCNTL_H 1
| #define HAVE_MALLOC_H 1
| #define HAVE_STDDEF_H 1
| #define SIZEOF_INT 4
| #define SIZEOF_VOID_P 4
| #define SIZEOF_LONG_LONG 8
| #define HAVE_LONG_LONG_64 1
| #define HAVE_MPI_INFO 1
| #define ROMIO_NFS 1
| #define ROMIO_UFS 1
| #define ROMIO_TESTFS 1
| #define HAVE_SYS_VFS_H 1
| #define HAVE_SYS_PARAM_H 1
| #define HAVE_SYS_MOUNT_H 1
| #define HAVE_SYS_STATVFS_H 1
| #define HAVE_STATFS 1
| #define HAVE_STRUCT_STATFS 1
| #define HAVE_SYS_STAT_H 1
| #define HAVE_SYS_TYPES_H 1
| #define HAVE_UNISTD_H 1
| #define HAVE_STAT 1
| #define HAVE_STAT 1
| #define HAVE_SYS_TYPES_H 1
| #define HAVE_SYS_STATVFS_H 1
| #define HAVE_SYS_VFS_H 1
| #define HAVE_STATVFS 1
| #define HAVE_STATVFS 1
| #define HAVE_UNISTD_H 1
| #define HAVE_STRERROR 1
| #define HAVE_STATUS_SET_BYTES 1
| #define HAVE_MPI_DARRAY_SUBARRAY 1
| #define MPIO_BUILD_PROFILING 1
| #define HAVE_STRDUP 1
| #define HAVE_SNPRINTF 1
| #define HAVE_LSTAT 1
| #define NEEDS_LSTAT_DECL 1
| #define HAVE_READLINK 1
| #define HAVE_FSYNC 1
| /* end confdefs.h.  */
| #include <unistd.h>
| int
| main ()
| {
| int a=fsync(1.0,27,1.0,"foo");
|   ;
|   return 0;
| }
configure:12840: result: no
configure:12856: checking for ftruncate
configure:12912: gcc -o conftest -g -finline-functions -fno-strict-aliasing -pthread -D_LARGEFILE64_SOURCE -D_FILE_OFFSET_BITS=64     conftest.c -lnsl -lutil  -lm  >&5
configure:12918: $? = 0
configure:12936: result: yes
configure:12949: checking whether ftruncate needs a declaration
configure:12976: gcc -c -g -finline-functions -fno-strict-aliasing -pthread -D_LARGEFILE64_SOURCE -D_FILE_OFFSET_BITS=64   conftest.c >&5
conftest.c: In function 'main':
conftest.c:64: error: too many arguments to function 'ftruncate'
configure:12982: $? = 1
configure: failed program was:
| /* confdefs.h.  */
| #define PACKAGE_NAME ""
| #define PACKAGE_TARNAME ""
| #define PACKAGE_VERSION ""
| #define PACKAGE_STRING ""
| #define PACKAGE_BUGREPORT ""
| #define HAVE_MPI_OFFSET 1
| #define HAVE_MEMALIGN 1
| #define STDC_HEADERS 1
| #define HAVE_SYS_TYPES_H 1
| #define HAVE_SYS_STAT_H 1
| #define HAVE_STDLIB_H 1
| #define HAVE_STRING_H 1
| #define HAVE_MEMORY_H 1
| #define HAVE_STRINGS_H 1
| #define HAVE_INTTYPES_H 1
| #define HAVE_STDINT_H 1
| #define HAVE_UNISTD_H 1
| #define HAVE_UNISTD_H 1
| #define HAVE_FCNTL_H 1
| #define HAVE_MALLOC_H 1
| #define HAVE_STDDEF_H 1
| #define SIZEOF_INT 4
| #define SIZEOF_VOID_P 4
| #define SIZEOF_LONG_LONG 8
| #define HAVE_LONG_LONG_64 1
| #define HAVE_MPI_INFO 1
| #define ROMIO_NFS 1
| #define ROMIO_UFS 1
| #define ROMIO_TESTFS 1
| #define HAVE_SYS_VFS_H 1
| #define HAVE_SYS_PARAM_H 1
| #define HAVE_SYS_MOUNT_H 1
| #define HAVE_SYS_STATVFS_H 1
| #define HAVE_STATFS 1
| #define HAVE_STRUCT_STATFS 1
| #define HAVE_SYS_STAT_H 1
| #define HAVE_SYS_TYPES_H 1
| #define HAVE_UNISTD_H 1
| #define HAVE_STAT 1
| #define HAVE_STAT 1
| #define HAVE_SYS_TYPES_H 1
| #define HAVE_SYS_STATVFS_H 1
| #define HAVE_SYS_VFS_H 1
| #define HAVE_STATVFS 1
| #define HAVE_STATVFS 1
| #define HAVE_UNISTD_H 1
| #define HAVE_STRERROR 1
| #define HAVE_STATUS_SET_BYTES 1
| #define HAVE_MPI_DARRAY_SUBARRAY 1
| #define MPIO_BUILD_PROFILING 1
| #define HAVE_STRDUP 1
| #define HAVE_SNPRINTF 1
| #define HAVE_LSTAT 1
| #define NEEDS_LSTAT_DECL 1
| #define HAVE_READLINK 1
| #define HAVE_FSYNC 1
| #define HAVE_FTRUNCATE 1
| /* end confdefs.h.  */
| #include <unistd.h>
| int
| main ()
| {
| int a=ftruncate(1.0,27,1.0,"foo");
|   ;
|   return 0;
| }
configure:12997: result: no
configure:13058: checking for unistd.h
configure:13064: result: yes
configure:13188: checking for large file defines
configure:13217: gcc -c -g -finline-functions -fno-strict-aliasing -pthread -D_LARGEFILE64_SOURCE -D_FILE_OFFSET_BITS=64 -DHAVE_ROMIOCONF_H   conftest.c >&5
configure:13223: $? = 0
configure:13229: result: yes
configure:13254: checking for C/C++ restrict keyword
configure:13290: gcc -c -g -finline-functions -fno-strict-aliasing -pthread -D_LARGEFILE64_SOURCE -D_FILE_OFFSET_BITS=64 -DHAVE_ROMIOCONF_H -D_LARGEFILE64_SOURCE -D_FILE_OFFSET_BITS=64   conftest.c >&5
conftest.c:62: error: expected ';', ',' or ')' before 'ip'
conftest.c: In function 'main':
conftest.c:69: error: expected '=', ',', ';', 'asm' or '__attribute__' before 't'
conftest.c:69: error: 't' undeclared (first use in this function)
conftest.c:69: error: (Each undeclared identifier is reported only once
conftest.c:69: error: for each function it appears in.)
configure:13296: $? = 1
configure: failed program was:
| /* confdefs.h.  */
| #define PACKAGE_NAME ""
| #define PACKAGE_TARNAME ""
| #define PACKAGE_VERSION ""
| #define PACKAGE_STRING ""
| #define PACKAGE_BUGREPORT ""
| #define HAVE_MPI_OFFSET 1
| #define HAVE_MEMALIGN 1
| #define STDC_HEADERS 1
| #define HAVE_SYS_TYPES_H 1
| #define HAVE_SYS_STAT_H 1
| #define HAVE_STDLIB_H 1
| #define HAVE_STRING_H 1
| #define HAVE_MEMORY_H 1
| #define HAVE_STRINGS_H 1
| #define HAVE_INTTYPES_H 1
| #define HAVE_STDINT_H 1
| #define HAVE_UNISTD_H 1
| #define HAVE_UNISTD_H 1
| #define HAVE_FCNTL_H 1
| #define HAVE_MALLOC_H 1
| #define HAVE_STDDEF_H 1
| #define SIZEOF_INT 4
| #define SIZEOF_VOID_P 4
| #define SIZEOF_LONG_LONG 8
| #define HAVE_LONG_LONG_64 1
| #define HAVE_MPI_INFO 1
| #define ROMIO_NFS 1
| #define ROMIO_UFS 1
| #define ROMIO_TESTFS 1
| #define HAVE_SYS_VFS_H 1
| #define HAVE_SYS_PARAM_H 1
| #define HAVE_SYS_MOUNT_H 1
| #define HAVE_SYS_STATVFS_H 1
| #define HAVE_STATFS 1
| #define HAVE_STRUCT_STATFS 1
| #define HAVE_SYS_STAT_H 1
| #define HAVE_SYS_TYPES_H 1
| #define HAVE_UNISTD_H 1
| #define HAVE_STAT 1
| #define HAVE_STAT 1
| #define HAVE_SYS_TYPES_H 1
| #define HAVE_SYS_STATVFS_H 1
| #define HAVE_SYS_VFS_H 1
| #define HAVE_STATVFS 1
| #define HAVE_STATVFS 1
| #define HAVE_UNISTD_H 1
| #define HAVE_STRERROR 1
| #define HAVE_STATUS_SET_BYTES 1
| #define HAVE_MPI_DARRAY_SUBARRAY 1
| #define MPIO_BUILD_PROFILING 1
| #define HAVE_STRDUP 1
| #define HAVE_SNPRINTF 1
| #define HAVE_LSTAT 1
| #define NEEDS_LSTAT_DECL 1
| #define HAVE_READLINK 1
| #define HAVE_FSYNC 1
| #define HAVE_FTRUNCATE 1
| #define HAVE_UNISTD_H 1
| /* end confdefs.h.  */
| typedef int * int_ptr;
|         int foo (int_ptr restrict ip) {
|         return ip[0];
|        }
| int
| main ()
| {
| int s[1];
|         int * restrict t = s;
|         t[0] = 0;
|         return foo(t)
|   ;
|   return 0;
| }
configure:13290: gcc -c -g -finline-functions -fno-strict-aliasing -pthread -D_LARGEFILE64_SOURCE -D_FILE_OFFSET_BITS=64 -DHAVE_ROMIOCONF_H -D_LARGEFILE64_SOURCE -D_FILE_OFFSET_BITS=64   conftest.c >&5
configure:13296: $? = 0
configure:13314: result: __restrict
configure:13332: checking whether __attribute__ allowed
configure:13359: gcc -c -g -finline-functions -fno-strict-aliasing -pthread -D_LARGEFILE64_SOURCE -D_FILE_OFFSET_BITS=64 -DHAVE_ROMIOCONF_H -D_LARGEFILE64_SOURCE -D_FILE_OFFSET_BITS=64   conftest.c >&5
configure:13365: $? = 0
configure:13380: result: yes
configure:13382: checking whether __attribute__((format)) allowed
configure:13409: gcc -c -g -finline-functions -fno-strict-aliasing -pthread -D_LARGEFILE64_SOURCE -D_FILE_OFFSET_BITS=64 -DHAVE_ROMIOCONF_H -D_LARGEFILE64_SOURCE -D_FILE_OFFSET_BITS=64   conftest.c >&5
configure:13415: $? = 0
configure:13430: result: yes
configure:13476: checking build system type
configure:13494: result: i686-pc-linux-gnu
configure:13516: checking host system type
configure:13531: result: i686-pc-linux-gnu
configure:13553: checking for a sed that does not truncate output
configure:13632: result: /bin/sed
configure:13650: checking for fgrep
configure:13728: result: /bin/grep -F
configure:13763: checking for ld used by gcc
configure:13830: result: /usr/bin/ld
configure:13839: checking if the linker (/usr/bin/ld) is GNU ld
configure:13854: result: yes
configure:13866: checking for BSD- or MS-compatible name lister (nm)
configure:13915: result: /usr/bin/nm -B
configure:14037: checking the name lister (/usr/bin/nm -B) interface
configure:14044: gcc -c -g -finline-functions -fno-strict-aliasing -pthread -D_LARGEFILE64_SOURCE -D_FILE_OFFSET_BITS=64 -DHAVE_ROMIOCONF_H -D_LARGEFILE64_SOURCE -D_FILE_OFFSET_BITS=64 -DHAVE_ROMIOCONF_H   conftest.c >&5
configure:14047: /usr/bin/nm -B "conftest.o"
configure:14050: output
00000000 B some_variable
configure:14057: result: BSD nm
configure:14060: checking whether ln -s works
configure:14064: result: yes
configure:14072: checking the maximum length of command line arguments
configure:14192: result: 1572864
configure:14209: checking whether the shell understands some XSI constructs
configure:14219: result: yes
configure:14223: checking whether the shell understands "+="
configure:14229: result: yes
configure:14264: checking for /usr/bin/ld option to reload object files
configure:14271: result: -r
configure:14340: checking for objdump
configure:14356: found /usr/bin/objdump
configure:14367: result: objdump
configure:14403: checking how to recognize dependent libraries
configure:14599: result: pass_all
configure:14659: checking for ar
configure:14675: found /usr/bin/ar
configure:14686: result: ar
configure:14768: checking for strip
configure:14784: found /usr/bin/strip
configure:14795: result: strip
configure:14871: checking for ranlib
configure:14898: result: ranlib
configure:14992: checking command to parse /usr/bin/nm -B output from gcc object
configure:15110: gcc -c -g -finline-functions -fno-strict-aliasing -pthread -D_LARGEFILE64_SOURCE -D_FILE_OFFSET_BITS=64 -DHAVE_ROMIOCONF_H -D_LARGEFILE64_SOURCE -D_FILE_OFFSET_BITS=64 -DHAVE_ROMIOCONF_H   conftest.c >&5
configure:15113: $? = 0
configure:15117: /usr/bin/nm -B conftest.o \| sed -n -e 's/^.*[	 ]\([ABCDGIRSTW][ABCDGIRSTW]*\)[	 ][	 ]*\([_A-Za-z][_A-Za-z0-9]*\)$/\1 \2 \2/p' \> conftest.nm
configure:15120: $? = 0
configure:15174: gcc -o conftest -g -finline-functions -fno-strict-aliasing -pthread -D_LARGEFILE64_SOURCE -D_FILE_OFFSET_BITS=64 -DHAVE_ROMIOCONF_H -D_LARGEFILE64_SOURCE -D_FILE_OFFSET_BITS=64 -DHAVE_ROMIOCONF_H     conftest.c conftstm.o >&5
configure:15177: $? = 0
configure:15215: result: ok
configure:16092: checking for dlfcn.h
configure:16113: gcc -c -g -finline-functions -fno-strict-aliasing -pthread -D_LARGEFILE64_SOURCE -D_FILE_OFFSET_BITS=64 -DHAVE_ROMIOCONF_H -D_LARGEFILE64_SOURCE -D_FILE_OFFSET_BITS=64 -DHAVE_ROMIOCONF_H   conftest.c >&5
configure:16119: $? = 0
configure:16135: result: yes
configure:16258: checking for Fortran 77 compiler version
configure:16265: : --version >&5
configure:16268: $? = 0
configure:16275: : -v >&5
configure:16278: $? = 0
configure:16285: : -V >&5
configure:16288: $? = 0
configure:16296: checking whether we are using the GNU Fortran 77 compiler
configure:16315: : -c  conftest.F >&5
configure:16321: $? = 0
configure: failed program was:
|       program main
| #ifndef __GNUC__
|        choke me
| #endif
| 
|       end
configure:16338: result: no
configure:16344: checking whether : accepts -g
configure:16361: : -c -g conftest.f >&5
configure:16367: $? = 0
configure: failed program was:
|       program main
| 
|       end
configure:16383: result: no
configure:16587: checking for objdir
configure:16602: result: .libs
configure:16894: checking if gcc supports -fno-rtti -fno-exceptions
configure:16912: gcc -c -g -finline-functions -fno-strict-aliasing -pthread -D_LARGEFILE64_SOURCE -D_FILE_OFFSET_BITS=64 -DHAVE_ROMIOCONF_H -D_LARGEFILE64_SOURCE -D_FILE_OFFSET_BITS=64 -DHAVE_ROMIOCONF_H   -fno-rtti -fno-exceptions conftest.c >&5
cc1: warning: command line option "-fno-rtti" is valid for C++/ObjC++ but not for C
configure:16916: $? = 0
configure:16929: result: no
configure:16949: checking for gcc option to produce PIC
configure:17221: result: -fPIC -DPIC
configure:17233: checking if gcc PIC flag -fPIC -DPIC works
configure:17251: gcc -c -g -finline-functions -fno-strict-aliasing -pthread -D_LARGEFILE64_SOURCE -D_FILE_OFFSET_BITS=64 -DHAVE_ROMIOCONF_H -D_LARGEFILE64_SOURCE -D_FILE_OFFSET_BITS=64 -DHAVE_ROMIOCONF_H   -fPIC -DPIC -DPIC conftest.c >&5
configure:17255: $? = 0
configure:17268: result: yes
configure:17292: checking if gcc static flag -static works
configure:17320: result: yes
configure:17335: checking if gcc supports -c -o file.o
configure:17356: gcc -c -g -finline-functions -fno-strict-aliasing -pthread -D_LARGEFILE64_SOURCE -D_FILE_OFFSET_BITS=64 -DHAVE_ROMIOCONF_H -D_LARGEFILE64_SOURCE -D_FILE_OFFSET_BITS=64 -DHAVE_ROMIOCONF_H   -o out/conftest2.o conftest.c >&5
configure:17360: $? = 0
configure:17382: result: yes
configure:17390: checking if gcc supports -c -o file.o
configure:17437: result: yes
configure:17470: checking whether the gcc linker (/usr/bin/ld) supports shared libraries
configure:18537: result: yes
configure:18574: checking whether -lc should be explicitly linked in
configure:18579: gcc -c -g -finline-functions -fno-strict-aliasing -pthread -D_LARGEFILE64_SOURCE -D_FILE_OFFSET_BITS=64 -DHAVE_ROMIOCONF_H -D_LARGEFILE64_SOURCE -D_FILE_OFFSET_BITS=64 -DHAVE_ROMIOCONF_H   conftest.c >&5
configure:18582: $? = 0
configure:18597: gcc -shared conftest.o  -v -Wl,-soname -Wl,conftest -o conftest 2\>\&1 \| /bin/grep  -lc  \>/dev/null 2\>\&1
configure:18600: $? = 0
configure:18612: result: no
configure:18776: checking dynamic linker characteristics
configure:19219: gcc -o conftest -g -finline-functions -fno-strict-aliasing -pthread -D_LARGEFILE64_SOURCE -D_FILE_OFFSET_BITS=64 -DHAVE_ROMIOCONF_H -D_LARGEFILE64_SOURCE -D_FILE_OFFSET_BITS=64 -DHAVE_ROMIOCONF_H     -Wl,-rpath -Wl,/foo conftest.c -lnsl -lutil  -lm  >&5
configure:19225: $? = 0
configure:19467: result: GNU/Linux ld.so
configure:19569: checking how to hardcode library paths into programs
configure:19594: result: immediate
configure:20399: checking whether stripping libraries is possible
configure:20404: result: yes
configure:20439: checking if libtool supports shared libraries
configure:20441: result: yes
configure:20444: checking whether to build shared libraries
configure:20465: result: yes
configure:20468: checking whether to build static libraries
configure:20472: result: no
configure:20590: checking if libtool supports shared libraries
configure:20592: result: yes
configure:20595: checking whether to build shared libraries
configure:20615: result: yes
configure:20618: checking whether to build static libraries
configure:20622: result: no
configure:20636: checking for : option to produce PIC
configure:20908: result: 
configure:20973: checking if : static flag  works
configure:21001: result: no
configure:21013: checking if : supports -c -o file.o
configure:21034: : -c  -o out/conftest2.o conftest.f >&5
configure:21038: $? = 0
configure:21060: result: no
configure:21065: checking if : supports -c -o file.o
configure:21112: result: no
configure:21142: checking whether the : linker (/usr/bin/ld) supports shared libraries
configure:22189: result: yes
configure:22326: checking dynamic linker characteristics
configure:22707: : -o conftest    -rpath /foo conftest.f -lnsl -lutil  -lm  >&5
configure:22713: $? = 0
configure: failed program was:
|       program main
| 
|       end
configure:22955: result: GNU/Linux ld.so
configure:23006: checking how to hardcode library paths into programs
configure:23031: result: immediate
configure:23510: creating ./config.status

## ---------------------- ##
## Running config.status. ##
## ---------------------- ##

This file was extended by config.status, which was
generated by GNU Autoconf 2.61.  Invocation command line was

  CONFIG_FILES    = 
  CONFIG_HEADERS  = 
  CONFIG_LINKS    = 
  CONFIG_COMMANDS = 
  $ ./config.status 

on asterisk

config.status:1039: creating Makefile
config.status:1039: creating localdefs
config.status:1039: creating adio/Makefile
config.status:1039: creating adio/ad_bgl/Makefile
config.status:1039: creating adio/ad_bglockless/Makefile
config.status:1039: creating adio/ad_gridftp/Makefile
config.status:1039: creating adio/ad_lustre/Makefile
config.status:1039: creating adio/ad_nfs/Makefile
config.status:1039: creating adio/ad_ntfs/Makefile
config.status:1039: creating adio/ad_panfs/Makefile
config.status:1039: creating adio/ad_pfs/Makefile
config.status:1039: creating adio/ad_pvfs/Makefile
config.status:1039: creating adio/ad_pvfs2/Makefile
config.status:1039: creating adio/ad_sfs/Makefile
config.status:1039: creating adio/ad_testfs/Makefile
config.status:1039: creating adio/ad_ufs/Makefile
config.status:1039: creating adio/ad_xfs/Makefile
config.status:1039: creating adio/common/Makefile
config.status:1039: creating adio/include/Makefile
config.status:1039: creating doc/Makefile
config.status:1039: creating include/mpio.h
config.status:1039: creating include/mpiof.h
config.status:1039: creating include/Makefile
config.status:1039: creating mpi-io/Makefile
config.status:1039: creating test/Makefile
config.status:1039: creating test/misc.c
config.status:1039: creating test/large_file.c
config.status:1039: creating test/fmisc.f
config.status:1039: creating test/fcoll_test.f
config.status:1039: creating test/pfcoll_test.f
config.status:1039: creating test/fperf.f
config.status:1039: creating test/runtests
config.status:1039: creating util/romioinstall
config.status:1039: creating mpi-io/glue/openmpi/Makefile
config.status:1039: creating util/Makefile
config.status:1039: creating adio/include/romioconf.h
config.status:1308: adio/include/romioconf.h is unchanged
config.status:1354: executing depfiles commands
config.status:1354: executing libtool commands
config.status:1354: executing default-1 commands

## ---------------- ##
## Cache variables. ##
## ---------------- ##

ac_cv_build=i686-pc-linux-gnu
ac_cv_c_compiler_gnu=yes
ac_cv_c_restrict=__restrict
ac_cv_env_CC_set=
ac_cv_env_CC_value=
ac_cv_env_CFLAGS_set=set
ac_cv_env_CFLAGS_value='-g -finline-functions -fno-strict-aliasing -pthread'
ac_cv_env_CPPFLAGS_set=set
ac_cv_env_CPPFLAGS_value=' '
ac_cv_env_CPP_set=
ac_cv_env_CPP_value=
ac_cv_env_F77_set=
ac_cv_env_F77_value=
ac_cv_env_FFLAGS_set=set
ac_cv_env_FFLAGS_value=
ac_cv_env_LDFLAGS_set=set
ac_cv_env_LDFLAGS_value=' '
ac_cv_env_LIBS_set=set
ac_cv_env_LIBS_value='-lnsl -lutil  -lm '
ac_cv_env_build_alias_set=
ac_cv_env_build_alias_value=
ac_cv_env_host_alias_set=
ac_cv_env_host_alias_value=
ac_cv_env_target_alias_set=
ac_cv_env_target_alias_value=
ac_cv_f77_compiler_gnu=no
ac_cv_func_fsync=yes
ac_cv_func_ftruncate=yes
ac_cv_func_lstat=yes
ac_cv_func_memalign=yes
ac_cv_func_readlink=yes
ac_cv_func_snprintf=yes
ac_cv_func_stat=yes
ac_cv_func_statfs=yes
ac_cv_func_statvfs=yes
ac_cv_func_strdup=yes
ac_cv_func_strerror=yes
ac_cv_has_large_file_defines=yes
ac_cv_header_dlfcn_h=yes
ac_cv_header_fcntl_h=yes
ac_cv_header_inttypes_h=yes
ac_cv_header_malloc_h=yes
ac_cv_header_memory_h=yes
ac_cv_header_stdc=yes
ac_cv_header_stddef_h=yes
ac_cv_header_stdint_h=yes
ac_cv_header_stdlib_h=yes
ac_cv_header_string_h=yes
ac_cv_header_strings_h=yes
ac_cv_header_sys_mount_h=yes
ac_cv_header_sys_param_h=yes
ac_cv_header_sys_stat_h=yes
ac_cv_header_sys_statvfs_h=yes
ac_cv_header_sys_types_h=yes
ac_cv_header_sys_vfs_h=yes
ac_cv_header_unistd_h=yes
ac_cv_host=i686-pc-linux-gnu
ac_cv_objext=o
ac_cv_off64_t_scalar=yes
ac_cv_path_EGREP='/bin/grep -E'
ac_cv_path_FGREP='/bin/grep -F'
ac_cv_path_GREP=/bin/grep
ac_cv_path_PVFS2_CONFIG=notfound
ac_cv_path_SED=/bin/sed
ac_cv_path_install='/usr/bin/install -c'
ac_cv_path_mkdir=/bin/mkdir
ac_cv_prog_AWK=gawk
ac_cv_prog_CPP='gcc -E'
ac_cv_prog_ac_ct_AR=ar
ac_cv_prog_ac_ct_CC=gcc
ac_cv_prog_ac_ct_OBJDUMP=objdump
ac_cv_prog_ac_ct_RANLIB=ranlib
ac_cv_prog_ac_ct_STRIP=strip
ac_cv_prog_cc_c89=
ac_cv_prog_cc_g=yes
ac_cv_prog_f77_g=no
ac_cv_prog_make_make_set=yes
ac_cv_sizeof_int=4
ac_cv_sizeof_long_long=8
ac_cv_sizeof_void_p=4
ac_cv_type_int=yes
ac_cv_type_long_long=yes
ac_cv_type_void_p=yes
am_cv_CC_dependencies_compiler_type=gcc3
lt_cv_deplibs_check_method=pass_all
lt_cv_file_magic_cmd='$MAGIC_CMD'
lt_cv_file_magic_test_file=
lt_cv_ld_reload_flag=-r
lt_cv_nm_interface='BSD nm'
lt_cv_objdir=.libs
lt_cv_path_LD=/usr/bin/ld
lt_cv_path_NM='/usr/bin/nm -B'
lt_cv_prog_compiler_c_o=yes
lt_cv_prog_compiler_c_o_F77=no
lt_cv_prog_compiler_pic_works=yes
lt_cv_prog_compiler_rtti_exceptions=no
lt_cv_prog_compiler_static_works=yes
lt_cv_prog_compiler_static_works_F77=no
lt_cv_prog_gnu_ld=yes
lt_cv_sys_global_symbol_pipe='sed -n -e '\''s/^.*[	 ]\([ABCDGIRSTW][ABCDGIRSTW]*\)[	 ][	 ]*\([_A-Za-z][_A-Za-z0-9]*\)$/\1 \2 \2/p'\'''
lt_cv_sys_global_symbol_to_c_name_address='sed -n -e '\''s/^: \([^ ]*\) $/  {\"\1\", (void *) 0},/p'\'' -e '\''s/^[ABCDGIRSTW]* \([^ ]*\) \([^ ]*\)$/  {"\2", (void *) \&\2},/p'\'''
lt_cv_sys_global_symbol_to_c_name_address_lib_prefix='sed -n -e '\''s/^: \([^ ]*\) $/  {\"\1\", (void *) 0},/p'\'' -e '\''s/^[ABCDGIRSTW]* \([^ ]*\) \(lib[^ ]*\)$/  {"\2", (void *) \&\2},/p'\'' -e '\''s/^[ABCDGIRSTW]* \([^ ]*\) \([^ ]*\)$/  {"lib\2", (void *) \&\2},/p'\'''
lt_cv_sys_global_symbol_to_cdecl='sed -n -e '\''s/^T .* \(.*\)$/extern int \1();/p'\'' -e '\''s/^[ABCDGIRSTW]* .* \(.*\)$/extern char \1;/p'\'''
lt_cv_sys_max_cmd_len=1572864
pac_cv_func_decl_fsync=no
pac_cv_func_decl_ftruncate=no
pac_cv_func_decl_lstat=yes
pac_cv_func_decl_readlink=no
pac_cv_func_decl_snprintf=no
pac_cv_func_decl_strdup=no
pac_cv_gnu_attr_format=yes
pac_cv_gnu_attr_pure=yes
pac_cv_have_statfs=yes
pac_cv_have_statfs_f_fstypename=no
pac_cv_int_hold_pointer=yes
pac_cv_struct_flock_and_mpi_offset=yes

## ----------------- ##
## Output variables. ##
## ----------------- ##

ACLOCAL='${SHELL} /root/Roberto/UNLP/Especializacion/robertorp/src/openmpi-1.4.2/ompi/mca/io/romio/romio/confdb/missing --run aclocal-1.10'
AMDEPBACKSLASH='\'
AMDEP_FALSE='#'
AMDEP_TRUE=''
AMTAR='${SHELL} /root/Roberto/UNLP/Especializacion/robertorp/src/openmpi-1.4.2/ompi/mca/io/romio/romio/confdb/missing --run tar'
AR='ar'
ARCH='LINUX'
AUTOCONF='${SHELL} /root/Roberto/UNLP/Especializacion/robertorp/src/openmpi-1.4.2/ompi/mca/io/romio/romio/confdb/missing --run autoconf'
AUTOHEADER='${SHELL} /root/Roberto/UNLP/Especializacion/robertorp/src/openmpi-1.4.2/ompi/mca/io/romio/romio/confdb/missing --run autoheader'
AUTOMAKE='${SHELL} /root/Roberto/UNLP/Especializacion/robertorp/src/openmpi-1.4.2/ompi/mca/io/romio/romio/confdb/missing --run automake-1.10'
AWK='gawk'
BITS='0'
BUILD_BGLOCKLESS_FALSE=''
BUILD_BGLOCKLESS_TRUE='#'
BUILD_BGL_FALSE=''
BUILD_BGL_TRUE='#'
BUILD_GRIDFTP_FALSE=''
BUILD_GRIDFTP_TRUE='#'
BUILD_LUSTRE_FALSE=''
BUILD_LUSTRE_TRUE='#'
BUILD_MPI_ARRAY=''
BUILD_MPI_INFO=''
BUILD_NFS_FALSE='#'
BUILD_NFS_TRUE=''
BUILD_PANFS_FALSE=''
BUILD_PANFS_TRUE='#'
BUILD_PFS_FALSE=''
BUILD_PFS_TRUE='#'
BUILD_PVFS2_FALSE=''
BUILD_PVFS2_TRUE='#'
BUILD_PVFS_FALSE=''
BUILD_PVFS_TRUE='#'
BUILD_SFS_FALSE=''
BUILD_SFS_TRUE='#'
BUILD_TESTFS_FALSE='#'
BUILD_TESTFS_TRUE=''
BUILD_UFS_FALSE='#'
BUILD_UFS_TRUE=''
BUILD_XFS_FALSE=''
BUILD_XFS_TRUE='#'
CC='gcc'
CCDEPMODE='depmode=gcc3'
CFLAGS='-g -finline-functions -fno-strict-aliasing -pthread -D_LARGEFILE64_SOURCE -D_FILE_OFFSET_BITS=64 -DHAVE_ROMIOCONF_H -D_LARGEFILE64_SOURCE -D_FILE_OFFSET_BITS=64 -DHAVE_ROMIOCONF_H  -I$(top_builddir)/include'
CPP='gcc -E'
CPPFLAGS=' '
CYGPATH_W='echo'
DEFINE_HAVE_MPI_GREQUEST='#define HAVE_MPI_GREQUEST'
DEFINE_MPI_OFFSET='typedef long long MPI_Offset;'
DEFS='-DHAVE_CONFIG_H'
DEPDIR='.deps'
DOCTEXT='true'
DSYMUTIL=''
DUMPBIN=''
ECHO_C=''
ECHO_N='-n'
ECHO_T=''
EGREP='/bin/grep -E'
EXEEXT=''
EXTRA_SRC_DIRS=''
F77=':'
F77GETARG='call getarg(i,str)'
F77IARGC='iargc()'
F77MPIOINC=''
F90=''
FFLAGS=''
FGREP='/bin/grep -F'
FILE_SYSTEM='testfs ufs nfs'
FILE_SYS_DIRS=' adio/ad_testfs adio/ad_ufs adio/ad_nfs'
FORTRAN_MPI_OFFSET='integer*8'
FORTRAN_TEST=''
FROM_LAM='no'
FROM_MPICH2='no'
FROM_MPICH='no'
FTESTDEFINE=''
GLUE_DIR='mpi-io/glue/default'
GREP='/bin/grep'
HAVE_MPI_DARRAY_SUBARRAY='#define HAVE_MPI_DARRAY_SUBARRAY'
HAVE_MPI_INFO='#define HAVE_MPI_INFO'
HAVE_WEAK_SYMBOLS='0'
INSTALL_DATA='${INSTALL} -m 644'
INSTALL_PROGRAM='${INSTALL}'
INSTALL_SCRIPT='${INSTALL}'
INSTALL_STRIP_PROGRAM='$(install_sh) -c -s'
LD='/usr/bin/ld'
LDFLAGS=' '
LIBNAME='/root/Roberto/UNLP/Especializacion/robertorp/src/openmpi-1.4.2/ompi/mca/io/romio/romio/lib/libmpio.a'
LIBOBJS=''
LIBS='-lnsl -lutil  -lm '
LIBTOOL='$(SHELL) $(top_builddir)/libtool'
LIPO=''
LL='lld'
LN_S='ln -s'
LTLIBOBJS=''
MAKEINFO='${SHELL} /root/Roberto/UNLP/Especializacion/robertorp/src/openmpi-1.4.2/ompi/mca/io/romio/romio/confdb/missing --run makeinfo'
MIPS='0'
MPI='open_mpi'
MPIO_EXTRA_OBJECTS='get_errh.o set_errh.o'
MPIO_EXTRA_REAL_POBJECTS='_get_errh.o _set_errh.o'
MPIO_EXTRA_TMP_POBJECTS='get_errh.p set_errh.p'
MPIO_REQOBJECTS='iotest.o iotestall.o iotestany.o iotestsome.o iowait.o iowaitall.o iowaitany.o iowaitsome.o ioreq_c2f.o ioreq_f2c.o'
MPIO_REQ_REAL_POBJECTS='_iotest.o _iowait.o _iowaitall.o _iowaitany.o _iotestall.o _iotestany.o _iowaitsome.o _iotestsome.o'
MPIO_REQ_TMP_POBJECTS='iotest.p iowait.p iowaitall.p iowaitany.p iotestall.p iotestany.p iowaitsome.p iotestsome.p'
MPIRUN='mpirun'
MPI_FARRAY1=''
MPI_FARRAY2=''
MPI_FARRAY3=''
MPI_FARRAY4=''
MPI_FARRAY5=''
MPI_FARRAY6=''
MPI_FARRAY7=''
MPI_FINFO1='!'
MPI_FINFO2='!'
MPI_FINFO3='!'
MPI_FINFO4='!'
MPI_INCLUDE_DIR='.'
MPI_LIB=''
MPI_OFFSET_KIND1='!'
MPI_OFFSET_KIND2='!'
MPI_OFFSET_TYPE='long long'
NEEDS_MPI_FINT=''
NM='/usr/bin/nm -B'
NMEDIT=''
NOF77='1'
NOPROFILE='1'
OBJDUMP='objdump'
OBJEXT='o'
OTOOL64=''
OTOOL=''
PACKAGE='io-romio'
PACKAGE_BUGREPORT=''
PACKAGE_NAME=''
PACKAGE_STRING=''
PACKAGE_TARNAME=''
PACKAGE_VERSION=''
PATH_SEPARATOR=':'
PVFS2_CONFIG='notfound'
RANLIB='ranlib'
ROMIO_HOME='/root/Roberto/UNLP/Especializacion/robertorp/src/openmpi-1.4.2/ompi/mca/io/romio/romio'
ROMIO_INCLUDE=''
ROMIO_LFLAGS=''
ROMIO_LIBLIST=''
ROMIO_TCFLAGS=''
ROMIO_TCPPFLAGS=''
ROMIO_TFFLAGS=''
SED='/bin/sed'
SET_MAKE=''
SHELL='/bin/sh'
STRIP='strip'
SYSDEP_INC=''
TEST_CC='mpicc'
TEST_F77='mpif77'
TEST_LIBNAME=''
USER_CFLAGS=''
USER_FFLAGS=''
VERSION='1.0.0'
WITHIN_KNOWN_MPI_IMPL='yes'
ac_ct_CC='gcc'
ac_ct_DUMPBIN=''
ac_ct_F77=''
am__fastdepCC_FALSE='#'
am__fastdepCC_TRUE=''
am__include='include'
am__isrc=''
am__leading_dot='.'
am__quote=''
am__tar='${AMTAR} chof - "$$tardir"'
am__untar='${AMTAR} xf -'
arch_IRIX=''
bindir='${exec_prefix}/bin'
build='i686-pc-linux-gnu'
build_alias=''
build_cpu='i686'
build_os='linux-gnu'
build_vendor='pc'
datadir='${datarootdir}'
datarootdir='${prefix}/share'
docdir='${datarootdir}/doc/${PACKAGE}'
dvidir='${docdir}'
exec_prefix='${prefix}'
host='i686-pc-linux-gnu'
host_alias=''
host_cpu='i686'
host_os='linux-gnu'
host_vendor='pc'
htmldir='${docdir}'
includedir='${prefix}/include'
infodir='${datarootdir}/info'
install_sh='$(SHELL) /root/Roberto/UNLP/Especializacion/robertorp/src/openmpi-1.4.2/ompi/mca/io/romio/romio/confdb/install-sh'
libdir='${exec_prefix}/lib'
libexecdir='${exec_prefix}/libexec'
localedir='${datarootdir}/locale'
localstatedir='${prefix}/var'
lt_ECHO='echo'
mandir='${datarootdir}/man'
master_top_builddir='/root/Roberto/UNLP/Especializacion/robertorp/src/openmpi-1.4.2/ompi/mca/io/romio/romio'
master_top_srcdir=''
master_topbuild_dir='/root/Roberto/UNLP/Especializacion/robertorp/src/openmpi-1.4.2/ompi/mca/io/romio/romio'
mkdir_p='/bin/mkdir -p'
oldincludedir='/usr/include'
pdfdir='${docdir}'
prefix='/home/robertorp/packages/openmpi-1.4.2'
program_transform_name='s,x,x,'
psdir='${docdir}'
sbindir='${exec_prefix}/sbin'
sharedstatedir='${prefix}/com'
srcdir='/root/Roberto/UNLP/Especializacion/robertorp/src/openmpi-1.4.2/ompi/mca/io/romio/romio'
sysconfdir='${prefix}/etc'
target_alias=''
top_build_dir='/root/Roberto/UNLP/Especializacion/robertorp/src/openmpi-1.4.2/ompi/mca/io/romio/romio'
top_ompi_builddir='$(top_builddir)/../../../../..'
top_ompi_srcdir='$(top_srcdir)/../../../../..'

## ----------- ##
## confdefs.h. ##
## ----------- ##

#define PACKAGE_NAME ""
#define PACKAGE_TARNAME ""
#define PACKAGE_VERSION ""
#define PACKAGE_STRING ""
#define PACKAGE_BUGREPORT ""
#define HAVE_MPI_OFFSET 1
#define HAVE_MEMALIGN 1
#define STDC_HEADERS 1
#define HAVE_SYS_TYPES_H 1
#define HAVE_SYS_STAT_H 1
#define HAVE_STDLIB_H 1
#define HAVE_STRING_H 1
#define HAVE_MEMORY_H 1
#define HAVE_STRINGS_H 1
#define HAVE_INTTYPES_H 1
#define HAVE_STDINT_H 1
#define HAVE_UNISTD_H 1
#define HAVE_UNISTD_H 1
#define HAVE_FCNTL_H 1
#define HAVE_MALLOC_H 1
#define HAVE_STDDEF_H 1
#define SIZEOF_INT 4
#define SIZEOF_VOID_P 4
#define SIZEOF_LONG_LONG 8
#define HAVE_LONG_LONG_64 1
#define HAVE_MPI_INFO 1
#define ROMIO_NFS 1
#define ROMIO_UFS 1
#define ROMIO_TESTFS 1
#define HAVE_SYS_VFS_H 1
#define HAVE_SYS_PARAM_H 1
#define HAVE_SYS_MOUNT_H 1
#define HAVE_SYS_STATVFS_H 1
#define HAVE_STATFS 1
#define HAVE_STRUCT_STATFS 1
#define HAVE_SYS_STAT_H 1
#define HAVE_SYS_TYPES_H 1
#define HAVE_UNISTD_H 1
#define HAVE_STAT 1
#define HAVE_STAT 1
#define HAVE_SYS_TYPES_H 1
#define HAVE_SYS_STATVFS_H 1
#define HAVE_SYS_VFS_H 1
#define HAVE_STATVFS 1
#define HAVE_STATVFS 1
#define HAVE_UNISTD_H 1
#define HAVE_STRERROR 1
#define HAVE_STATUS_SET_BYTES 1
#define HAVE_MPI_DARRAY_SUBARRAY 1
#define MPIO_BUILD_PROFILING 1
#define HAVE_STRDUP 1
#define HAVE_SNPRINTF 1
#define HAVE_LSTAT 1
#define NEEDS_LSTAT_DECL 1
#define HAVE_READLINK 1
#define HAVE_FSYNC 1
#define HAVE_FTRUNCATE 1
#define HAVE_UNISTD_H 1
#define restrict __restrict
#define HAVE_GCC_ATTRIBUTE 1
#define HAVE_DLFCN_H 1
#define LT_OBJDIR ".libs/"

configure: exit 0
