This file contains any messages produced by compilers while
running configure, to aid debugging if configure makes a mistake.

It was created by OTF configure 1.3.12, which was
generated by GNU Autoconf 2.61.  Invocation command line was

  $ ./configure --with-zlib-lib=-lz --prefix=/home/robertorp/packages/openmpi-1.4.2 --exec-prefix=/home/robertorp/packages/openmpi-1.4.2 --bindir=${prefix}/bin --libdir=${prefix}/lib --includedir=/home/robertorp/packages/openmpi-1.4.2/include/vampirtrace --docdir=${prefix}/share/vampirtrace/doc/otf --cache-file=/dev/null --srcdir=.

## --------- ##
## Platform. ##
## --------- ##

hostname = asterisk
uname -m = i686
uname -r = 2.6.32-bpo.5-686
uname -s = Linux
uname -v = #1 SMP Sun Sep 19 21:11:32 UTC 2010

/usr/bin/uname -p = unknown
/bin/uname -X     = unknown

/bin/arch              = unknown
/usr/bin/arch -k       = unknown
/usr/convex/getsysinfo = unknown
/usr/bin/hostinfo      = unknown
/bin/machine           = unknown
/usr/bin/oslevel       = unknown
/bin/universe          = unknown

PATH: /usr/local/sbin
PATH: /usr/local/bin
PATH: /usr/sbin
PATH: /usr/bin
PATH: /sbin
PATH: /bin
PATH: /usr/bin/X11
PATH: /usr/local/Adobe/Acrobat/bin
PATH: /usr/local/openmpi/bin
PATH: /root/scripts
PATH: /usr/local/cfpark/bin
PATH: /usr/local/domonyx/bin
PATH: /usr/local/arm/2.95.3/bin


## ----------- ##
## Core tests. ##
## ----------- ##

configure:2009: checking build system type
configure:2027: result: i686-pc-linux-gnu
configure:2049: checking host system type
configure:2064: result: i686-pc-linux-gnu
configure:2086: checking target system type
configure:2101: result: i686-pc-linux-gnu
configure:2144: checking for a BSD-compatible install
configure:2200: result: /usr/bin/install -c
configure:2211: checking whether build environment is sane
configure:2254: result: yes
configure:2282: checking for a thread-safe mkdir -p
configure:2321: result: /bin/mkdir -p
configure:2334: checking for gawk
configure:2350: found /usr/bin/gawk
configure:2361: result: gawk
configure:2372: checking whether make sets $(MAKE)
configure:2393: result: yes
configure:2644: checking for g++
configure:2660: found /usr/bin/g++
configure:2671: result: g++
configure:2702: checking for C++ compiler version
configure:2709: g++ --version >&5
g++ (Debian 4.4.5-8) 4.4.5
Copyright (C) 2010 Free Software Foundation, Inc.
This is free software; see the source for copying conditions.  There is NO
warranty; not even for MERCHANTABILITY or FITNESS FOR A PARTICULAR PURPOSE.

configure:2712: $? = 0
configure:2719: g++ -v >&5
Using built-in specs.
Target: i486-linux-gnu
Configured with: ../src/configure -v --with-pkgversion='Debian 4.4.5-8' --with-bugurl=file:///usr/share/doc/gcc-4.4/README.Bugs --enable-languages=c,c++,fortran,objc,obj-c++ --prefix=/usr --program-suffix=-4.4 --enable-shared --enable-multiarch --enable-linker-build-id --with-system-zlib --libexecdir=/usr/lib --without-included-gettext --enable-threads=posix --with-gxx-include-dir=/usr/include/c++/4.4 --libdir=/usr/lib --enable-nls --enable-clocale=gnu --enable-libstdcxx-debug --enable-objc-gc --enable-targets=all --with-arch-32=i586 --with-tune=generic --enable-checking=release --build=i486-linux-gnu --host=i486-linux-gnu --target=i486-linux-gnu
Thread model: posix
gcc version 4.4.5 (Debian 4.4.5-8) 
configure:2722: $? = 0
configure:2729: g++ -V >&5
g++: '-V' option must have argument
configure:2732: $? = 1
configure:2755: checking for C++ compiler default output file name
configure:2782: g++ -g -finline-functions -pthread     conftest.cpp -lnsl -lutil  -lm  >&5
configure:2785: $? = 0
configure:2823: result: a.out
configure:2840: checking whether the C++ compiler works
configure:2850: ./a.out
configure:2853: $? = 0
configure:2870: result: yes
configure:2877: checking whether we are cross compiling
configure:2879: result: no
configure:2882: checking for suffix of executables
configure:2889: g++ -o conftest -g -finline-functions -pthread     conftest.cpp -lnsl -lutil  -lm  >&5
configure:2892: $? = 0
configure:2916: result: 
configure:2922: checking for suffix of object files
configure:2948: g++ -c -g -finline-functions -pthread   conftest.cpp >&5
configure:2951: $? = 0
configure:2974: result: o
configure:2978: checking whether we are using the GNU C++ compiler
configure:3007: g++ -c -g -finline-functions -pthread   conftest.cpp >&5
configure:3013: $? = 0
configure:3030: result: yes
configure:3035: checking whether g++ accepts -g
configure:3065: g++ -c -g   conftest.cpp >&5
configure:3071: $? = 0
configure:3170: result: yes
configure:3204: checking for style of include used by make
configure:3232: result: GNU
configure:3257: checking dependency style of g++
configure:3348: result: gcc3
configure:3411: checking for gcc
configure:3427: found /usr/bin/gcc
configure:3438: result: gcc
configure:3676: checking for C compiler version
configure:3683: gcc --version >&5
gcc (Debian 4.4.5-8) 4.4.5
Copyright (C) 2010 Free Software Foundation, Inc.
This is free software; see the source for copying conditions.  There is NO
warranty; not even for MERCHANTABILITY or FITNESS FOR A PARTICULAR PURPOSE.

configure:3686: $? = 0
configure:3693: gcc -v >&5
Using built-in specs.
Target: i486-linux-gnu
Configured with: ../src/configure -v --with-pkgversion='Debian 4.4.5-8' --with-bugurl=file:///usr/share/doc/gcc-4.4/README.Bugs --enable-languages=c,c++,fortran,objc,obj-c++ --prefix=/usr --program-suffix=-4.4 --enable-shared --enable-multiarch --enable-linker-build-id --with-system-zlib --libexecdir=/usr/lib --without-included-gettext --enable-threads=posix --with-gxx-include-dir=/usr/include/c++/4.4 --libdir=/usr/lib --enable-nls --enable-clocale=gnu --enable-libstdcxx-debug --enable-objc-gc --enable-targets=all --with-arch-32=i586 --with-tune=generic --enable-checking=release --build=i486-linux-gnu --host=i486-linux-gnu --target=i486-linux-gnu
Thread model: posix
gcc version 4.4.5 (Debian 4.4.5-8) 
configure:3696: $? = 0
configure:3703: gcc -V >&5
gcc: '-V' option must have argument
configure:3706: $? = 1
configure:3709: checking whether we are using the GNU C compiler
configure:3738: gcc -c -g -finline-functions -fno-strict-aliasing -pthread -fvisibility=hidden   conftest.c >&5
configure:3744: $? = 0
configure:3761: result: yes
configure:3766: checking whether gcc accepts -g
configure:3796: gcc -c -g   conftest.c >&5
configure:3802: $? = 0
configure:3901: result: yes
configure:3918: checking for gcc option to accept ISO C89
configure:3992: gcc  -c -g -finline-functions -fno-strict-aliasing -pthread -fvisibility=hidden   conftest.c >&5
configure:3998: $? = 0
configure:4021: result: none needed
configure:4041: checking dependency style of gcc
configure:4132: result: gcc3
configure:4203: checking for a sed that does not truncate output
configure:4282: result: /bin/sed
configure:4300: checking for grep that handles long lines and -e
configure:4374: result: /bin/grep
configure:4379: checking for egrep
configure:4457: result: /bin/grep -E
configure:4462: checking for fgrep
configure:4540: result: /bin/grep -F
configure:4575: checking for ld used by gcc
configure:4642: result: /usr/bin/ld
configure:4651: checking if the linker (/usr/bin/ld) is GNU ld
configure:4666: result: yes
configure:4678: checking for BSD- or MS-compatible name lister (nm)
configure:4727: result: /usr/bin/nm -B
configure:4849: checking the name lister (/usr/bin/nm -B) interface
configure:4856: gcc -c -g -finline-functions -fno-strict-aliasing -pthread -fvisibility=hidden   conftest.c >&5
configure:4859: /usr/bin/nm -B "conftest.o"
configure:4862: output
00000000 B some_variable
configure:4869: result: BSD nm
configure:4872: checking whether ln -s works
configure:4876: result: yes
configure:4884: checking the maximum length of command line arguments
configure:5004: result: 1572864
configure:5021: checking whether the shell understands some XSI constructs
configure:5031: result: yes
configure:5035: checking whether the shell understands "+="
configure:5041: result: yes
configure:5076: checking for /usr/bin/ld option to reload object files
configure:5083: result: -r
configure:5152: checking for objdump
configure:5168: found /usr/bin/objdump
configure:5179: result: objdump
configure:5215: checking how to recognize dependent libraries
configure:5411: result: pass_all
configure:5471: checking for ar
configure:5487: found /usr/bin/ar
configure:5498: result: ar
configure:5580: checking for strip
configure:5596: found /usr/bin/strip
configure:5607: result: strip
configure:5683: checking for ranlib
configure:5699: found /usr/bin/ranlib
configure:5710: result: ranlib
configure:5804: checking command to parse /usr/bin/nm -B output from gcc object
configure:5922: gcc -c -g -finline-functions -fno-strict-aliasing -pthread -fvisibility=hidden   conftest.c >&5
configure:5925: $? = 0
configure:5929: /usr/bin/nm -B conftest.o \| sed -n -e 's/^.*[	 ]\([ABCDGIRSTW][ABCDGIRSTW]*\)[	 ][	 ]*\([_A-Za-z][_A-Za-z0-9]*\)$/\1 \2 \2/p' \> conftest.nm
configure:5932: $? = 0
configure:5986: gcc -o conftest -g -finline-functions -fno-strict-aliasing -pthread -fvisibility=hidden     conftest.c conftstm.o >&5
configure:5989: $? = 0
configure:6027: result: ok
configure:6906: checking how to run the C preprocessor
configure:6946: gcc -E   conftest.c
configure:6952: $? = 0
configure:6983: gcc -E   conftest.c
conftest.c:10:28: error: ac_nonexistent.h: No such file or directory
configure:6989: $? = 1
configure: failed program was:
| /* confdefs.h.  */
| #define PACKAGE_NAME "OTF"
| #define PACKAGE_TARNAME "otf"
| #define PACKAGE_VERSION "1.3.12"
| #define PACKAGE_STRING "OTF 1.3.12"
| #define PACKAGE_BUGREPORT "andreas.knuepfer@tu-dresden.de "
| #define PACKAGE "OTF"
| #define VERSION "1.3.12"
| /* end confdefs.h.  */
| #include <ac_nonexistent.h>
configure:7022: result: gcc -E
configure:7051: gcc -E   conftest.c
configure:7057: $? = 0
configure:7088: gcc -E   conftest.c
conftest.c:10:28: error: ac_nonexistent.h: No such file or directory
configure:7094: $? = 1
configure: failed program was:
| /* confdefs.h.  */
| #define PACKAGE_NAME "OTF"
| #define PACKAGE_TARNAME "otf"
| #define PACKAGE_VERSION "1.3.12"
| #define PACKAGE_STRING "OTF 1.3.12"
| #define PACKAGE_BUGREPORT "andreas.knuepfer@tu-dresden.de "
| #define PACKAGE "OTF"
| #define VERSION "1.3.12"
| /* end confdefs.h.  */
| #include <ac_nonexistent.h>
configure:7132: checking for ANSI C header files
configure:7162: gcc -c -g -finline-functions -fno-strict-aliasing -pthread -fvisibility=hidden   conftest.c >&5
configure:7168: $? = 0
configure:7267: gcc -o conftest -g -finline-functions -fno-strict-aliasing -pthread -fvisibility=hidden     conftest.c -lnsl -lutil  -lm  >&5
configure:7270: $? = 0
configure:7276: ./conftest
configure:7279: $? = 0
configure:7296: result: yes
configure:7320: checking for sys/types.h
configure:7341: gcc -c -g -finline-functions -fno-strict-aliasing -pthread -fvisibility=hidden   conftest.c >&5
configure:7347: $? = 0
configure:7363: result: yes
configure:7320: checking for sys/stat.h
configure:7341: gcc -c -g -finline-functions -fno-strict-aliasing -pthread -fvisibility=hidden   conftest.c >&5
configure:7347: $? = 0
configure:7363: result: yes
configure:7320: checking for stdlib.h
configure:7341: gcc -c -g -finline-functions -fno-strict-aliasing -pthread -fvisibility=hidden   conftest.c >&5
configure:7347: $? = 0
configure:7363: result: yes
configure:7320: checking for string.h
configure:7341: gcc -c -g -finline-functions -fno-strict-aliasing -pthread -fvisibility=hidden   conftest.c >&5
configure:7347: $? = 0
configure:7363: result: yes
configure:7320: checking for memory.h
configure:7341: gcc -c -g -finline-functions -fno-strict-aliasing -pthread -fvisibility=hidden   conftest.c >&5
configure:7347: $? = 0
configure:7363: result: yes
configure:7320: checking for strings.h
configure:7341: gcc -c -g -finline-functions -fno-strict-aliasing -pthread -fvisibility=hidden   conftest.c >&5
configure:7347: $? = 0
configure:7363: result: yes
configure:7320: checking for inttypes.h
configure:7341: gcc -c -g -finline-functions -fno-strict-aliasing -pthread -fvisibility=hidden   conftest.c >&5
configure:7347: $? = 0
configure:7363: result: yes
configure:7320: checking for stdint.h
configure:7341: gcc -c -g -finline-functions -fno-strict-aliasing -pthread -fvisibility=hidden   conftest.c >&5
configure:7347: $? = 0
configure:7363: result: yes
configure:7320: checking for unistd.h
configure:7341: gcc -c -g -finline-functions -fno-strict-aliasing -pthread -fvisibility=hidden   conftest.c >&5
configure:7347: $? = 0
configure:7363: result: yes
configure:7379: checking for dlfcn.h
configure:7400: gcc -c -g -finline-functions -fno-strict-aliasing -pthread -fvisibility=hidden   conftest.c >&5
configure:7406: $? = 0
configure:7422: result: yes
configure:7551: checking for C++ compiler version
configure:7558: g++ --version >&5
g++ (Debian 4.4.5-8) 4.4.5
Copyright (C) 2010 Free Software Foundation, Inc.
This is free software; see the source for copying conditions.  There is NO
warranty; not even for MERCHANTABILITY or FITNESS FOR A PARTICULAR PURPOSE.

configure:7561: $? = 0
configure:7568: g++ -v >&5
Using built-in specs.
Target: i486-linux-gnu
Configured with: ../src/configure -v --with-pkgversion='Debian 4.4.5-8' --with-bugurl=file:///usr/share/doc/gcc-4.4/README.Bugs --enable-languages=c,c++,fortran,objc,obj-c++ --prefix=/usr --program-suffix=-4.4 --enable-shared --enable-multiarch --enable-linker-build-id --with-system-zlib --libexecdir=/usr/lib --without-included-gettext --enable-threads=posix --with-gxx-include-dir=/usr/include/c++/4.4 --libdir=/usr/lib --enable-nls --enable-clocale=gnu --enable-libstdcxx-debug --enable-objc-gc --enable-targets=all --with-arch-32=i586 --with-tune=generic --enable-checking=release --build=i486-linux-gnu --host=i486-linux-gnu --target=i486-linux-gnu
Thread model: posix
gcc version 4.4.5 (Debian 4.4.5-8) 
configure:7571: $? = 0
configure:7578: g++ -V >&5
g++: '-V' option must have argument
configure:7581: $? = 1
configure:7584: checking whether we are using the GNU C++ compiler
configure:7636: result: yes
configure:7641: checking whether g++ accepts -g
configure:7776: result: yes
configure:7801: checking dependency style of g++
configure:7892: result: gcc3
configure:7915: checking how to run the C++ preprocessor
configure:7951: g++ -E   conftest.cpp
configure:7957: $? = 0
configure:7988: g++ -E   conftest.cpp
conftest.cpp:21:28: error: ac_nonexistent.h: No such file or directory
configure:7994: $? = 1
configure: failed program was:
| /* confdefs.h.  */
| #define PACKAGE_NAME "OTF"
| #define PACKAGE_TARNAME "otf"
| #define PACKAGE_VERSION "1.3.12"
| #define PACKAGE_STRING "OTF 1.3.12"
| #define PACKAGE_BUGREPORT "andreas.knuepfer@tu-dresden.de "
| #define PACKAGE "OTF"
| #define VERSION "1.3.12"
| #define STDC_HEADERS 1
| #define HAVE_SYS_TYPES_H 1
| #define HAVE_SYS_STAT_H 1
| #define HAVE_STDLIB_H 1
| #define HAVE_STRING_H 1
| #define HAVE_MEMORY_H 1
| #define HAVE_STRINGS_H 1
| #define HAVE_INTTYPES_H 1
| #define HAVE_STDINT_H 1
| #define HAVE_UNISTD_H 1
| #define HAVE_DLFCN_H 1
| /* end confdefs.h.  */
| #include <ac_nonexistent.h>
configure:8027: result: g++ -E
configure:8056: g++ -E   conftest.cpp
configure:8062: $? = 0
configure:8093: g++ -E   conftest.cpp
conftest.cpp:21:28: error: ac_nonexistent.h: No such file or directory
configure:8099: $? = 1
configure: failed program was:
| /* confdefs.h.  */
| #define PACKAGE_NAME "OTF"
| #define PACKAGE_TARNAME "otf"
| #define PACKAGE_VERSION "1.3.12"
| #define PACKAGE_STRING "OTF 1.3.12"
| #define PACKAGE_BUGREPORT "andreas.knuepfer@tu-dresden.de "
| #define PACKAGE "OTF"
| #define VERSION "1.3.12"
| #define STDC_HEADERS 1
| #define HAVE_SYS_TYPES_H 1
| #define HAVE_SYS_STAT_H 1
| #define HAVE_STDLIB_H 1
| #define HAVE_STRING_H 1
| #define HAVE_MEMORY_H 1
| #define HAVE_STRINGS_H 1
| #define HAVE_INTTYPES_H 1
| #define HAVE_STDINT_H 1
| #define HAVE_UNISTD_H 1
| #define HAVE_DLFCN_H 1
| /* end confdefs.h.  */
| #include <ac_nonexistent.h>
configure:8281: checking for objdir
configure:8296: result: .libs
configure:8588: checking if gcc supports -fno-rtti -fno-exceptions
configure:8606: gcc -c -g -finline-functions -fno-strict-aliasing -pthread -fvisibility=hidden   -fno-rtti -fno-exceptions conftest.c >&5
cc1: warning: command line option "-fno-rtti" is valid for C++/ObjC++ but not for C
configure:8610: $? = 0
configure:8623: result: no
configure:8643: checking for gcc option to produce PIC
configure:8915: result: -fPIC -DPIC
configure:8927: checking if gcc PIC flag -fPIC -DPIC works
configure:8945: gcc -c -g -finline-functions -fno-strict-aliasing -pthread -fvisibility=hidden   -fPIC -DPIC -DPIC conftest.c >&5
configure:8949: $? = 0
configure:8962: result: yes
configure:8986: checking if gcc static flag -static works
configure:9014: result: yes
configure:9029: checking if gcc supports -c -o file.o
configure:9050: gcc -c -g -finline-functions -fno-strict-aliasing -pthread -fvisibility=hidden   -o out/conftest2.o conftest.c >&5
configure:9054: $? = 0
configure:9076: result: yes
configure:9084: checking if gcc supports -c -o file.o
configure:9131: result: yes
configure:9164: checking whether the gcc linker (/usr/bin/ld) supports shared libraries
configure:10231: result: yes
configure:10470: checking dynamic linker characteristics
configure:10913: gcc -o conftest -g -finline-functions -fno-strict-aliasing -pthread -fvisibility=hidden     -Wl,-rpath -Wl,/foo conftest.c -lnsl -lutil  -lm  >&5
configure:10919: $? = 0
configure:11161: result: GNU/Linux ld.so
configure:11263: checking how to hardcode library paths into programs
configure:11288: result: immediate
configure:12093: checking whether stripping libraries is possible
configure:12098: result: yes
configure:12133: checking if libtool supports shared libraries
configure:12135: result: yes
configure:12138: checking whether to build shared libraries
configure:12159: result: no
configure:12162: checking whether to build static libraries
configure:12166: result: yes
configure:12316: checking for ld used by g++
configure:12383: result: /usr/bin/ld
configure:12392: checking if the linker (/usr/bin/ld) is GNU ld
configure:12407: result: yes
configure:12462: checking whether the g++ linker (/usr/bin/ld) supports shared libraries
configure:13429: result: yes
configure:13457: g++ -c -g -finline-functions -pthread   conftest.cpp >&5
configure:13460: $? = 0
configure:13642: checking for g++ option to produce PIC
configure:13959: result: -fPIC -DPIC
configure:13968: checking if g++ PIC flag -fPIC -DPIC works
configure:13986: g++ -c -g -finline-functions -pthread   -fPIC -DPIC -DPIC conftest.cpp >&5
configure:13990: $? = 0
configure:14003: result: yes
configure:14024: checking if g++ static flag -static works
configure:14052: result: yes
configure:14064: checking if g++ supports -c -o file.o
configure:14085: g++ -c -g -finline-functions -pthread   -o out/conftest2.o conftest.cpp >&5
configure:14089: $? = 0
configure:14111: result: yes
configure:14116: checking if g++ supports -c -o file.o
configure:14163: result: yes
configure:14193: checking whether the g++ linker (/usr/bin/ld) supports shared libraries
configure:14222: result: yes
configure:14359: checking dynamic linker characteristics
configure:14750: g++ -o conftest -g -finline-functions -pthread     -Wl,-rpath -Wl,/foo conftest.cpp -lnsl -lutil  -lm  >&5
configure:14756: $? = 0
configure:14998: result: GNU/Linux ld.so
configure:15049: checking how to hardcode library paths into programs
configure:15074: result: immediate
configure:15216: checking vtf3.h usability
configure:15233: gcc -c -g -finline-functions -fno-strict-aliasing -pthread -fvisibility=hidden   conftest.c >&5
conftest.c:55:18: error: vtf3.h: No such file or directory
configure:15239: $? = 1
configure: failed program was:
| /* confdefs.h.  */
| #define PACKAGE_NAME "OTF"
| #define PACKAGE_TARNAME "otf"
| #define PACKAGE_VERSION "1.3.12"
| #define PACKAGE_STRING "OTF 1.3.12"
| #define PACKAGE_BUGREPORT "andreas.knuepfer@tu-dresden.de "
| #define PACKAGE "OTF"
| #define VERSION "1.3.12"
| #define STDC_HEADERS 1
| #define HAVE_SYS_TYPES_H 1
| #define HAVE_SYS_STAT_H 1
| #define HAVE_STDLIB_H 1
| #define HAVE_STRING_H 1
| #define HAVE_MEMORY_H 1
| #define HAVE_STRINGS_H 1
| #define HAVE_INTTYPES_H 1
| #define HAVE_STDINT_H 1
| #define HAVE_UNISTD_H 1
| #define HAVE_DLFCN_H 1
| #define LT_OBJDIR ".libs/"
| /* end confdefs.h.  */
| #include <stdio.h>
| #ifdef HAVE_SYS_TYPES_H
| # include <sys/types.h>
| #endif
| #ifdef HAVE_SYS_STAT_H
| # include <sys/stat.h>
| #endif
| #ifdef STDC_HEADERS
| # include <stdlib.h>
| # include <stddef.h>
| #else
| # ifdef HAVE_STDLIB_H
| #  include <stdlib.h>
| # endif
| #endif
| #ifdef HAVE_STRING_H
| # if !defined STDC_HEADERS && defined HAVE_MEMORY_H
| #  include <memory.h>
| # endif
| # include <string.h>
| #endif
| #ifdef HAVE_STRINGS_H
| # include <strings.h>
| #endif
| #ifdef HAVE_INTTYPES_H
| # include <inttypes.h>
| #endif
| #ifdef HAVE_STDINT_H
| # include <stdint.h>
| #endif
| #ifdef HAVE_UNISTD_H
| # include <unistd.h>
| #endif
| #include <vtf3.h>
configure:15253: result: no
configure:15257: checking vtf3.h presence
configure:15272: gcc -E   conftest.c
conftest.c:22:18: error: vtf3.h: No such file or directory
configure:15278: $? = 1
configure: failed program was:
| /* confdefs.h.  */
| #define PACKAGE_NAME "OTF"
| #define PACKAGE_TARNAME "otf"
| #define PACKAGE_VERSION "1.3.12"
| #define PACKAGE_STRING "OTF 1.3.12"
| #define PACKAGE_BUGREPORT "andreas.knuepfer@tu-dresden.de "
| #define PACKAGE "OTF"
| #define VERSION "1.3.12"
| #define STDC_HEADERS 1
| #define HAVE_SYS_TYPES_H 1
| #define HAVE_SYS_STAT_H 1
| #define HAVE_STDLIB_H 1
| #define HAVE_STRING_H 1
| #define HAVE_MEMORY_H 1
| #define HAVE_STRINGS_H 1
| #define HAVE_INTTYPES_H 1
| #define HAVE_STDINT_H 1
| #define HAVE_UNISTD_H 1
| #define HAVE_DLFCN_H 1
| #define LT_OBJDIR ".libs/"
| /* end confdefs.h.  */
| #include <vtf3.h>
configure:15292: result: no
configure:15325: checking for vtf3.h
configure:15332: result: no
configure:15340: error: no vtf3.h found; check path for VTF3 package first...
configure:15512: checking zlib.h usability
configure:15529: gcc -c -g -finline-functions -fno-strict-aliasing -pthread -fvisibility=hidden   conftest.c >&5
configure:15535: $? = 0
configure:15549: result: yes
configure:15553: checking zlib.h presence
configure:15568: gcc -E   conftest.c
configure:15574: $? = 0
configure:15588: result: yes
configure:15621: checking for zlib.h
configure:15628: result: yes
configure:15795: checking for ANSI C header files
configure:15959: result: yes
configure:15988: checking stddef.h usability
configure:16005: gcc -c -g -finline-functions -fno-strict-aliasing -pthread -fvisibility=hidden   conftest.c >&5
configure:16011: $? = 0
configure:16025: result: yes
configure:16029: checking stddef.h presence
configure:16044: gcc -E   conftest.c
configure:16050: $? = 0
configure:16064: result: yes
configure:16097: checking for stddef.h
configure:16105: result: yes
configure:15978: checking for stdlib.h
configure:15984: result: yes
configure:15978: checking for string.h
configure:15984: result: yes
configure:15988: checking sys/time.h usability
configure:16005: gcc -c -g -finline-functions -fno-strict-aliasing -pthread -fvisibility=hidden   conftest.c >&5
configure:16011: $? = 0
configure:16025: result: yes
configure:16029: checking sys/time.h presence
configure:16044: gcc -E   conftest.c
configure:16050: $? = 0
configure:16064: result: yes
configure:16097: checking for sys/time.h
configure:16105: result: yes
configure:15978: checking for unistd.h
configure:15984: result: yes
configure:16119: checking for stdint.h
configure:16124: result: yes
configure:16256: checking for inttypes.h
configure:16261: result: yes
configure:16396: checking whether va_copy is declared
configure:16426: gcc -c -g -finline-functions -fno-strict-aliasing -pthread -fvisibility=hidden   conftest.c >&5
configure:16432: $? = 0
configure:16447: result: yes
configure:16457: checking whether __va_copy is declared
configure:16487: gcc -c -g -finline-functions -fno-strict-aliasing -pthread -fvisibility=hidden   conftest.c >&5
configure:16493: $? = 0
configure:16508: result: yes
configure:16528: checking for asprintf
configure:16584: gcc -o conftest -g -finline-functions -fno-strict-aliasing -pthread -fvisibility=hidden     conftest.c -lnsl -lutil  -lm  >&5
configure:16590: $? = 0
configure:16608: result: yes
configure:16528: checking for snprintf
configure:16584: gcc -o conftest -g -finline-functions -fno-strict-aliasing -pthread -fvisibility=hidden     conftest.c -lnsl -lutil  -lm  >&5
conftest.c:55: warning: conflicting types for built-in function 'snprintf'
configure:16590: $? = 0
configure:16608: result: yes
configure:16528: checking for vasprintf
configure:16584: gcc -o conftest -g -finline-functions -fno-strict-aliasing -pthread -fvisibility=hidden     conftest.c -lnsl -lutil  -lm  >&5
configure:16590: $? = 0
configure:16608: result: yes
configure:16528: checking for vsnprintf
configure:16584: gcc -o conftest -g -finline-functions -fno-strict-aliasing -pthread -fvisibility=hidden     conftest.c -lnsl -lutil  -lm  >&5
conftest.c:57: warning: conflicting types for built-in function 'vsnprintf'
configure:16590: $? = 0
configure:16608: result: yes
configure:16528: checking for strdup
configure:16584: gcc -o conftest -g -finline-functions -fno-strict-aliasing -pthread -fvisibility=hidden     conftest.c -lnsl -lutil  -lm  >&5
conftest.c:58: warning: conflicting types for built-in function 'strdup'
configure:16590: $? = 0
configure:16608: result: yes
configure:16528: checking for fseeko
configure:16584: gcc -o conftest -g -finline-functions -fno-strict-aliasing -pthread -fvisibility=hidden     conftest.c -lnsl -lutil  -lm  >&5
configure:16590: $? = 0
configure:16608: result: yes
configure:16528: checking for ftello
configure:16584: gcc -o conftest -g -finline-functions -fno-strict-aliasing -pthread -fvisibility=hidden     conftest.c -lnsl -lutil  -lm  >&5
configure:16590: $? = 0
configure:16608: result: yes
configure:16623: checking for size_t
configure:16653: gcc -c -g -finline-functions -fno-strict-aliasing -pthread -fvisibility=hidden   conftest.c >&5
configure:16659: $? = 0
configure:16674: result: yes
configure:16696: checking for long
configure:16726: gcc -c -g -finline-functions -fno-strict-aliasing -pthread -fvisibility=hidden   conftest.c >&5
configure:16732: $? = 0
configure:16747: result: yes
configure:16754: checking size of long
configure:17056: gcc -o conftest -g -finline-functions -fno-strict-aliasing -pthread -fvisibility=hidden     conftest.c -lnsl -lutil  -lm  >&5
configure:17059: $? = 0
configure:17065: ./conftest
configure:17068: $? = 0
configure:17091: result: 4
configure:17266: creating ./config.status

## ---------------------- ##
## Running config.status. ##
## ---------------------- ##

This file was extended by OTF config.status 1.3.12, which was
generated by GNU Autoconf 2.61.  Invocation command line was

  CONFIG_FILES    = 
  CONFIG_HEADERS  = 
  CONFIG_LINKS    = 
  CONFIG_COMMANDS = 
  $ ./config.status 

on asterisk

config.status:945: creating Makefile
config.status:945: creating otflib/Makefile
config.status:945: creating otflib/OTF_inttypes_unix.h
config.status:945: creating tools/Makefile
config.status:945: creating tools/otfaux/Makefile
config.status:945: creating tools/otfcompress/Makefile
config.status:945: creating tools/otfconfig/Makefile
config.status:945: creating tools/otfdump/Makefile
config.status:945: creating tools/otfinfo/Makefile
config.status:945: creating tools/otfmerge/Makefile
config.status:945: creating tools/otf2vtf/Makefile
config.status:945: creating tools/vtf2otf/Makefile
config.status:945: creating docu/Makefile
config.status:945: creating config.h
config.status:1156: config.h is unchanged
config.status:1202: executing depfiles commands
config.status:1202: executing libtool commands

## ---------------- ##
## Cache variables. ##
## ---------------- ##

ac_cv_build=i686-pc-linux-gnu
ac_cv_c_compiler_gnu=yes
ac_cv_cxx_compiler_gnu=yes
ac_cv_env_CCC_set=
ac_cv_env_CCC_value=
ac_cv_env_CC_set=
ac_cv_env_CC_value=
ac_cv_env_CFLAGS_set=set
ac_cv_env_CFLAGS_value='-g -finline-functions -fno-strict-aliasing -pthread -fvisibility=hidden'
ac_cv_env_CPPFLAGS_set=set
ac_cv_env_CPPFLAGS_value=' '
ac_cv_env_CPP_set=
ac_cv_env_CPP_value=
ac_cv_env_CXXCPP_set=
ac_cv_env_CXXCPP_value=
ac_cv_env_CXXFLAGS_set=set
ac_cv_env_CXXFLAGS_value='-g -finline-functions -pthread'
ac_cv_env_CXX_set=
ac_cv_env_CXX_value=
ac_cv_env_LDFLAGS_set=set
ac_cv_env_LDFLAGS_value=' '
ac_cv_env_LIBS_set=set
ac_cv_env_LIBS_value='-lnsl -lutil  -lm '
ac_cv_env_build_alias_set=
ac_cv_env_build_alias_value=
ac_cv_env_host_alias_set=
ac_cv_env_host_alias_value=
ac_cv_env_target_alias_set=
ac_cv_env_target_alias_value=
ac_cv_func_asprintf=yes
ac_cv_func_fseeko=yes
ac_cv_func_ftello=yes
ac_cv_func_snprintf=yes
ac_cv_func_strdup=yes
ac_cv_func_vasprintf=yes
ac_cv_func_vsnprintf=yes
ac_cv_have_decl___va_copy=yes
ac_cv_have_decl_va_copy=yes
ac_cv_header_dlfcn_h=yes
ac_cv_header_inttypes_h=yes
ac_cv_header_memory_h=yes
ac_cv_header_stdc=yes
ac_cv_header_stddef_h=yes
ac_cv_header_stdint_h=yes
ac_cv_header_stdlib_h=yes
ac_cv_header_string_h=yes
ac_cv_header_strings_h=yes
ac_cv_header_sys_stat_h=yes
ac_cv_header_sys_time_h=yes
ac_cv_header_sys_types_h=yes
ac_cv_header_unistd_h=yes
ac_cv_header_vtf3_h=no
ac_cv_header_zlib_h=yes
ac_cv_host=i686-pc-linux-gnu
ac_cv_objext=o
ac_cv_path_EGREP='/bin/grep -E'
ac_cv_path_FGREP='/bin/grep -F'
ac_cv_path_GREP=/bin/grep
ac_cv_path_SED=/bin/sed
ac_cv_path_install='/usr/bin/install -c'
ac_cv_path_mkdir=/bin/mkdir
ac_cv_prog_AWK=gawk
ac_cv_prog_CPP='gcc -E'
ac_cv_prog_CXXCPP='g++ -E'
ac_cv_prog_ac_ct_AR=ar
ac_cv_prog_ac_ct_CC=gcc
ac_cv_prog_ac_ct_CXX=g++
ac_cv_prog_ac_ct_OBJDUMP=objdump
ac_cv_prog_ac_ct_RANLIB=ranlib
ac_cv_prog_ac_ct_STRIP=strip
ac_cv_prog_cc_c89=
ac_cv_prog_cc_g=yes
ac_cv_prog_cxx_g=yes
ac_cv_prog_make_make_set=yes
ac_cv_sizeof_long=4
ac_cv_target=i686-pc-linux-gnu
ac_cv_type_long=yes
ac_cv_type_size_t=yes
am_cv_CC_dependencies_compiler_type=gcc3
am_cv_CXX_dependencies_compiler_type=gcc3
lt_cv_deplibs_check_method=pass_all
lt_cv_file_magic_cmd='$MAGIC_CMD'
lt_cv_file_magic_test_file=
lt_cv_ld_reload_flag=-r
lt_cv_nm_interface='BSD nm'
lt_cv_objdir=.libs
lt_cv_path_LD=/usr/bin/ld
lt_cv_path_LDCXX=/usr/bin/ld
lt_cv_path_NM='/usr/bin/nm -B'
lt_cv_prog_compiler_c_o=yes
lt_cv_prog_compiler_c_o_CXX=yes
lt_cv_prog_compiler_pic_works=yes
lt_cv_prog_compiler_pic_works_CXX=yes
lt_cv_prog_compiler_rtti_exceptions=no
lt_cv_prog_compiler_static_works=yes
lt_cv_prog_compiler_static_works_CXX=yes
lt_cv_prog_gnu_ld=yes
lt_cv_prog_gnu_ldcxx=yes
lt_cv_sys_global_symbol_pipe='sed -n -e '\''s/^.*[	 ]\([ABCDGIRSTW][ABCDGIRSTW]*\)[	 ][	 ]*\([_A-Za-z][_A-Za-z0-9]*\)$/\1 \2 \2/p'\'''
lt_cv_sys_global_symbol_to_c_name_address='sed -n -e '\''s/^: \([^ ]*\) $/  {\"\1\", (void *) 0},/p'\'' -e '\''s/^[ABCDGIRSTW]* \([^ ]*\) \([^ ]*\)$/  {"\2", (void *) \&\2},/p'\'''
lt_cv_sys_global_symbol_to_c_name_address_lib_prefix='sed -n -e '\''s/^: \([^ ]*\) $/  {\"\1\", (void *) 0},/p'\'' -e '\''s/^[ABCDGIRSTW]* \([^ ]*\) \(lib[^ ]*\)$/  {"\2", (void *) \&\2},/p'\'' -e '\''s/^[ABCDGIRSTW]* \([^ ]*\) \([^ ]*\)$/  {"lib\2", (void *) \&\2},/p'\'''
lt_cv_sys_global_symbol_to_cdecl='sed -n -e '\''s/^T .* \(.*\)$/extern int \1();/p'\'' -e '\''s/^[ABCDGIRSTW]* .* \(.*\)$/extern char \1;/p'\'''
lt_cv_sys_max_cmd_len=1572864

## ----------------- ##
## Output variables. ##
## ----------------- ##

ACLOCAL='${SHELL} /root/Roberto/UNLP/Especializacion/robertorp/src/openmpi-1.4.2/ompi/contrib/vt/vt/missing --run aclocal-1.10'
AMBUILDBINARIES_FALSE='#'
AMBUILDBINARIES_TRUE=''
AMDEPBACKSLASH='\'
AMDEPZLIB_FALSE=''
AMDEPZLIB_TRUE='#'
AMDEP_FALSE='#'
AMDEP_TRUE=''
AMHAVEVTF3_FALSE=''
AMHAVEVTF3_TRUE='#'
AMHAVEZLIB_FALSE='#'
AMHAVEZLIB_TRUE=''
AMTAR='${SHELL} /root/Roberto/UNLP/Especializacion/robertorp/src/openmpi-1.4.2/ompi/contrib/vt/vt/missing --run tar'
AR='ar'
AUTOCONF='${SHELL} /root/Roberto/UNLP/Especializacion/robertorp/src/openmpi-1.4.2/ompi/contrib/vt/vt/missing --run autoconf'
AUTOHEADER='${SHELL} /root/Roberto/UNLP/Especializacion/robertorp/src/openmpi-1.4.2/ompi/contrib/vt/vt/missing --run autoheader'
AUTOMAKE='${SHELL} /root/Roberto/UNLP/Especializacion/robertorp/src/openmpi-1.4.2/ompi/contrib/vt/vt/missing --run automake-1.10'
AWK='gawk'
CC='gcc'
CCDEPMODE='depmode=gcc3'
CFLAGS='-g -finline-functions -fno-strict-aliasing -pthread -fvisibility=hidden'
CPP='gcc -E'
CPPFLAGS=' '
CXX='g++'
CXXCPP='g++ -E'
CXXDEPMODE='depmode=gcc3'
CXXFLAGS='-g -finline-functions -pthread'
CYGPATH_W='echo'
DEFS='-DHAVE_CONFIG_H'
DEPDIR='.deps'
DSYMUTIL=''
DUMPBIN=''
ECHO_C=''
ECHO_N='-n'
ECHO_T=''
EGREP='/bin/grep -E'
EXEEXT=''
FGREP='/bin/grep -F'
GREP='/bin/grep'
INSTALL_DATA='${INSTALL} -m 644'
INSTALL_PROGRAM='${INSTALL}'
INSTALL_SCRIPT='${INSTALL}'
INSTALL_STRIP_PROGRAM='$(install_sh) -c -s'
LD='/usr/bin/ld'
LDFLAGS=' '
LIBOBJS=''
LIBS='-lnsl -lutil  -lm '
LIBTOOL='$(SHELL) $(top_builddir)/libtool'
LIPO=''
LN_S='ln -s'
LTLIBOBJS=''
MAKEINFO='${SHELL} /root/Roberto/UNLP/Especializacion/robertorp/src/openmpi-1.4.2/ompi/contrib/vt/vt/missing --run makeinfo'
NM='/usr/bin/nm -B'
NMEDIT=''
OBJDUMP='objdump'
OBJEXT='o'
OTOOL64=''
OTOOL=''
PACKAGE='OTF'
PACKAGE_BUGREPORT='andreas.knuepfer@tu-dresden.de '
PACKAGE_NAME='OTF'
PACKAGE_STRING='OTF 1.3.12'
PACKAGE_TARNAME='otf'
PACKAGE_VERSION='1.3.12'
PATH_SEPARATOR=':'
RANLIB='ranlib'
SED='/bin/sed'
SET_MAKE=''
SHELL='/bin/sh'
STRIP='strip'
VERSION='1.3.12'
VTF3_INCLUDE_DIR=''
VTF3_INCLUDE_LINE=''
VTF3_LIB_DIR=''
VTF3_LIB_LINE=''
ZLIB_INCLUDE_DIR=''
ZLIB_INCLUDE_LINE=''
ZLIB_LIB_DIR=''
ZLIB_LIB_LINE='-lz'
ac_ct_CC='gcc'
ac_ct_CXX='g++'
ac_ct_DUMPBIN=''
am__fastdepCC_FALSE='#'
am__fastdepCC_TRUE=''
am__fastdepCXX_FALSE='#'
am__fastdepCXX_TRUE=''
am__include='include'
am__isrc=''
am__leading_dot='.'
am__quote=''
am__tar='${AMTAR} chof - "$$tardir"'
am__untar='${AMTAR} xf -'
bindir='${prefix}/bin'
build='i686-pc-linux-gnu'
build_alias=''
build_cpu='i686'
build_os='linux-gnu'
build_vendor='pc'
datadir='${datarootdir}'
datarootdir='${prefix}/share'
docdir='${prefix}/share/vampirtrace/doc/otf'
dvidir='${docdir}'
exec_prefix='/home/robertorp/packages/openmpi-1.4.2'
have_inttypes_h='1'
have_stdint_h='1'
host='i686-pc-linux-gnu'
host_alias=''
host_cpu='i686'
host_os='linux-gnu'
host_vendor='pc'
htmldir='${docdir}'
includedir='/home/robertorp/packages/openmpi-1.4.2/include/vampirtrace'
infodir='${datarootdir}/info'
install_sh='$(SHELL) /root/Roberto/UNLP/Especializacion/robertorp/src/openmpi-1.4.2/ompi/contrib/vt/vt/install-sh'
libdir='${prefix}/lib'
libexecdir='${exec_prefix}/libexec'
localedir='${datarootdir}/locale'
localstatedir='${prefix}/var'
lt_ECHO='echo'
mandir='${datarootdir}/man'
mkdir_p='/bin/mkdir -p'
oldincludedir='/usr/include'
pdfdir='${docdir}'
prefix='/home/robertorp/packages/openmpi-1.4.2'
program_transform_name='s,x,x,'
psdir='${docdir}'
sbindir='${exec_prefix}/sbin'
sharedstatedir='${prefix}/com'
sizeof_long='4'
sysconfdir='${prefix}/etc'
target='i686-pc-linux-gnu'
target_alias=''
target_cpu='i686'
target_os='linux-gnu'
target_vendor='pc'

## ----------- ##
## confdefs.h. ##
## ----------- ##

#define PACKAGE_NAME "OTF"
#define PACKAGE_TARNAME "otf"
#define PACKAGE_VERSION "1.3.12"
#define PACKAGE_STRING "OTF 1.3.12"
#define PACKAGE_BUGREPORT "andreas.knuepfer@tu-dresden.de "
#define PACKAGE "OTF"
#define VERSION "1.3.12"
#define STDC_HEADERS 1
#define HAVE_SYS_TYPES_H 1
#define HAVE_SYS_STAT_H 1
#define HAVE_STDLIB_H 1
#define HAVE_STRING_H 1
#define HAVE_MEMORY_H 1
#define HAVE_STRINGS_H 1
#define HAVE_INTTYPES_H 1
#define HAVE_STDINT_H 1
#define HAVE_UNISTD_H 1
#define HAVE_DLFCN_H 1
#define LT_OBJDIR ".libs/"
#define HAVE_ZLIB 1
#define STDC_HEADERS 1
#define HAVE_STDDEF_H 1
#define HAVE_STDLIB_H 1
#define HAVE_STRING_H 1
#define HAVE_SYS_TIME_H 1
#define HAVE_UNISTD_H 1
#define HAVE_VA_COPY 1
#define HAVE_UNDERSCORE_VA_COPY 1
#define HAVE_ASPRINTF 1
#define HAVE_SNPRINTF 1
#define HAVE_VASPRINTF 1
#define HAVE_VSNPRINTF 1
#define HAVE_STRDUP 1
#define HAVE_FSEEKO 1
#define HAVE_FTELLO 1
#define SIZEOF_LONG 4

configure: exit 0
