This file contains any messages produced by compilers while
running configure, to aid debugging if configure makes a mistake.

It was created by VampirTrace configure 5.4.12, which was
generated by GNU Autoconf 2.61.  Invocation command line was

  $ ./configure --disable-option-checking --with-openmpi --disable-config-titles --disable-config-summary --prefix=/home/robertorp/packages/openmpi-1.4.2 --enable-orterun-prefix-by-default --enable-mpirun-prefix-by-default --enable-debug --disable-mpi-f77 --disable-mpi-f90 --disable-mpi-cxx --cache-file=/dev/null --srcdir=.

## --------- ##
## Platform. ##
## --------- ##

hostname = asterisk
uname -m = i686
uname -r = 2.6.32-bpo.5-686
uname -s = Linux
uname -v = #1 SMP Sun Sep 19 21:11:32 UTC 2010

/usr/bin/uname -p = unknown
/bin/uname -X     = unknown

/bin/arch              = unknown
/usr/bin/arch -k       = unknown
/usr/convex/getsysinfo = unknown
/usr/bin/hostinfo      = unknown
/bin/machine           = unknown
/usr/bin/oslevel       = unknown
/bin/universe          = unknown

PATH: /usr/local/sbin
PATH: /usr/local/bin
PATH: /usr/sbin
PATH: /usr/bin
PATH: /sbin
PATH: /bin
PATH: /usr/bin/X11
PATH: /usr/local/Adobe/Acrobat/bin
PATH: /usr/local/openmpi/bin
PATH: /root/scripts
PATH: /usr/local/cfpark/bin
PATH: /usr/local/domonyx/bin
PATH: /usr/local/arm/2.95.3/bin


## ----------- ##
## Core tests. ##
## ----------- ##

configure:2217: checking for a BSD-compatible install
configure:2273: result: /usr/bin/install -c
configure:2284: checking whether build environment is sane
configure:2327: result: yes
configure:2355: checking for a thread-safe mkdir -p
configure:2394: result: /bin/mkdir -p
configure:2407: checking for gawk
configure:2423: found /usr/bin/gawk
configure:2434: result: gawk
configure:2445: checking whether make sets $(MAKE)
configure:2466: result: yes
configure:2693: builddir: /root/Roberto/UNLP/Especializacion/robertorp/src/openmpi-1.4.2/ompi/contrib/vt/vt
configure:2695: srcdir: /root/Roberto/UNLP/Especializacion/robertorp/src/openmpi-1.4.2/ompi/contrib/vt/vt
configure:2716: checking build system type
configure:2734: result: i686-pc-linux-gnu
configure:2756: checking host system type
configure:2771: result: i686-pc-linux-gnu
configure:2876: checking for gcc
configure:2892: found /usr/bin/gcc
configure:2903: result: gcc
configure:3141: checking for C compiler version
configure:3148: gcc --version >&5
gcc (Debian 4.4.5-8) 4.4.5
Copyright (C) 2010 Free Software Foundation, Inc.
This is free software; see the source for copying conditions.  There is NO
warranty; not even for MERCHANTABILITY or FITNESS FOR A PARTICULAR PURPOSE.

configure:3151: $? = 0
configure:3158: gcc -v >&5
Using built-in specs.
Target: i486-linux-gnu
Configured with: ../src/configure -v --with-pkgversion='Debian 4.4.5-8' --with-bugurl=file:///usr/share/doc/gcc-4.4/README.Bugs --enable-languages=c,c++,fortran,objc,obj-c++ --prefix=/usr --program-suffix=-4.4 --enable-shared --enable-multiarch --enable-linker-build-id --with-system-zlib --libexecdir=/usr/lib --without-included-gettext --enable-threads=posix --with-gxx-include-dir=/usr/include/c++/4.4 --libdir=/usr/lib --enable-nls --enable-clocale=gnu --enable-libstdcxx-debug --enable-objc-gc --enable-targets=all --with-arch-32=i586 --with-tune=generic --enable-checking=release --build=i486-linux-gnu --host=i486-linux-gnu --target=i486-linux-gnu
Thread model: posix
gcc version 4.4.5 (Debian 4.4.5-8) 
configure:3161: $? = 0
configure:3168: gcc -V >&5
gcc: '-V' option must have argument
configure:3171: $? = 1
configure:3194: checking for C compiler default output file name
configure:3221: gcc -g -finline-functions -fno-strict-aliasing -pthread -fvisibility=hidden     conftest.c -lnsl -lutil  -lm  >&5
configure:3224: $? = 0
configure:3262: result: a.out
configure:3279: checking whether the C compiler works
configure:3289: ./a.out
configure:3292: $? = 0
configure:3309: result: yes
configure:3316: checking whether we are cross compiling
configure:3318: result: no
configure:3321: checking for suffix of executables
configure:3328: gcc -o conftest -g -finline-functions -fno-strict-aliasing -pthread -fvisibility=hidden     conftest.c -lnsl -lutil  -lm  >&5
configure:3331: $? = 0
configure:3355: result: 
configure:3361: checking for suffix of object files
configure:3387: gcc -c -g -finline-functions -fno-strict-aliasing -pthread -fvisibility=hidden   conftest.c >&5
configure:3390: $? = 0
configure:3413: result: o
configure:3417: checking whether we are using the GNU C compiler
configure:3446: gcc -c -g -finline-functions -fno-strict-aliasing -pthread -fvisibility=hidden   conftest.c >&5
configure:3452: $? = 0
configure:3469: result: yes
configure:3474: checking whether gcc accepts -g
configure:3504: gcc -c -g   conftest.c >&5
configure:3510: $? = 0
configure:3609: result: yes
configure:3626: checking for gcc option to accept ISO C89
configure:3700: gcc  -c -g -finline-functions -fno-strict-aliasing -pthread -fvisibility=hidden   conftest.c >&5
configure:3706: $? = 0
configure:3729: result: none needed
configure:3758: checking for style of include used by make
configure:3786: result: GNU
configure:3811: checking dependency style of gcc
configure:3902: result: gcc3
configure:3918: checking whether gcc and cc understand -c and -o together
configure:3953: gcc -c conftest.c -o conftest2.o >&5
configure:3956: $? = 0
configure:3962: gcc -c conftest.c -o conftest2.o >&5
configure:3965: $? = 0
configure:3976: cc -c conftest.c >&5
configure:3979: $? = 0
configure:3987: cc -c conftest.c -o conftest2.o >&5
configure:3990: $? = 0
configure:3996: cc -c conftest.c -o conftest2.o >&5
configure:3999: $? = 0
configure:4017: result: yes
configure:4101: checking for g++
configure:4117: found /usr/bin/g++
configure:4128: result: g++
configure:4159: checking for C++ compiler version
configure:4166: g++ --version >&5
g++ (Debian 4.4.5-8) 4.4.5
Copyright (C) 2010 Free Software Foundation, Inc.
This is free software; see the source for copying conditions.  There is NO
warranty; not even for MERCHANTABILITY or FITNESS FOR A PARTICULAR PURPOSE.

configure:4169: $? = 0
configure:4176: g++ -v >&5
Using built-in specs.
Target: i486-linux-gnu
Configured with: ../src/configure -v --with-pkgversion='Debian 4.4.5-8' --with-bugurl=file:///usr/share/doc/gcc-4.4/README.Bugs --enable-languages=c,c++,fortran,objc,obj-c++ --prefix=/usr --program-suffix=-4.4 --enable-shared --enable-multiarch --enable-linker-build-id --with-system-zlib --libexecdir=/usr/lib --without-included-gettext --enable-threads=posix --with-gxx-include-dir=/usr/include/c++/4.4 --libdir=/usr/lib --enable-nls --enable-clocale=gnu --enable-libstdcxx-debug --enable-objc-gc --enable-targets=all --with-arch-32=i586 --with-tune=generic --enable-checking=release --build=i486-linux-gnu --host=i486-linux-gnu --target=i486-linux-gnu
Thread model: posix
gcc version 4.4.5 (Debian 4.4.5-8) 
configure:4179: $? = 0
configure:4186: g++ -V >&5
g++: '-V' option must have argument
configure:4189: $? = 1
configure:4192: checking whether we are using the GNU C++ compiler
configure:4221: g++ -c -g -finline-functions -pthread   conftest.cpp >&5
configure:4227: $? = 0
configure:4244: result: yes
configure:4249: checking whether g++ accepts -g
configure:4279: g++ -c -g   conftest.cpp >&5
configure:4285: $? = 0
configure:4384: result: yes
configure:4409: checking dependency style of g++
configure:4500: result: gcc3
configure:4520: checking how to run the C preprocessor
configure:4560: gcc -E   conftest.c
configure:4566: $? = 0
configure:4597: gcc -E   conftest.c
conftest.c:10:28: error: ac_nonexistent.h: No such file or directory
configure:4603: $? = 1
configure: failed program was:
| /* confdefs.h.  */
| #define PACKAGE_NAME "VampirTrace"
| #define PACKAGE_TARNAME "vampirtrace"
| #define PACKAGE_VERSION "5.4.12"
| #define PACKAGE_STRING "VampirTrace 5.4.12"
| #define PACKAGE_BUGREPORT "vampirsupport@zih.tu-dresden.de"
| #define PACKAGE "VampirTrace"
| #define VERSION "5.4.12"
| /* end confdefs.h.  */
| #include <ac_nonexistent.h>
configure:4636: result: gcc -E
configure:4665: gcc -E   conftest.c
configure:4671: $? = 0
configure:4702: gcc -E   conftest.c
conftest.c:10:28: error: ac_nonexistent.h: No such file or directory
configure:4708: $? = 1
configure: failed program was:
| /* confdefs.h.  */
| #define PACKAGE_NAME "VampirTrace"
| #define PACKAGE_TARNAME "vampirtrace"
| #define PACKAGE_VERSION "5.4.12"
| #define PACKAGE_STRING "VampirTrace 5.4.12"
| #define PACKAGE_BUGREPORT "vampirsupport@zih.tu-dresden.de"
| #define PACKAGE "VampirTrace"
| #define VERSION "5.4.12"
| /* end confdefs.h.  */
| #include <ac_nonexistent.h>
configure:4750: checking how to run the C++ preprocessor
configure:4786: g++ -E   conftest.cpp
configure:4792: $? = 0
configure:4823: g++ -E   conftest.cpp
conftest.cpp:10:28: error: ac_nonexistent.h: No such file or directory
configure:4829: $? = 1
configure: failed program was:
| /* confdefs.h.  */
| #define PACKAGE_NAME "VampirTrace"
| #define PACKAGE_TARNAME "vampirtrace"
| #define PACKAGE_VERSION "5.4.12"
| #define PACKAGE_STRING "VampirTrace 5.4.12"
| #define PACKAGE_BUGREPORT "vampirsupport@zih.tu-dresden.de"
| #define PACKAGE "VampirTrace"
| #define VERSION "5.4.12"
| /* end confdefs.h.  */
| #include <ac_nonexistent.h>
configure:4862: result: g++ -E
configure:4891: g++ -E   conftest.cpp
configure:4897: $? = 0
configure:4928: g++ -E   conftest.cpp
conftest.cpp:10:28: error: ac_nonexistent.h: No such file or directory
configure:4934: $? = 1
configure: failed program was:
| /* confdefs.h.  */
| #define PACKAGE_NAME "VampirTrace"
| #define PACKAGE_TARNAME "vampirtrace"
| #define PACKAGE_VERSION "5.4.12"
| #define PACKAGE_STRING "VampirTrace 5.4.12"
| #define PACKAGE_BUGREPORT "vampirsupport@zih.tu-dresden.de"
| #define PACKAGE "VampirTrace"
| #define VERSION "5.4.12"
| /* end confdefs.h.  */
| #include <ac_nonexistent.h>
configure:5024: checking for g77
configure:5054: result: no
configure:5024: checking for xlf
configure:5054: result: no
configure:5024: checking for f77
configure:5054: result: no
configure:5024: checking for frt
configure:5054: result: no
configure:5024: checking for pgf77
configure:5054: result: no
configure:5024: checking for cf77
configure:5054: result: no
configure:5024: checking for fort77
configure:5054: result: no
configure:5024: checking for fl32
configure:5054: result: no
configure:5024: checking for af77
configure:5054: result: no
configure:5024: checking for xlf90
configure:5054: result: no
configure:5024: checking for f90
configure:5054: result: no
configure:5024: checking for pgf90
configure:5054: result: no
configure:5024: checking for pghpf
configure:5054: result: no
configure:5024: checking for epcf90
configure:5054: result: no
configure:5024: checking for gfortran
configure:5054: result: no
configure:5024: checking for g95
configure:5054: result: no
configure:5024: checking for xlf95
configure:5054: result: no
configure:5024: checking for f95
configure:5054: result: no
configure:5024: checking for fort
configure:5054: result: no
configure:5024: checking for ifort
configure:5054: result: no
configure:5024: checking for ifc
configure:5054: result: no
configure:5024: checking for efc
configure:5054: result: no
configure:5024: checking for pgfortran
configure:5054: result: no
configure:5024: checking for pgf95
configure:5054: result: no
configure:5024: checking for lf95
configure:5054: result: no
configure:5024: checking for ftn
configure:5054: result: no
configure:5081: checking for Fortran 77 compiler version
configure:5088:  --version >&5
./configure: line 5089: --version: command not found
configure:5091: $? = 127
configure:5098:  -v >&5
./configure: line 5099: -v: command not found
configure:5101: $? = 127
configure:5108:  -V >&5
./configure: line 5109: -V: command not found
configure:5111: $? = 127
configure:5119: checking whether we are using the GNU Fortran 77 compiler
configure:5138:  -c  conftest.F >&5
./configure: line 5139: -c: command not found
configure:5144: $? = 127
configure: failed program was:
|       program main
| #ifndef __GNUC__
|        choke me
| #endif
| 
|       end
configure:5161: result: no
configure:5167: checking whether  accepts -g
configure:5184:  -c -g conftest.f >&5
./configure: line 5185: -c: command not found
configure:5190: $? = 127
configure: failed program was:
|       program main
| 
|       end
configure:5206: result: no
configure:5284: checking for gfortran
configure:5314: result: no
configure:5284: checking for g95
configure:5314: result: no
configure:5284: checking for xlf95
configure:5314: result: no
configure:5284: checking for f95
configure:5314: result: no
configure:5284: checking for fort
configure:5314: result: no
configure:5284: checking for ifort
configure:5314: result: no
configure:5284: checking for ifc
configure:5314: result: no
configure:5284: checking for efc
configure:5314: result: no
configure:5284: checking for pgfortran
configure:5314: result: no
configure:5284: checking for pgf95
configure:5314: result: no
configure:5284: checking for lf95
configure:5314: result: no
configure:5284: checking for ftn
configure:5314: result: no
configure:5284: checking for xlf90
configure:5314: result: no
configure:5284: checking for f90
configure:5314: result: no
configure:5284: checking for pgf90
configure:5314: result: no
configure:5284: checking for pghpf
configure:5314: result: no
configure:5284: checking for epcf90
configure:5314: result: no
configure:5284: checking for g77
configure:5314: result: no
configure:5284: checking for xlf
configure:5314: result: no
configure:5284: checking for f77
configure:5314: result: no
configure:5284: checking for frt
configure:5314: result: no
configure:5284: checking for pgf77
configure:5314: result: no
configure:5284: checking for cf77
configure:5314: result: no
configure:5284: checking for fort77
configure:5314: result: no
configure:5284: checking for fl32
configure:5314: result: no
configure:5284: checking for af77
configure:5314: result: no
configure:5341: checking for Fortran compiler version
configure:5348:  --version >&5
./configure: line 5349: --version: command not found
configure:5351: $? = 127
configure:5358:  -v >&5
./configure: line 5359: -v: command not found
configure:5361: $? = 127
configure:5368:  -V >&5
./configure: line 5369: -V: command not found
configure:5371: $? = 127
configure:5379: checking whether we are using the GNU Fortran compiler
configure:5398:  -c   conftest.F >&5
./configure: line 5399: -c: command not found
configure:5404: $? = 127
configure: failed program was:
|       program main
| #ifndef __GNUC__
|        choke me
| #endif
| 
|       end
configure:5421: result: no
configure:5427: checking whether  accepts -g
configure:5444:  -c -g  conftest.f >&5
./configure: line 5445: -c: command not found
configure:5450: $? = 127
configure: failed program was:
|       program main
| 
|       end
configure:5466: result: no
configure:6244: checking for ar
configure:6260: found /usr/bin/ar
configure:6271: result: ar
configure:6326: checking for ranlib
configure:6342: found /usr/bin/ranlib
configure:6353: result: ranlib
configure:6388: checking dependency style of gcc
configure:6479: result: gcc3
configure:6504: checking for grep that handles long lines and -e
configure:6578: result: /bin/grep
configure:6583: checking for egrep
configure:6661: result: /bin/grep -E
configure:6666: checking for ANSI C header files
configure:6696: gcc -c -g -finline-functions -fno-strict-aliasing -pthread -fvisibility=hidden   conftest.c >&5
configure:6702: $? = 0
configure:6801: gcc -o conftest -g -finline-functions -fno-strict-aliasing -pthread -fvisibility=hidden     conftest.c -lnsl -lutil  -lm  >&5
configure:6804: $? = 0
configure:6810: ./conftest
configure:6813: $? = 0
configure:6830: result: yes
configure:6854: checking for sys/types.h
configure:6875: gcc -c -g -finline-functions -fno-strict-aliasing -pthread -fvisibility=hidden   conftest.c >&5
configure:6881: $? = 0
configure:6897: result: yes
configure:6854: checking for sys/stat.h
configure:6875: gcc -c -g -finline-functions -fno-strict-aliasing -pthread -fvisibility=hidden   conftest.c >&5
configure:6881: $? = 0
configure:6897: result: yes
configure:6854: checking for stdlib.h
configure:6875: gcc -c -g -finline-functions -fno-strict-aliasing -pthread -fvisibility=hidden   conftest.c >&5
configure:6881: $? = 0
configure:6897: result: yes
configure:6854: checking for string.h
configure:6875: gcc -c -g -finline-functions -fno-strict-aliasing -pthread -fvisibility=hidden   conftest.c >&5
configure:6881: $? = 0
configure:6897: result: yes
configure:6854: checking for memory.h
configure:6875: gcc -c -g -finline-functions -fno-strict-aliasing -pthread -fvisibility=hidden   conftest.c >&5
configure:6881: $? = 0
configure:6897: result: yes
configure:6854: checking for strings.h
configure:6875: gcc -c -g -finline-functions -fno-strict-aliasing -pthread -fvisibility=hidden   conftest.c >&5
configure:6881: $? = 0
configure:6897: result: yes
configure:6854: checking for inttypes.h
configure:6875: gcc -c -g -finline-functions -fno-strict-aliasing -pthread -fvisibility=hidden   conftest.c >&5
configure:6881: $? = 0
configure:6897: result: yes
configure:6854: checking for stdint.h
configure:6875: gcc -c -g -finline-functions -fno-strict-aliasing -pthread -fvisibility=hidden   conftest.c >&5
configure:6881: $? = 0
configure:6897: result: yes
configure:6854: checking for unistd.h
configure:6875: gcc -c -g -finline-functions -fno-strict-aliasing -pthread -fvisibility=hidden   conftest.c >&5
configure:6881: $? = 0
configure:6897: result: yes
configure:6917: checking for stdint.h
configure:6923: result: yes
configure:6917: checking for inttypes.h
configure:6923: result: yes
configure:6927: checking fnmatch.h usability
configure:6944: gcc -c -g -finline-functions -fno-strict-aliasing -pthread -fvisibility=hidden   conftest.c >&5
configure:6950: $? = 0
configure:6964: result: yes
configure:6968: checking fnmatch.h presence
configure:6983: gcc -E   conftest.c
configure:6989: $? = 0
configure:7003: result: yes
configure:7036: checking for fnmatch.h
configure:7044: result: yes
configure:6927: checking sys/param.h usability
configure:6944: gcc -c -g -finline-functions -fno-strict-aliasing -pthread -fvisibility=hidden   conftest.c >&5
configure:6950: $? = 0
configure:6964: result: yes
configure:6968: checking sys/param.h presence
configure:6983: gcc -E   conftest.c
configure:6989: $? = 0
configure:7003: result: yes
configure:7036: checking for sys/param.h
configure:7044: result: yes
configure:7059: checking for size_t
configure:7089: gcc -c -g -finline-functions -fno-strict-aliasing -pthread -fvisibility=hidden   conftest.c >&5
configure:7095: $? = 0
configure:7110: result: yes
configure:7122: checking for void*
configure:7152: gcc -c -g -finline-functions -fno-strict-aliasing -pthread -fvisibility=hidden   conftest.c >&5
configure:7158: $? = 0
configure:7173: result: yes
configure:7180: checking size of void*
configure:7482: gcc -o conftest -g -finline-functions -fno-strict-aliasing -pthread -fvisibility=hidden     conftest.c -lnsl -lutil  -lm  >&5
configure:7485: $? = 0
configure:7491: ./conftest
configure:7494: $? = 0
configure:7517: result: 4
configure:7527: checking for int
configure:7557: gcc -c -g -finline-functions -fno-strict-aliasing -pthread -fvisibility=hidden   conftest.c >&5
configure:7563: $? = 0
configure:7578: result: yes
configure:7585: checking size of int
configure:7887: gcc -o conftest -g -finline-functions -fno-strict-aliasing -pthread -fvisibility=hidden     conftest.c -lnsl -lutil  -lm  >&5
configure:7890: $? = 0
configure:7896: ./conftest
configure:7899: $? = 0
configure:7922: result: 4
configure:7932: checking for long
configure:7962: gcc -c -g -finline-functions -fno-strict-aliasing -pthread -fvisibility=hidden   conftest.c >&5
configure:7968: $? = 0
configure:7983: result: yes
configure:7990: checking size of long
configure:8292: gcc -o conftest -g -finline-functions -fno-strict-aliasing -pthread -fvisibility=hidden     conftest.c -lnsl -lutil  -lm  >&5
configure:8295: $? = 0
configure:8301: ./conftest
configure:8304: $? = 0
configure:8327: result: 4
configure:8337: checking for mode_t
configure:8367: gcc -c -g -finline-functions -fno-strict-aliasing -pthread -fvisibility=hidden   conftest.c >&5
configure:8373: $? = 0
configure:8388: result: yes
configure:8395: checking size of mode_t
configure:8697: gcc -o conftest -g -finline-functions -fno-strict-aliasing -pthread -fvisibility=hidden     conftest.c -lnsl -lutil  -lm  >&5
configure:8700: $? = 0
configure:8706: ./conftest
configure:8709: $? = 0
configure:8732: result: 4
configure:8747: checking whether va_copy is declared
configure:8777: gcc -c -g -finline-functions -fno-strict-aliasing -pthread -fvisibility=hidden   conftest.c >&5
configure:8783: $? = 0
configure:8798: result: yes
configure:8808: checking whether __va_copy is declared
configure:8838: gcc -c -g -finline-functions -fno-strict-aliasing -pthread -fvisibility=hidden   conftest.c >&5
configure:8844: $? = 0
configure:8859: result: yes
configure:8877: checking for asprintf
configure:8933: gcc -o conftest -g -finline-functions -fno-strict-aliasing -pthread -fvisibility=hidden     conftest.c -lnsl -lutil  -lm  >&5
configure:8939: $? = 0
configure:8957: result: yes
configure:8877: checking for snprintf
configure:8933: gcc -o conftest -g -finline-functions -fno-strict-aliasing -pthread -fvisibility=hidden     conftest.c -lnsl -lutil  -lm  >&5
conftest.c:54: warning: conflicting types for built-in function 'snprintf'
configure:8939: $? = 0
configure:8957: result: yes
configure:8877: checking for vasprintf
configure:8933: gcc -o conftest -g -finline-functions -fno-strict-aliasing -pthread -fvisibility=hidden     conftest.c -lnsl -lutil  -lm  >&5
configure:8939: $? = 0
configure:8957: result: yes
configure:8877: checking for vsnprintf
configure:8933: gcc -o conftest -g -finline-functions -fno-strict-aliasing -pthread -fvisibility=hidden     conftest.c -lnsl -lutil  -lm  >&5
conftest.c:56: warning: conflicting types for built-in function 'vsnprintf'
configure:8939: $? = 0
configure:8957: result: yes
configure:8877: checking for strdup
configure:8933: gcc -o conftest -g -finline-functions -fno-strict-aliasing -pthread -fvisibility=hidden     conftest.c -lnsl -lutil  -lm  >&5
conftest.c:57: warning: conflicting types for built-in function 'strdup'
configure:8939: $? = 0
configure:8957: result: yes
configure:8999: checking for a sed that does not truncate output
configure:9078: result: /bin/sed
configure:9096: checking for fgrep
configure:9174: result: /bin/grep -F
configure:9209: checking for ld used by gcc
configure:9276: result: /usr/bin/ld
configure:9285: checking if the linker (/usr/bin/ld) is GNU ld
configure:9300: result: yes
configure:9312: checking for BSD- or MS-compatible name lister (nm)
configure:9361: result: /usr/bin/nm -B
configure:9483: checking the name lister (/usr/bin/nm -B) interface
configure:9490: gcc -c -g -finline-functions -fno-strict-aliasing -pthread -fvisibility=hidden   conftest.c >&5
configure:9493: /usr/bin/nm -B "conftest.o"
configure:9496: output
00000000 B some_variable
configure:9503: result: BSD nm
configure:9506: checking whether ln -s works
configure:9510: result: yes
configure:9518: checking the maximum length of command line arguments
configure:9638: result: 1572864
configure:9655: checking whether the shell understands some XSI constructs
configure:9665: result: yes
configure:9669: checking whether the shell understands "+="
configure:9675: result: yes
configure:9710: checking for /usr/bin/ld option to reload object files
configure:9717: result: -r
configure:9786: checking for objdump
configure:9802: found /usr/bin/objdump
configure:9813: result: objdump
configure:9849: checking how to recognize dependent libraries
configure:10045: result: pass_all
configure:10214: checking for strip
configure:10230: found /usr/bin/strip
configure:10241: result: strip
configure:10317: checking for ranlib
configure:10344: result: ranlib
configure:10438: checking command to parse /usr/bin/nm -B output from gcc object
configure:10556: gcc -c -g -finline-functions -fno-strict-aliasing -pthread -fvisibility=hidden   conftest.c >&5
configure:10559: $? = 0
configure:10563: /usr/bin/nm -B conftest.o \| sed -n -e 's/^.*[	 ]\([ABCDGIRSTW][ABCDGIRSTW]*\)[	 ][	 ]*\([_A-Za-z][_A-Za-z0-9]*\)$/\1 \2 \2/p' \> conftest.nm
configure:10566: $? = 0
configure:10620: gcc -o conftest -g -finline-functions -fno-strict-aliasing -pthread -fvisibility=hidden     conftest.c conftstm.o >&5
configure:10623: $? = 0
configure:10661: result: ok
configure:11538: checking for dlfcn.h
configure:11559: gcc -c -g -finline-functions -fno-strict-aliasing -pthread -fvisibility=hidden   conftest.c >&5
configure:11565: $? = 0
configure:11581: result: yes
configure:11710: checking for C++ compiler version
configure:11717: g++ --version >&5
g++ (Debian 4.4.5-8) 4.4.5
Copyright (C) 2010 Free Software Foundation, Inc.
This is free software; see the source for copying conditions.  There is NO
warranty; not even for MERCHANTABILITY or FITNESS FOR A PARTICULAR PURPOSE.

configure:11720: $? = 0
configure:11727: g++ -v >&5
Using built-in specs.
Target: i486-linux-gnu
Configured with: ../src/configure -v --with-pkgversion='Debian 4.4.5-8' --with-bugurl=file:///usr/share/doc/gcc-4.4/README.Bugs --enable-languages=c,c++,fortran,objc,obj-c++ --prefix=/usr --program-suffix=-4.4 --enable-shared --enable-multiarch --enable-linker-build-id --with-system-zlib --libexecdir=/usr/lib --without-included-gettext --enable-threads=posix --with-gxx-include-dir=/usr/include/c++/4.4 --libdir=/usr/lib --enable-nls --enable-clocale=gnu --enable-libstdcxx-debug --enable-objc-gc --enable-targets=all --with-arch-32=i586 --with-tune=generic --enable-checking=release --build=i486-linux-gnu --host=i486-linux-gnu --target=i486-linux-gnu
Thread model: posix
gcc version 4.4.5 (Debian 4.4.5-8) 
configure:11730: $? = 0
configure:11737: g++ -V >&5
g++: '-V' option must have argument
configure:11740: $? = 1
configure:11743: checking whether we are using the GNU C++ compiler
configure:11795: result: yes
configure:11800: checking whether g++ accepts -g
configure:11935: result: yes
configure:11960: checking dependency style of g++
configure:12051: result: gcc3
configure:12074: checking how to run the C++ preprocessor
configure:12186: result: g++ -E
configure:12215: g++ -E   conftest.cpp
configure:12221: $? = 0
configure:12252: g++ -E   conftest.cpp
conftest.cpp:36:28: error: ac_nonexistent.h: No such file or directory
configure:12258: $? = 1
configure: failed program was:
| /* confdefs.h.  */
| #define PACKAGE_NAME "VampirTrace"
| #define PACKAGE_TARNAME "vampirtrace"
| #define PACKAGE_VERSION "5.4.12"
| #define PACKAGE_STRING "VampirTrace 5.4.12"
| #define PACKAGE_BUGREPORT "vampirsupport@zih.tu-dresden.de"
| #define PACKAGE "VampirTrace"
| #define VERSION "5.4.12"
| #define STDC_HEADERS 1
| #define HAVE_SYS_TYPES_H 1
| #define HAVE_SYS_STAT_H 1
| #define HAVE_STDLIB_H 1
| #define HAVE_STRING_H 1
| #define HAVE_MEMORY_H 1
| #define HAVE_STRINGS_H 1
| #define HAVE_INTTYPES_H 1
| #define HAVE_STDINT_H 1
| #define HAVE_UNISTD_H 1
| #define HAVE_STDINT_H 1
| #define HAVE_INTTYPES_H 1
| #define HAVE_FNMATCH_H 1
| #define HAVE_SYS_PARAM_H 1
| #define SIZEOF_VOIDP 4
| #define SIZEOF_INT 4
| #define SIZEOF_LONG 4
| #define SIZEOF_MODE_T 4
| #define HAVE_VA_COPY 1
| #define HAVE_UNDERSCORE_VA_COPY 1
| #define HAVE_ASPRINTF 1
| #define HAVE_SNPRINTF 1
| #define HAVE_VASPRINTF 1
| #define HAVE_VSNPRINTF 1
| #define HAVE_STRDUP 1
| #define HAVE_DLFCN_H 1
| /* end confdefs.h.  */
| #include <ac_nonexistent.h>
configure:12351: checking for g77
configure:12381: result: no
configure:12351: checking for xlf
configure:12381: result: no
configure:12351: checking for f77
configure:12381: result: no
configure:12351: checking for frt
configure:12381: result: no
configure:12351: checking for pgf77
configure:12381: result: no
configure:12351: checking for cf77
configure:12381: result: no
configure:12351: checking for fort77
configure:12381: result: no
configure:12351: checking for fl32
configure:12381: result: no
configure:12351: checking for af77
configure:12381: result: no
configure:12351: checking for xlf90
configure:12381: result: no
configure:12351: checking for f90
configure:12381: result: no
configure:12351: checking for pgf90
configure:12381: result: no
configure:12351: checking for pghpf
configure:12381: result: no
configure:12351: checking for epcf90
configure:12381: result: no
configure:12351: checking for gfortran
configure:12381: result: no
configure:12351: checking for g95
configure:12381: result: no
configure:12351: checking for xlf95
configure:12381: result: no
configure:12351: checking for f95
configure:12381: result: no
configure:12351: checking for fort
configure:12381: result: no
configure:12351: checking for ifort
configure:12381: result: no
configure:12351: checking for ifc
configure:12381: result: no
configure:12351: checking for efc
configure:12381: result: no
configure:12351: checking for pgfortran
configure:12381: result: no
configure:12351: checking for pgf95
configure:12381: result: no
configure:12351: checking for lf95
configure:12381: result: no
configure:12351: checking for ftn
configure:12381: result: no
configure:12408: checking for Fortran 77 compiler version
configure:12415:  --version >&5
./configure: line 12416: --version: command not found
configure:12418: $? = 127
configure:12425:  -v >&5
./configure: line 12426: -v: command not found
configure:12428: $? = 127
configure:12435:  -V >&5
./configure: line 12436: -V: command not found
configure:12438: $? = 127
configure:12446: checking whether we are using the GNU Fortran 77 compiler
configure:12488: result: no
configure:12494: checking whether  accepts -g
configure:12533: result: no
configure:12619: checking for gfortran
configure:12649: result: no
configure:12619: checking for g95
configure:12649: result: no
configure:12619: checking for xlf95
configure:12649: result: no
configure:12619: checking for f95
configure:12649: result: no
configure:12619: checking for fort
configure:12649: result: no
configure:12619: checking for ifort
configure:12649: result: no
configure:12619: checking for ifc
configure:12649: result: no
configure:12619: checking for efc
configure:12649: result: no
configure:12619: checking for pgfortran
configure:12649: result: no
configure:12619: checking for pgf95
configure:12649: result: no
configure:12619: checking for lf95
configure:12649: result: no
configure:12619: checking for ftn
configure:12649: result: no
configure:12619: checking for xlf90
configure:12649: result: no
configure:12619: checking for f90
configure:12649: result: no
configure:12619: checking for pgf90
configure:12649: result: no
configure:12619: checking for pghpf
configure:12649: result: no
configure:12619: checking for epcf90
configure:12649: result: no
configure:12619: checking for g77
configure:12649: result: no
configure:12619: checking for xlf
configure:12649: result: no
configure:12619: checking for f77
configure:12649: result: no
configure:12619: checking for frt
configure:12649: result: no
configure:12619: checking for pgf77
configure:12649: result: no
configure:12619: checking for cf77
configure:12649: result: no
configure:12619: checking for fort77
configure:12649: result: no
configure:12619: checking for fl32
configure:12649: result: no
configure:12619: checking for af77
configure:12649: result: no
configure:12676: checking for Fortran compiler version
configure:12683:  --version >&5
./configure: line 12684: --version: command not found
configure:12686: $? = 127
configure:12693:  -v >&5
./configure: line 12694: -v: command not found
configure:12696: $? = 127
configure:12703:  -V >&5
./configure: line 12704: -V: command not found
configure:12706: $? = 127
configure:12714: checking whether we are using the GNU Fortran compiler
configure:12756: result: no
configure:12762: checking whether  accepts -g
configure:12801: result: no
configure:13004: checking for objdir
configure:13019: result: .libs
configure:13311: checking if gcc supports -fno-rtti -fno-exceptions
configure:13329: gcc -c -g -finline-functions -fno-strict-aliasing -pthread -fvisibility=hidden   -fno-rtti -fno-exceptions conftest.c >&5
cc1: warning: command line option "-fno-rtti" is valid for C++/ObjC++ but not for C
configure:13333: $? = 0
configure:13346: result: no
configure:13366: checking for gcc option to produce PIC
configure:13638: result: -fPIC -DPIC
configure:13650: checking if gcc PIC flag -fPIC -DPIC works
configure:13668: gcc -c -g -finline-functions -fno-strict-aliasing -pthread -fvisibility=hidden   -fPIC -DPIC -DPIC conftest.c >&5
configure:13672: $? = 0
configure:13685: result: yes
configure:13709: checking if gcc static flag -static works
configure:13737: result: yes
configure:13752: checking if gcc supports -c -o file.o
configure:13773: gcc -c -g -finline-functions -fno-strict-aliasing -pthread -fvisibility=hidden   -o out/conftest2.o conftest.c >&5
configure:13777: $? = 0
configure:13799: result: yes
configure:13807: checking if gcc supports -c -o file.o
configure:13854: result: yes
configure:13887: checking whether the gcc linker (/usr/bin/ld) supports shared libraries
configure:14954: result: yes
configure:14991: checking whether -lc should be explicitly linked in
configure:14996: gcc -c -g -finline-functions -fno-strict-aliasing -pthread -fvisibility=hidden   conftest.c >&5
configure:14999: $? = 0
configure:15014: gcc -shared conftest.o  -v -Wl,-soname -Wl,conftest -o conftest 2\>\&1 \| /bin/grep  -lc  \>/dev/null 2\>\&1
configure:15017: $? = 0
configure:15029: result: no
configure:15193: checking dynamic linker characteristics
configure:15636: gcc -o conftest -g -finline-functions -fno-strict-aliasing -pthread -fvisibility=hidden     -Wl,-rpath -Wl,/foo conftest.c -lnsl -lutil  -lm  >&5
configure:15642: $? = 0
configure:15884: result: GNU/Linux ld.so
configure:15986: checking how to hardcode library paths into programs
configure:16011: result: immediate
configure:16816: checking whether stripping libraries is possible
configure:16821: result: yes
configure:16856: checking if libtool supports shared libraries
configure:16858: result: yes
configure:16861: checking whether to build shared libraries
configure:16882: result: yes
configure:16885: checking whether to build static libraries
configure:16889: result: yes
configure:17039: checking for ld used by g++
configure:17106: result: /usr/bin/ld
configure:17115: checking if the linker (/usr/bin/ld) is GNU ld
configure:17130: result: yes
configure:17185: checking whether the g++ linker (/usr/bin/ld) supports shared libraries
configure:18152: result: yes
configure:18180: g++ -c -g -finline-functions -pthread   conftest.cpp >&5
configure:18183: $? = 0
configure:18365: checking for g++ option to produce PIC
configure:18682: result: -fPIC -DPIC
configure:18691: checking if g++ PIC flag -fPIC -DPIC works
configure:18709: g++ -c -g -finline-functions -pthread   -fPIC -DPIC -DPIC conftest.cpp >&5
configure:18713: $? = 0
configure:18726: result: yes
configure:18747: checking if g++ static flag -static works
configure:18775: result: yes
configure:18787: checking if g++ supports -c -o file.o
configure:18808: g++ -c -g -finline-functions -pthread   -o out/conftest2.o conftest.cpp >&5
configure:18812: $? = 0
configure:18834: result: yes
configure:18839: checking if g++ supports -c -o file.o
configure:18886: result: yes
configure:18916: checking whether the g++ linker (/usr/bin/ld) supports shared libraries
configure:18945: result: yes
configure:19082: checking dynamic linker characteristics
configure:19473: g++ -o conftest -g -finline-functions -pthread     -Wl,-rpath -Wl,/foo conftest.cpp -lnsl -lutil  -lm  >&5
configure:19479: $? = 0
configure:19721: result: GNU/Linux ld.so
configure:19772: checking how to hardcode library paths into programs
configure:19797: result: immediate
configure:25213: checking zlib.h usability
configure:25230: gcc -c -g -finline-functions -fno-strict-aliasing -pthread -fvisibility=hidden    conftest.c >&5
configure:25236: $? = 0
configure:25250: result: yes
configure:25254: checking zlib.h presence
configure:25269: gcc -E    conftest.c
configure:25275: $? = 0
configure:25289: result: yes
configure:25322: checking for zlib.h
configure:25329: result: yes
configure:25350: checking whether linking with -lz works
configure:25373: gcc -o conftest -g -finline-functions -fno-strict-aliasing -pthread -fvisibility=hidden     conftest.c -lnsl -lutil  -lm   -lz >&5
configure:25379: $? = 0
configure:25385: result: yes
configure:25708: configuring in extlib/otf (/root/Roberto/UNLP/Especializacion/robertorp/src/openmpi-1.4.2/ompi/contrib/vt/vt/extlib/otf)
configure:25789: running /bin/sh ./configure  --with-zlib-lib=-lz --prefix="/home/robertorp/packages/openmpi-1.4.2" --exec-prefix="${prefix}" --bindir="${exec_prefix}/bin" --libdir="${exec_prefix}/lib" --includedir="${prefix}/include/vampirtrace" --docdir="${datarootdir}/doc/otf"  --cache-file="/dev/null" --srcdir="."
configure:25841: checking for platform
configure:25904: result: linux
configure:27089: selected timer: TIMER_CYCLE_COUNTER
configure:27102: checking for BSD- or MS-compatible name lister (nm)
configure:27151: result: /usr/bin/nm -B
configure:27270: checking the name lister (/usr/bin/nm -B) interface
configure:27290: result: BSD nm
configure:27322: checking for compiler instrumentation
configure:27408: result: gnu
configure:27516: gcc -c -g -finline-functions -fno-strict-aliasing -pthread -fvisibility=hidden   conftest.c >&5
configure:27522: $? = 0
configure:27531: checking if /usr/bin/nm -B demangle option --demangle works
configure:27536: result: yes
configure:27553: checking if /usr/bin/nm -B line numbers option --line-numbers works
configure:27558: result: yes
configure:27762: checking BPatch.h usability
configure:27779: g++ -c -g -finline-functions -pthread    conftest.cpp >&5
conftest.cpp:76:20: error: BPatch.h: No such file or directory
configure:27785: $? = 1
configure: failed program was:
| /* confdefs.h.  */
| #define PACKAGE_NAME "VampirTrace"
| #define PACKAGE_TARNAME "vampirtrace"
| #define PACKAGE_VERSION "5.4.12"
| #define PACKAGE_STRING "VampirTrace 5.4.12"
| #define PACKAGE_BUGREPORT "vampirsupport@zih.tu-dresden.de"
| #define PACKAGE "VampirTrace"
| #define VERSION "5.4.12"
| #define STDC_HEADERS 1
| #define HAVE_SYS_TYPES_H 1
| #define HAVE_SYS_STAT_H 1
| #define HAVE_STDLIB_H 1
| #define HAVE_STRING_H 1
| #define HAVE_MEMORY_H 1
| #define HAVE_STRINGS_H 1
| #define HAVE_INTTYPES_H 1
| #define HAVE_STDINT_H 1
| #define HAVE_UNISTD_H 1
| #define HAVE_STDINT_H 1
| #define HAVE_INTTYPES_H 1
| #define HAVE_FNMATCH_H 1
| #define HAVE_SYS_PARAM_H 1
| #define SIZEOF_VOIDP 4
| #define SIZEOF_INT 4
| #define SIZEOF_LONG 4
| #define SIZEOF_MODE_T 4
| #define HAVE_VA_COPY 1
| #define HAVE_UNDERSCORE_VA_COPY 1
| #define HAVE_ASPRINTF 1
| #define HAVE_SNPRINTF 1
| #define HAVE_VASPRINTF 1
| #define HAVE_VSNPRINTF 1
| #define HAVE_STRDUP 1
| #define HAVE_DLFCN_H 1
| #define LT_OBJDIR ".libs/"
| #define DISABLE_CLOCK_SYNC 0
| #define TIMER_CLOCK_GETTIME 1
| #define TIMER_GETTIMEOFDAY 2
| #define TIMER_CYCLE_COUNTER 3
| #define TIMER TIMER_CYCLE_COUNTER
| #define DEFAULT_NM "/usr/bin/nm -B --demangle --line-numbers"
| /* end confdefs.h.  */
| #include <stdio.h>
| #ifdef HAVE_SYS_TYPES_H
| # include <sys/types.h>
| #endif
| #ifdef HAVE_SYS_STAT_H
| # include <sys/stat.h>
| #endif
| #ifdef STDC_HEADERS
| # include <stdlib.h>
| # include <stddef.h>
| #else
| # ifdef HAVE_STDLIB_H
| #  include <stdlib.h>
| # endif
| #endif
| #ifdef HAVE_STRING_H
| # if !defined STDC_HEADERS && defined HAVE_MEMORY_H
| #  include <memory.h>
| # endif
| # include <string.h>
| #endif
| #ifdef HAVE_STRINGS_H
| # include <strings.h>
| #endif
| #ifdef HAVE_INTTYPES_H
| # include <inttypes.h>
| #endif
| #ifdef HAVE_STDINT_H
| # include <stdint.h>
| #endif
| #ifdef HAVE_UNISTD_H
| # include <unistd.h>
| #endif
| #include <BPatch.h>
configure:27799: result: no
configure:27803: checking BPatch.h presence
configure:27818: g++ -E    conftest.cpp
conftest.cpp:43:20: error: BPatch.h: No such file or directory
configure:27824: $? = 1
configure: failed program was:
| /* confdefs.h.  */
| #define PACKAGE_NAME "VampirTrace"
| #define PACKAGE_TARNAME "vampirtrace"
| #define PACKAGE_VERSION "5.4.12"
| #define PACKAGE_STRING "VampirTrace 5.4.12"
| #define PACKAGE_BUGREPORT "vampirsupport@zih.tu-dresden.de"
| #define PACKAGE "VampirTrace"
| #define VERSION "5.4.12"
| #define STDC_HEADERS 1
| #define HAVE_SYS_TYPES_H 1
| #define HAVE_SYS_STAT_H 1
| #define HAVE_STDLIB_H 1
| #define HAVE_STRING_H 1
| #define HAVE_MEMORY_H 1
| #define HAVE_STRINGS_H 1
| #define HAVE_INTTYPES_H 1
| #define HAVE_STDINT_H 1
| #define HAVE_UNISTD_H 1
| #define HAVE_STDINT_H 1
| #define HAVE_INTTYPES_H 1
| #define HAVE_FNMATCH_H 1
| #define HAVE_SYS_PARAM_H 1
| #define SIZEOF_VOIDP 4
| #define SIZEOF_INT 4
| #define SIZEOF_LONG 4
| #define SIZEOF_MODE_T 4
| #define HAVE_VA_COPY 1
| #define HAVE_UNDERSCORE_VA_COPY 1
| #define HAVE_ASPRINTF 1
| #define HAVE_SNPRINTF 1
| #define HAVE_VASPRINTF 1
| #define HAVE_VSNPRINTF 1
| #define HAVE_STRDUP 1
| #define HAVE_DLFCN_H 1
| #define LT_OBJDIR ".libs/"
| #define DISABLE_CLOCK_SYNC 0
| #define TIMER_CLOCK_GETTIME 1
| #define TIMER_GETTIMEOFDAY 2
| #define TIMER_CYCLE_COUNTER 3
| #define TIMER TIMER_CYCLE_COUNTER
| #define DEFAULT_NM "/usr/bin/nm -B --demangle --line-numbers"
| /* end confdefs.h.  */
| #include <BPatch.h>
configure:27838: result: no
configure:27871: checking for BPatch.h
configure:27878: result: no
configure:27886: error: no BPatch.h found; check path for Dyninst package first...
configure:28234: skipped further tests for MPI
configure:28808: checking for OpenMP flag of C compiler
configure:28854: gcc -o conftest -g -finline-functions -fno-strict-aliasing -pthread -fvisibility=hidden -mp -DINSIDE_OPENMPI     conftest.c -lnsl -lutil  -lm  >&5
cc1: error: unrecognized command line option "-mp"
configure:28860: $? = 1
configure: failed program was:
| /* confdefs.h.  */
| #define PACKAGE_NAME "VampirTrace"
| #define PACKAGE_TARNAME "vampirtrace"
| #define PACKAGE_VERSION "5.4.12"
| #define PACKAGE_STRING "VampirTrace 5.4.12"
| #define PACKAGE_BUGREPORT "vampirsupport@zih.tu-dresden.de"
| #define PACKAGE "VampirTrace"
| #define VERSION "5.4.12"
| #define STDC_HEADERS 1
| #define HAVE_SYS_TYPES_H 1
| #define HAVE_SYS_STAT_H 1
| #define HAVE_STDLIB_H 1
| #define HAVE_STRING_H 1
| #define HAVE_MEMORY_H 1
| #define HAVE_STRINGS_H 1
| #define HAVE_INTTYPES_H 1
| #define HAVE_STDINT_H 1
| #define HAVE_UNISTD_H 1
| #define HAVE_STDINT_H 1
| #define HAVE_INTTYPES_H 1
| #define HAVE_FNMATCH_H 1
| #define HAVE_SYS_PARAM_H 1
| #define SIZEOF_VOIDP 4
| #define SIZEOF_INT 4
| #define SIZEOF_LONG 4
| #define SIZEOF_MODE_T 4
| #define HAVE_VA_COPY 1
| #define HAVE_UNDERSCORE_VA_COPY 1
| #define HAVE_ASPRINTF 1
| #define HAVE_SNPRINTF 1
| #define HAVE_VASPRINTF 1
| #define HAVE_VSNPRINTF 1
| #define HAVE_STRDUP 1
| #define HAVE_DLFCN_H 1
| #define LT_OBJDIR ".libs/"
| #define DISABLE_CLOCK_SYNC 0
| #define TIMER_CLOCK_GETTIME 1
| #define TIMER_GETTIMEOFDAY 2
| #define TIMER_CYCLE_COUNTER 3
| #define TIMER TIMER_CYCLE_COUNTER
| #define DEFAULT_NM "/usr/bin/nm -B --demangle --line-numbers"
| #define HAVE_MPIO 1
| /* end confdefs.h.  */
| 
| /* Override any GCC internal prototype to avoid an error.
|    Use char because int might match the return type of a GCC
|    builtin and then its argument prototype would still apply.  */
| #ifdef __cplusplus
| extern "C"
| #endif
| char omp_set_num_threads ();
| int
| main ()
| {
| return omp_set_num_threads ();
|   ;
|   return 0;
| }
configure:28854: gcc -o conftest -g -finline-functions -fno-strict-aliasing -pthread -fvisibility=hidden -fopenmp -DINSIDE_OPENMPI     conftest.c -lnsl -lutil  -lm  >&5
configure:28860: $? = 0
configure:28880: result: -fopenmp
configure:28922: checking omp.h usability
configure:28939: gcc -c -g -finline-functions -fno-strict-aliasing -pthread -fvisibility=hidden -fopenmp -DINSIDE_OPENMPI   conftest.c >&5
configure:28945: $? = 0
configure:28959: result: yes
configure:28963: checking omp.h presence
configure:28978: gcc -E -DINSIDE_OPENMPI   conftest.c
configure:28984: $? = 0
configure:28998: result: yes
configure:29031: checking for omp.h
configure:29038: result: yes
configure:29152: checking malloc.h usability
configure:29169: gcc -c -g -finline-functions -fno-strict-aliasing -pthread -fvisibility=hidden -DINSIDE_OPENMPI   conftest.c >&5
configure:29175: $? = 0
configure:29189: result: yes
configure:29193: checking malloc.h presence
configure:29208: gcc -E -DINSIDE_OPENMPI   conftest.c
configure:29214: $? = 0
configure:29228: result: yes
configure:29261: checking for malloc.h
configure:29268: result: yes
configure:29287: checking for __malloc_hook
configure:29343: gcc -o conftest -g -finline-functions -fno-strict-aliasing -pthread -fvisibility=hidden -DINSIDE_OPENMPI     conftest.c -lnsl -lutil  -lm  >&5
configure:29349: $? = 0
configure:29366: result: yes
configure:29369: checking for __realloc_hook
configure:29425: gcc -o conftest -g -finline-functions -fno-strict-aliasing -pthread -fvisibility=hidden -DINSIDE_OPENMPI     conftest.c -lnsl -lutil  -lm  >&5
configure:29431: $? = 0
configure:29448: result: yes
configure:29451: checking for __free_hook
configure:29507: gcc -o conftest -g -finline-functions -fno-strict-aliasing -pthread -fvisibility=hidden -DINSIDE_OPENMPI     conftest.c -lnsl -lutil  -lm  >&5
configure:29513: $? = 0
configure:29530: result: yes
configure:29657: checking for dlfcn.h
configure:29662: result: yes
configure:29803: checking whether linking with -ldl works
configure:29826: gcc -o conftest -g -finline-functions -fno-strict-aliasing -pthread -fvisibility=hidden -DINSIDE_OPENMPI     conftest.c -lnsl -lutil  -lm   -ldl >&5
configure:29832: $? = 0
configure:29838: result: yes
configure:29866: checking whether RTLD_NEXT is declared
configure:29896: gcc -c -g -finline-functions -fno-strict-aliasing -pthread -fvisibility=hidden -DINSIDE_OPENMPI   conftest.c >&5
conftest.c: In function 'main':
conftest.c:51: error: 'RTLD_NEXT' undeclared (first use in this function)
conftest.c:51: error: (Each undeclared identifier is reported only once
conftest.c:51: error: for each function it appears in.)
configure:29902: $? = 1
configure: failed program was:
| /* confdefs.h.  */
| #define PACKAGE_NAME "VampirTrace"
| #define PACKAGE_TARNAME "vampirtrace"
| #define PACKAGE_VERSION "5.4.12"
| #define PACKAGE_STRING "VampirTrace 5.4.12"
| #define PACKAGE_BUGREPORT "vampirsupport@zih.tu-dresden.de"
| #define PACKAGE "VampirTrace"
| #define VERSION "5.4.12"
| #define STDC_HEADERS 1
| #define HAVE_SYS_TYPES_H 1
| #define HAVE_SYS_STAT_H 1
| #define HAVE_STDLIB_H 1
| #define HAVE_STRING_H 1
| #define HAVE_MEMORY_H 1
| #define HAVE_STRINGS_H 1
| #define HAVE_INTTYPES_H 1
| #define HAVE_STDINT_H 1
| #define HAVE_UNISTD_H 1
| #define HAVE_STDINT_H 1
| #define HAVE_INTTYPES_H 1
| #define HAVE_FNMATCH_H 1
| #define HAVE_SYS_PARAM_H 1
| #define SIZEOF_VOIDP 4
| #define SIZEOF_INT 4
| #define SIZEOF_LONG 4
| #define SIZEOF_MODE_T 4
| #define HAVE_VA_COPY 1
| #define HAVE_UNDERSCORE_VA_COPY 1
| #define HAVE_ASPRINTF 1
| #define HAVE_SNPRINTF 1
| #define HAVE_VASPRINTF 1
| #define HAVE_VSNPRINTF 1
| #define HAVE_STRDUP 1
| #define HAVE_DLFCN_H 1
| #define LT_OBJDIR ".libs/"
| #define DISABLE_CLOCK_SYNC 0
| #define TIMER_CLOCK_GETTIME 1
| #define TIMER_GETTIMEOFDAY 2
| #define TIMER_CYCLE_COUNTER 3
| #define TIMER TIMER_CYCLE_COUNTER
| #define DEFAULT_NM "/usr/bin/nm -B --demangle --line-numbers"
| #define HAVE_MPIO 1
| #define HAVE_OPENMP 1
| /* end confdefs.h.  */
| #include <dlfcn.h>
| 
| int
| main ()
| {
| #ifndef RTLD_NEXT
|   (void) RTLD_NEXT;
| #endif
| 
|   ;
|   return 0;
| }
configure:29917: result: no
configure:29926: checking whether we need to define _GNU_SOURCE to get RTLD_NEXT
configure:29956: gcc -c -g -finline-functions -fno-strict-aliasing -pthread -fvisibility=hidden -DINSIDE_OPENMPI   conftest.c >&5
configure:29962: $? = 0
configure:29968: result: yes
configure:30032: checking for creat64
configure:30088: gcc -o conftest -g -finline-functions -fno-strict-aliasing -pthread -fvisibility=hidden -DINSIDE_OPENMPI   -D_GNU_SOURCE -D_LARGEFILE64_SOURCE   conftest.c -lnsl -lutil  -lm  >&5
configure:30094: $? = 0
configure:30112: result: yes
configure:30032: checking for fopen64
configure:30088: gcc -o conftest -g -finline-functions -fno-strict-aliasing -pthread -fvisibility=hidden -DINSIDE_OPENMPI   -D_GNU_SOURCE -D_LARGEFILE64_SOURCE   conftest.c -lnsl -lutil  -lm  >&5
configure:30094: $? = 0
configure:30112: result: yes
configure:30032: checking for fseeko
configure:30088: gcc -o conftest -g -finline-functions -fno-strict-aliasing -pthread -fvisibility=hidden -DINSIDE_OPENMPI   -D_GNU_SOURCE -D_LARGEFILE64_SOURCE   conftest.c -lnsl -lutil  -lm  >&5
configure:30094: $? = 0
configure:30112: result: yes
configure:30032: checking for fseeko64
configure:30088: gcc -o conftest -g -finline-functions -fno-strict-aliasing -pthread -fvisibility=hidden -DINSIDE_OPENMPI   -D_GNU_SOURCE -D_LARGEFILE64_SOURCE   conftest.c -lnsl -lutil  -lm  >&5
configure:30094: $? = 0
configure:30112: result: yes
configure:30032: checking for lseek64
configure:30088: gcc -o conftest -g -finline-functions -fno-strict-aliasing -pthread -fvisibility=hidden -DINSIDE_OPENMPI   -D_GNU_SOURCE -D_LARGEFILE64_SOURCE   conftest.c -lnsl -lutil  -lm  >&5
configure:30094: $? = 0
configure:30112: result: yes
configure:30032: checking for fsetpos64
configure:30088: gcc -o conftest -g -finline-functions -fno-strict-aliasing -pthread -fvisibility=hidden -DINSIDE_OPENMPI   -D_GNU_SOURCE -D_LARGEFILE64_SOURCE   conftest.c -lnsl -lutil  -lm  >&5
configure:30094: $? = 0
configure:30112: result: yes
configure:30032: checking for open64
configure:30088: gcc -o conftest -g -finline-functions -fno-strict-aliasing -pthread -fvisibility=hidden -DINSIDE_OPENMPI   -D_GNU_SOURCE -D_LARGEFILE64_SOURCE   conftest.c -lnsl -lutil  -lm  >&5
configure:30094: $? = 0
configure:30112: result: yes
configure:30032: checking for pread64
configure:30088: gcc -o conftest -g -finline-functions -fno-strict-aliasing -pthread -fvisibility=hidden -DINSIDE_OPENMPI   -D_GNU_SOURCE -D_LARGEFILE64_SOURCE   conftest.c -lnsl -lutil  -lm  >&5
configure:30094: $? = 0
configure:30112: result: yes
configure:30032: checking for pwrite64
configure:30088: gcc -o conftest -g -finline-functions -fno-strict-aliasing -pthread -fvisibility=hidden -DINSIDE_OPENMPI   -D_GNU_SOURCE -D_LARGEFILE64_SOURCE   conftest.c -lnsl -lutil  -lm  >&5
configure:30094: $? = 0
configure:30112: result: yes
configure:30242: checking papi.h usability
configure:30259: gcc -c -g -finline-functions -fno-strict-aliasing -pthread -fvisibility=hidden -DINSIDE_OPENMPI   -D_GNU_SOURCE  conftest.c >&5
conftest.c:87:18: error: papi.h: No such file or directory
configure:30265: $? = 1
configure: failed program was:
| /* confdefs.h.  */
| #define PACKAGE_NAME "VampirTrace"
| #define PACKAGE_TARNAME "vampirtrace"
| #define PACKAGE_VERSION "5.4.12"
| #define PACKAGE_STRING "VampirTrace 5.4.12"
| #define PACKAGE_BUGREPORT "vampirsupport@zih.tu-dresden.de"
| #define PACKAGE "VampirTrace"
| #define VERSION "5.4.12"
| #define STDC_HEADERS 1
| #define HAVE_SYS_TYPES_H 1
| #define HAVE_SYS_STAT_H 1
| #define HAVE_STDLIB_H 1
| #define HAVE_STRING_H 1
| #define HAVE_MEMORY_H 1
| #define HAVE_STRINGS_H 1
| #define HAVE_INTTYPES_H 1
| #define HAVE_STDINT_H 1
| #define HAVE_UNISTD_H 1
| #define HAVE_STDINT_H 1
| #define HAVE_INTTYPES_H 1
| #define HAVE_FNMATCH_H 1
| #define HAVE_SYS_PARAM_H 1
| #define SIZEOF_VOIDP 4
| #define SIZEOF_INT 4
| #define SIZEOF_LONG 4
| #define SIZEOF_MODE_T 4
| #define HAVE_VA_COPY 1
| #define HAVE_UNDERSCORE_VA_COPY 1
| #define HAVE_ASPRINTF 1
| #define HAVE_SNPRINTF 1
| #define HAVE_VASPRINTF 1
| #define HAVE_VSNPRINTF 1
| #define HAVE_STRDUP 1
| #define HAVE_DLFCN_H 1
| #define LT_OBJDIR ".libs/"
| #define DISABLE_CLOCK_SYNC 0
| #define TIMER_CLOCK_GETTIME 1
| #define TIMER_GETTIMEOFDAY 2
| #define TIMER_CYCLE_COUNTER 3
| #define TIMER TIMER_CYCLE_COUNTER
| #define DEFAULT_NM "/usr/bin/nm -B --demangle --line-numbers"
| #define HAVE_MPIO 1
| #define HAVE_OPENMP 1
| #define HAVE_CREAT64 1
| #define HAVE_FOPEN64 1
| #define HAVE_FSEEKO 1
| #define HAVE_FSEEKO64 1
| #define HAVE_LSEEK64 1
| #define HAVE_FSETPOS64 1
| #define HAVE_OPEN64 1
| #define HAVE_PREAD64 1
| #define HAVE_PWRITE64 1
| /* end confdefs.h.  */
| #include <stdio.h>
| #ifdef HAVE_SYS_TYPES_H
| # include <sys/types.h>
| #endif
| #ifdef HAVE_SYS_STAT_H
| # include <sys/stat.h>
| #endif
| #ifdef STDC_HEADERS
| # include <stdlib.h>
| # include <stddef.h>
| #else
| # ifdef HAVE_STDLIB_H
| #  include <stdlib.h>
| # endif
| #endif
| #ifdef HAVE_STRING_H
| # if !defined STDC_HEADERS && defined HAVE_MEMORY_H
| #  include <memory.h>
| # endif
| # include <string.h>
| #endif
| #ifdef HAVE_STRINGS_H
| # include <strings.h>
| #endif
| #ifdef HAVE_INTTYPES_H
| # include <inttypes.h>
| #endif
| #ifdef HAVE_STDINT_H
| # include <stdint.h>
| #endif
| #ifdef HAVE_UNISTD_H
| # include <unistd.h>
| #endif
| #include <papi.h>
configure:30279: result: no
configure:30283: checking papi.h presence
configure:30298: gcc -E -DINSIDE_OPENMPI   -D_GNU_SOURCE  conftest.c
conftest.c:54:18: error: papi.h: No such file or directory
configure:30304: $? = 1
configure: failed program was:
| /* confdefs.h.  */
| #define PACKAGE_NAME "VampirTrace"
| #define PACKAGE_TARNAME "vampirtrace"
| #define PACKAGE_VERSION "5.4.12"
| #define PACKAGE_STRING "VampirTrace 5.4.12"
| #define PACKAGE_BUGREPORT "vampirsupport@zih.tu-dresden.de"
| #define PACKAGE "VampirTrace"
| #define VERSION "5.4.12"
| #define STDC_HEADERS 1
| #define HAVE_SYS_TYPES_H 1
| #define HAVE_SYS_STAT_H 1
| #define HAVE_STDLIB_H 1
| #define HAVE_STRING_H 1
| #define HAVE_MEMORY_H 1
| #define HAVE_STRINGS_H 1
| #define HAVE_INTTYPES_H 1
| #define HAVE_STDINT_H 1
| #define HAVE_UNISTD_H 1
| #define HAVE_STDINT_H 1
| #define HAVE_INTTYPES_H 1
| #define HAVE_FNMATCH_H 1
| #define HAVE_SYS_PARAM_H 1
| #define SIZEOF_VOIDP 4
| #define SIZEOF_INT 4
| #define SIZEOF_LONG 4
| #define SIZEOF_MODE_T 4
| #define HAVE_VA_COPY 1
| #define HAVE_UNDERSCORE_VA_COPY 1
| #define HAVE_ASPRINTF 1
| #define HAVE_SNPRINTF 1
| #define HAVE_VASPRINTF 1
| #define HAVE_VSNPRINTF 1
| #define HAVE_STRDUP 1
| #define HAVE_DLFCN_H 1
| #define LT_OBJDIR ".libs/"
| #define DISABLE_CLOCK_SYNC 0
| #define TIMER_CLOCK_GETTIME 1
| #define TIMER_GETTIMEOFDAY 2
| #define TIMER_CYCLE_COUNTER 3
| #define TIMER TIMER_CYCLE_COUNTER
| #define DEFAULT_NM "/usr/bin/nm -B --demangle --line-numbers"
| #define HAVE_MPIO 1
| #define HAVE_OPENMP 1
| #define HAVE_CREAT64 1
| #define HAVE_FOPEN64 1
| #define HAVE_FSEEKO 1
| #define HAVE_FSEEKO64 1
| #define HAVE_LSEEK64 1
| #define HAVE_FSETPOS64 1
| #define HAVE_OPEN64 1
| #define HAVE_PREAD64 1
| #define HAVE_PWRITE64 1
| /* end confdefs.h.  */
| #include <papi.h>
configure:30318: result: no
configure:30351: checking for papi.h
configure:30358: result: no
configure:30366: error: no papi.h found; check path for PAPI package first...
configure:30962: creating ./config.status

## ---------------------- ##
## Running config.status. ##
## ---------------------- ##

This file was extended by VampirTrace config.status 5.4.12, which was
generated by GNU Autoconf 2.61.  Invocation command line was

  CONFIG_FILES    = 
  CONFIG_HEADERS  = 
  CONFIG_LINKS    = 
  CONFIG_COMMANDS = 
  $ ./config.status 

on asterisk

config.status:1124: creating Makefile
config.status:1124: creating util/Makefile
config.status:1124: creating util/installdirs_conf.h
config.status:1124: creating extlib/Makefile
config.status:1124: creating vtlib/Makefile
config.status:1124: creating tools/Makefile
config.status:1124: creating tools/compwrap/Makefile
config.status:1124: creating tools/compwrap/vtcc-wrapper-data.txt
config.status:1124: creating tools/compwrap/vtcxx-wrapper-data.txt
config.status:1124: creating tools/compwrap/vtf77-wrapper-data.txt
config.status:1124: creating tools/compwrap/vtf90-wrapper-data.txt
config.status:1124: creating tools/opari/Makefile
config.status:1124: creating tools/opari/tool/Makefile
config.status:1124: creating tools/opari/doc/Makefile
config.status:1124: creating tools/vtdyn/Makefile
config.status:1124: creating tools/vtdyn/dynattlib/Makefile
config.status:1124: creating tools/vtfilter/Makefile
config.status:1124: creating tools/vtunify/Makefile
config.status:1124: creating doc/Makefile
config.status:1124: creating config.h
config.status:1392: config.h is unchanged
config.status:1438: executing depfiles commands
config.status:1438: executing libtool commands

## ---------------- ##
## Cache variables. ##
## ---------------- ##

ac_cv_build=i686-pc-linux-gnu
ac_cv_c_compiler_gnu=yes
ac_cv_cxx_compiler_gnu=yes
ac_cv_env_AR_set=
ac_cv_env_AR_value=
ac_cv_env_CCASFLAGS_set=
ac_cv_env_CCASFLAGS_value=
ac_cv_env_CCAS_set=
ac_cv_env_CCAS_value=
ac_cv_env_CCC_set=
ac_cv_env_CCC_value=
ac_cv_env_CC_FOR_BUILD_set=
ac_cv_env_CC_FOR_BUILD_value=
ac_cv_env_CC_set=
ac_cv_env_CC_value=
ac_cv_env_CFLAGS_FOR_BUILD_set=
ac_cv_env_CFLAGS_FOR_BUILD_value=
ac_cv_env_CFLAGS_set=set
ac_cv_env_CFLAGS_value='-g -finline-functions -fno-strict-aliasing -pthread -fvisibility=hidden'
ac_cv_env_CPPFLAGS_FOR_BUILD_set=
ac_cv_env_CPPFLAGS_FOR_BUILD_value=
ac_cv_env_CPPFLAGS_set=set
ac_cv_env_CPPFLAGS_value=' '
ac_cv_env_CPP_FOR_BUILD_set=
ac_cv_env_CPP_FOR_BUILD_value=
ac_cv_env_CPP_set=
ac_cv_env_CPP_value=
ac_cv_env_CXXCPP_FOR_BUILD_set=
ac_cv_env_CXXCPP_FOR_BUILD_value=
ac_cv_env_CXXCPP_set=
ac_cv_env_CXXCPP_value=
ac_cv_env_CXXFLAGS_FOR_BUILD_set=
ac_cv_env_CXXFLAGS_FOR_BUILD_value=
ac_cv_env_CXXFLAGS_set=set
ac_cv_env_CXXFLAGS_value='-g -finline-functions -pthread'
ac_cv_env_CXX_FOR_BUILD_set=
ac_cv_env_CXX_FOR_BUILD_value=
ac_cv_env_CXX_set=
ac_cv_env_CXX_value=
ac_cv_env_F77_set=
ac_cv_env_F77_value=
ac_cv_env_FCFLAGS_set=
ac_cv_env_FCFLAGS_value=
ac_cv_env_FC_set=
ac_cv_env_FC_value=
ac_cv_env_FFLAGS_set=set
ac_cv_env_FFLAGS_value=
ac_cv_env_LDFLAGS_FOR_BUILD_set=
ac_cv_env_LDFLAGS_FOR_BUILD_value=
ac_cv_env_LDFLAGS_set=set
ac_cv_env_LDFLAGS_value=' '
ac_cv_env_LDSHFLAG_set=
ac_cv_env_LDSHFLAG_value=
ac_cv_env_LIBS_FOR_BUILD_set=
ac_cv_env_LIBS_FOR_BUILD_value=
ac_cv_env_LIBS_set=set
ac_cv_env_LIBS_value='-lnsl -lutil  -lm '
ac_cv_env_MPICC_set=
ac_cv_env_MPICC_value=
ac_cv_env_MPICFLAGS_set=
ac_cv_env_MPICFLAGS_value=
ac_cv_env_OMPFLAG_set=
ac_cv_env_OMPFLAG_value=
ac_cv_env_build_alias_set=
ac_cv_env_build_alias_value=
ac_cv_env_host_alias_set=
ac_cv_env_host_alias_value=
ac_cv_env_target_alias_set=
ac_cv_env_target_alias_value=
ac_cv_f77_compiler_gnu=no
ac_cv_fc_compiler_gnu=no
ac_cv_func___free_hook=yes
ac_cv_func___malloc_hook=yes
ac_cv_func___realloc_hook=yes
ac_cv_func_asprintf=yes
ac_cv_func_creat64=yes
ac_cv_func_fopen64=yes
ac_cv_func_fseeko64=yes
ac_cv_func_fseeko=yes
ac_cv_func_fsetpos64=yes
ac_cv_func_lseek64=yes
ac_cv_func_open64=yes
ac_cv_func_pread64=yes
ac_cv_func_pwrite64=yes
ac_cv_func_snprintf=yes
ac_cv_func_strdup=yes
ac_cv_func_vasprintf=yes
ac_cv_func_vsnprintf=yes
ac_cv_have_decl_RTLD_NEXT=no
ac_cv_have_decl___va_copy=yes
ac_cv_have_decl_va_copy=yes
ac_cv_header_BPatch_h=no
ac_cv_header_dlfcn_h=yes
ac_cv_header_fnmatch_h=yes
ac_cv_header_inttypes_h=yes
ac_cv_header_malloc_h=yes
ac_cv_header_memory_h=yes
ac_cv_header_omp_h=yes
ac_cv_header_papi_h=no
ac_cv_header_stdc=yes
ac_cv_header_stdint_h=yes
ac_cv_header_stdlib_h=yes
ac_cv_header_string_h=yes
ac_cv_header_strings_h=yes
ac_cv_header_sys_param_h=yes
ac_cv_header_sys_stat_h=yes
ac_cv_header_sys_types_h=yes
ac_cv_header_unistd_h=yes
ac_cv_header_zlib_h=yes
ac_cv_host=i686-pc-linux-gnu
ac_cv_objext=o
ac_cv_path_EGREP='/bin/grep -E'
ac_cv_path_FGREP='/bin/grep -F'
ac_cv_path_GREP=/bin/grep
ac_cv_path_SED=/bin/sed
ac_cv_path_install='/usr/bin/install -c'
ac_cv_path_mkdir=/bin/mkdir
ac_cv_prog_AR=ar
ac_cv_prog_AWK=gawk
ac_cv_prog_CPP='gcc -E'
ac_cv_prog_CXXCPP='g++ -E'
ac_cv_prog_ac_ct_CC=gcc
ac_cv_prog_ac_ct_CXX=g++
ac_cv_prog_ac_ct_OBJDUMP=objdump
ac_cv_prog_ac_ct_RANLIB=ranlib
ac_cv_prog_ac_ct_STRIP=strip
ac_cv_prog_cc_c89=
ac_cv_prog_cc_g=yes
ac_cv_prog_cc_gcc_c_o=yes
ac_cv_prog_cxx_g=yes
ac_cv_prog_f77_g=no
ac_cv_prog_fc_g=no
ac_cv_prog_make_make_set=yes
ac_cv_sizeof_int=4
ac_cv_sizeof_long=4
ac_cv_sizeof_mode_t=4
ac_cv_sizeof_voidp=4
ac_cv_type_int=yes
ac_cv_type_long=yes
ac_cv_type_mode_t=yes
ac_cv_type_size_t=yes
ac_cv_type_voidp=yes
am_cv_CCAS_dependencies_compiler_type=gcc3
am_cv_CC_dependencies_compiler_type=gcc3
am_cv_CXX_dependencies_compiler_type=gcc3
ax_cv_c_openmp=-fopenmp
lt_cv_deplibs_check_method=pass_all
lt_cv_file_magic_cmd='$MAGIC_CMD'
lt_cv_file_magic_test_file=
lt_cv_ld_reload_flag=-r
lt_cv_nm_interface='BSD nm'
lt_cv_objdir=.libs
lt_cv_path_LD=/usr/bin/ld
lt_cv_path_LDCXX=/usr/bin/ld
lt_cv_path_NM='/usr/bin/nm -B'
lt_cv_prog_compiler_c_o=yes
lt_cv_prog_compiler_c_o_CXX=yes
lt_cv_prog_compiler_pic_works=yes
lt_cv_prog_compiler_pic_works_CXX=yes
lt_cv_prog_compiler_rtti_exceptions=no
lt_cv_prog_compiler_static_works=yes
lt_cv_prog_compiler_static_works_CXX=yes
lt_cv_prog_gnu_ld=yes
lt_cv_prog_gnu_ldcxx=yes
lt_cv_sys_global_symbol_pipe='sed -n -e '\''s/^.*[	 ]\([ABCDGIRSTW][ABCDGIRSTW]*\)[	 ][	 ]*\([_A-Za-z][_A-Za-z0-9]*\)$/\1 \2 \2/p'\'''
lt_cv_sys_global_symbol_to_c_name_address='sed -n -e '\''s/^: \([^ ]*\) $/  {\"\1\", (void *) 0},/p'\'' -e '\''s/^[ABCDGIRSTW]* \([^ ]*\) \([^ ]*\)$/  {"\2", (void *) \&\2},/p'\'''
lt_cv_sys_global_symbol_to_c_name_address_lib_prefix='sed -n -e '\''s/^: \([^ ]*\) $/  {\"\1\", (void *) 0},/p'\'' -e '\''s/^[ABCDGIRSTW]* \([^ ]*\) \(lib[^ ]*\)$/  {"\2", (void *) \&\2},/p'\'' -e '\''s/^[ABCDGIRSTW]* \([^ ]*\) \([^ ]*\)$/  {"lib\2", (void *) \&\2},/p'\'''
lt_cv_sys_global_symbol_to_cdecl='sed -n -e '\''s/^T .* \(.*\)$/extern int \1();/p'\'' -e '\''s/^[ABCDGIRSTW]* .* \(.*\)$/extern char \1;/p'\'''
lt_cv_sys_max_cmd_len=1572864

## ----------------- ##
## Output variables. ##
## ----------------- ##

ACLOCAL='${SHELL} /root/Roberto/UNLP/Especializacion/robertorp/src/openmpi-1.4.2/ompi/contrib/vt/vt/missing --run aclocal-1.10'
AMBUILDBINARIES_FALSE='#'
AMBUILDBINARIES_TRUE=''
AMBUILDCOMPINST_FTRACE_FALSE=''
AMBUILDCOMPINST_FTRACE_TRUE='#'
AMBUILDCOMPINST_GNU_FALSE='#'
AMBUILDCOMPINST_GNU_TRUE=''
AMBUILDCOMPINST_INTEL_FALSE=''
AMBUILDCOMPINST_INTEL_TRUE='#'
AMBUILDCOMPINST_PGI_FALSE=''
AMBUILDCOMPINST_PGI_TRUE='#'
AMBUILDCOMPINST_PHAT_FALSE=''
AMBUILDCOMPINST_PHAT_TRUE='#'
AMBUILDCOMPINST_XL_FALSE=''
AMBUILDCOMPINST_XL_TRUE='#'
AMBUILDDYNATTLIB_FALSE=''
AMBUILDDYNATTLIB_TRUE='#'
AMBUILDHYB_FALSE='#'
AMBUILDHYB_TRUE=''
AMBUILDIOWRAP_FALSE='#'
AMBUILDIOWRAP_TRUE=''
AMBUILDMPI_FALSE='#'
AMBUILDMPI_TRUE=''
AMBUILDOMP_FALSE='#'
AMBUILDOMP_TRUE=''
AMDEPBACKSLASH='\'
AMDEP_FALSE='#'
AMDEP_TRUE=''
AMEXTERNOTF_FALSE=''
AMEXTERNOTF_TRUE='#'
AMHAVEDYNINST_FALSE=''
AMHAVEDYNINST_TRUE='#'
AMHAVEF77_FALSE=''
AMHAVEF77_TRUE='#'
AMHAVEFC_FALSE=''
AMHAVEFC_TRUE='#'
AMHAVEMEMHOOKS_FALSE='#'
AMHAVEMEMHOOKS_TRUE=''
AMHAVEOMP_FALSE='#'
AMHAVEOMP_TRUE=''
AMHAVEPAPI_FALSE=''
AMHAVEPAPI_TRUE='#'
AMTAR='${SHELL} /root/Roberto/UNLP/Especializacion/robertorp/src/openmpi-1.4.2/ompi/contrib/vt/vt/missing --run tar'
AR='ar'
AUTOCONF='${SHELL} /root/Roberto/UNLP/Especializacion/robertorp/src/openmpi-1.4.2/ompi/contrib/vt/vt/missing --run autoconf'
AUTOHEADER='${SHELL} /root/Roberto/UNLP/Especializacion/robertorp/src/openmpi-1.4.2/ompi/contrib/vt/vt/missing --run autoheader'
AUTOMAKE='${SHELL} /root/Roberto/UNLP/Especializacion/robertorp/src/openmpi-1.4.2/ompi/contrib/vt/vt/missing --run automake-1.10'
AWK='gawk'
CC='gcc'
CCAS='gcc'
CCASDEPMODE='depmode=gcc3'
CCASFLAGS='-g -finline-functions -fno-strict-aliasing -pthread -fvisibility=hidden'
CCDEPMODE='depmode=gcc3'
CC_FOR_BUILD='gcc'
CFLAGS='-g -finline-functions -fno-strict-aliasing -pthread -fvisibility=hidden'
CFLAGS_FOR_BUILD='-g -finline-functions -fno-strict-aliasing -pthread -fvisibility=hidden'
CPP='gcc -E'
CPPFLAGS='-DINSIDE_OPENMPI   -D_GNU_SOURCE'
CPPFLAGS_FOR_BUILD=' '
CPP_FOR_BUILD='gcc -E'
CXX='g++'
CXXCPP='g++ -E'
CXXCPP_FOR_BUILD='g++ -E'
CXXDEPMODE='depmode=gcc3'
CXXFLAGS='-g -finline-functions -pthread'
CXXFLAGS_FOR_BUILD='-g -finline-functions -pthread'
CXX_FOR_BUILD='g++'
CYGPATH_W='echo'
DEFS='-DHAVE_CONFIG_H'
DEPDIR='.deps'
DLINCDIR=''
DLLIB='-ldl'
DLLIBDIR=''
DSYMUTIL=''
DUMPBIN=''
DYNIINCDIR=''
DYNILIB=''
DYNILIBDIR=''
ECHO_C=''
ECHO_N='-n'
ECHO_T=''
EGREP='/bin/grep -E'
EXEEXT=''
F77=''
FC=''
FCFLAGS=''
FFLAGS=''
FGREP='/bin/grep -F'
FMPILIB='-lvt.fmpi'
GREP='/bin/grep'
INSTALL_DATA='${INSTALL} -m 644'
INSTALL_PROGRAM='${INSTALL}'
INSTALL_SCRIPT='${INSTALL}'
INSTALL_STRIP_PROGRAM='$(install_sh) -c -s'
LD='/usr/bin/ld'
LDFLAGS=' '
LDFLAGS_FOR_BUILD=' '
LDSHFLAG=''
LIBOBJS=''
LIBS='-lnsl -lutil  -lm '
LIBS_FOR_BUILD='-lnsl -lutil  -lm '
LIBTOOL='$(SHELL) $(top_builddir)/libtool'
LIPO=''
LN_S='ln -s'
LTLIBOBJS=''
MAKEINFO='${SHELL} /root/Roberto/UNLP/Especializacion/robertorp/src/openmpi-1.4.2/ompi/contrib/vt/vt/missing --run makeinfo'
MPICC='gcc'
MPICFLAGS=''
MPIDIR=''
MPIINCDIR='-I/root/Roberto/UNLP/Especializacion/robertorp/src/openmpi-1.4.2/ompi/contrib/vt/vt/../../../include'
MPILIB='-lmpi'
MPILIBDIR=''
NM='/usr/bin/nm -B'
NMEDIT=''
OBJDUMP='objdump'
OBJEXT='o'
OMPFLAG='-fopenmp'
OTFDIR=''
OTFINCDIR=''
OTFLIB='-lotf  -lz'
OTFLIBDIR=''
OTOOL64=''
OTOOL=''
PACKAGE='VampirTrace'
PACKAGE_BUGREPORT='vampirsupport@zih.tu-dresden.de'
PACKAGE_NAME='VampirTrace'
PACKAGE_STRING='VampirTrace 5.4.12'
PACKAGE_TARNAME='vampirtrace'
PACKAGE_VERSION='5.4.12'
PAPIINCDIR=''
PAPILIB=''
PAPILIBDIR=''
PATH_SEPARATOR=':'
PLATFORM='linux'
PMPILIB=''
RANLIB='ranlib'
SED='/bin/sed'
SET_MAKE=''
SHELL='/bin/sh'
STRIP='strip'
VERSION='5.4.12'
VTDYNATTLIB=''
VT_WRAPPER_AVAIL_INST='manual pomp gnu'
VT_WRAPPER_DEFAULT_INST='gnu'
VT_WRAPPER_EXTRA_CFLAGS=''
VT_WRAPPER_EXTRA_CXXFLAGS=''
VT_WRAPPER_EXTRA_FCFLAGS=''
VT_WRAPPER_EXTRA_FFLAGS=''
VT_WRAPPER_EXTRA_LDFLAGS=''
VT_WRAPPER_EXTRA_LIBS=''
VT_WRAPPER_OPARI_BIN='/home/robertorp/packages/openmpi-1.4.2/bin/opari'
ZLIBINCDIR=''
ZLIBLIB='-lz'
ZLIBLIBDIR=''
ac_ct_CC='gcc'
ac_ct_CXX='g++'
ac_ct_DUMPBIN=''
ac_ct_F77=''
ac_ct_FC=''
am__fastdepCCAS_FALSE='#'
am__fastdepCCAS_TRUE=''
am__fastdepCC_FALSE='#'
am__fastdepCC_TRUE=''
am__fastdepCXX_FALSE='#'
am__fastdepCXX_TRUE=''
am__include='include'
am__isrc=''
am__leading_dot='.'
am__quote=''
am__tar='${AMTAR} chof - "$$tardir"'
am__untar='${AMTAR} xf -'
bindir='${exec_prefix}/bin'
build='i686-pc-linux-gnu'
build_alias=''
build_cpu='i686'
build_os='linux-gnu'
build_vendor='pc'
datadir='${datarootdir}'
datarootdir='${prefix}/share/vampirtrace'
docdir='${datarootdir}/doc'
dvidir='${docdir}'
exec_prefix='${prefix}'
host='i686-pc-linux-gnu'
host_alias=''
host_cpu='i686'
host_os='linux-gnu'
host_vendor='pc'
htmldir='${docdir}'
includedir='${prefix}/include/vampirtrace'
infodir='${datarootdir}/info'
install_sh='$(SHELL) /root/Roberto/UNLP/Especializacion/robertorp/src/openmpi-1.4.2/ompi/contrib/vt/vt/install-sh'
libdir='${exec_prefix}/lib'
libexecdir='${exec_prefix}/libexec'
localedir='${datarootdir}/locale'
localstatedir='${prefix}/var'
lt_ECHO='echo'
mandir='${datarootdir}/man'
mkdir_p='/bin/mkdir -p'
oldincludedir='/usr/include'
pdfdir='${docdir}'
prefix='/home/robertorp/packages/openmpi-1.4.2'
program_transform_name='s,x,x,'
psdir='${docdir}'
sbindir='${exec_prefix}/sbin'
sharedstatedir='${prefix}/com'
sysconfdir='${prefix}/etc'
target_alias=''

## ----------- ##
## confdefs.h. ##
## ----------- ##

#define PACKAGE_NAME "VampirTrace"
#define PACKAGE_TARNAME "vampirtrace"
#define PACKAGE_VERSION "5.4.12"
#define PACKAGE_STRING "VampirTrace 5.4.12"
#define PACKAGE_BUGREPORT "vampirsupport@zih.tu-dresden.de"
#define PACKAGE "VampirTrace"
#define VERSION "5.4.12"
#define STDC_HEADERS 1
#define HAVE_SYS_TYPES_H 1
#define HAVE_SYS_STAT_H 1
#define HAVE_STDLIB_H 1
#define HAVE_STRING_H 1
#define HAVE_MEMORY_H 1
#define HAVE_STRINGS_H 1
#define HAVE_INTTYPES_H 1
#define HAVE_STDINT_H 1
#define HAVE_UNISTD_H 1
#define HAVE_STDINT_H 1
#define HAVE_INTTYPES_H 1
#define HAVE_FNMATCH_H 1
#define HAVE_SYS_PARAM_H 1
#define SIZEOF_VOIDP 4
#define SIZEOF_INT 4
#define SIZEOF_LONG 4
#define SIZEOF_MODE_T 4
#define HAVE_VA_COPY 1
#define HAVE_UNDERSCORE_VA_COPY 1
#define HAVE_ASPRINTF 1
#define HAVE_SNPRINTF 1
#define HAVE_VASPRINTF 1
#define HAVE_VSNPRINTF 1
#define HAVE_STRDUP 1
#define HAVE_DLFCN_H 1
#define LT_OBJDIR ".libs/"
#define DISABLE_CLOCK_SYNC 0
#define TIMER_CLOCK_GETTIME 1
#define TIMER_GETTIMEOFDAY 2
#define TIMER_CYCLE_COUNTER 3
#define TIMER TIMER_CYCLE_COUNTER
#define DEFAULT_NM "/usr/bin/nm -B --demangle --line-numbers"
#define HAVE_MPIO 1
#define HAVE_OPENMP 1
#define HAVE_CREAT64 1
#define HAVE_FOPEN64 1
#define HAVE_FSEEKO 1
#define HAVE_FSEEKO64 1
#define HAVE_LSEEK64 1
#define HAVE_FSETPOS64 1
#define HAVE_OPEN64 1
#define HAVE_PREAD64 1
#define HAVE_PWRITE64 1

configure: exit 0
