This file contains any messages produced by compilers while
running configure, to aid debugging if configure makes a mistake.

It was created by libltdl configure 2.2.6b, which was
generated by GNU Autoconf 2.65.  Invocation command line was

  $ ./configure --prefix=/home/robertorp/packages/openmpi-1.4.2 --enable-orterun-prefix-by-default --enable-mpirun-prefix-by-default --enable-debug --disable-mpi-f77 --disable-mpi-f90 --disable-mpi-cxx --enable-ltdl-convenience --disable-ltdl-install --enable-shared --disable-static --cache-file=/dev/null --srcdir=.

## --------- ##
## Platform. ##
## --------- ##

hostname = asterisk
uname -m = i686
uname -r = 2.6.32-bpo.5-686
uname -s = Linux
uname -v = #1 SMP Sun Sep 19 21:11:32 UTC 2010

/usr/bin/uname -p = unknown
/bin/uname -X     = unknown

/bin/arch              = unknown
/usr/bin/arch -k       = unknown
/usr/convex/getsysinfo = unknown
/usr/bin/hostinfo      = unknown
/bin/machine           = unknown
/usr/bin/oslevel       = unknown
/bin/universe          = unknown

PATH: /usr/local/sbin
PATH: /usr/local/bin
PATH: /usr/sbin
PATH: /usr/bin
PATH: /sbin
PATH: /bin
PATH: /usr/bin/X11
PATH: /usr/local/Adobe/Acrobat/bin
PATH: /usr/local/openmpi/bin
PATH: /root/scripts
PATH: /usr/local/cfpark/bin
PATH: /usr/local/domonyx/bin
PATH: /usr/local/arm/2.95.3/bin


## ----------- ##
## Core tests. ##
## ----------- ##

configure:2376: checking for a BSD-compatible install
configure:2444: result: /usr/bin/install -c
configure:2455: checking whether build environment is sane
configure:2505: result: yes
configure:2646: checking for a thread-safe mkdir -p
configure:2685: result: /bin/mkdir -p
configure:2698: checking for gawk
configure:2714: found /usr/bin/gawk
configure:2725: result: gawk
configure:2736: checking whether make sets $(MAKE)
configure:2758: result: yes
configure:2878: checking build system type
configure:2892: result: i686-pc-linux-gnu
configure:2912: checking host system type
configure:2925: result: i686-pc-linux-gnu
configure:2957: checking for style of include used by make
configure:2985: result: GNU
configure:3055: checking for gcc
configure:3071: found /usr/bin/gcc
configure:3082: result: gcc
configure:3311: checking for C compiler version
configure:3320: gcc --version >&5
gcc (Debian 4.4.5-8) 4.4.5
Copyright (C) 2010 Free Software Foundation, Inc.
This is free software; see the source for copying conditions.  There is NO
warranty; not even for MERCHANTABILITY or FITNESS FOR A PARTICULAR PURPOSE.

configure:3331: $? = 0
configure:3320: gcc -v >&5
Using built-in specs.
Target: i486-linux-gnu
Configured with: ../src/configure -v --with-pkgversion='Debian 4.4.5-8' --with-bugurl=file:///usr/share/doc/gcc-4.4/README.Bugs --enable-languages=c,c++,fortran,objc,obj-c++ --prefix=/usr --program-suffix=-4.4 --enable-shared --enable-multiarch --enable-linker-build-id --with-system-zlib --libexecdir=/usr/lib --without-included-gettext --enable-threads=posix --with-gxx-include-dir=/usr/include/c++/4.4 --libdir=/usr/lib --enable-nls --enable-clocale=gnu --enable-libstdcxx-debug --enable-objc-gc --enable-targets=all --with-arch-32=i586 --with-tune=generic --enable-checking=release --build=i486-linux-gnu --host=i486-linux-gnu --target=i486-linux-gnu
Thread model: posix
gcc version 4.4.5 (Debian 4.4.5-8) 
configure:3331: $? = 0
configure:3320: gcc -V >&5
gcc: '-V' option must have argument
configure:3331: $? = 1
configure:3320: gcc -qversion >&5
gcc: unrecognized option '-qversion'
gcc: no input files
configure:3331: $? = 1
configure:3351: checking whether the C compiler works
configure:3373: gcc -g  -fvisibility=hidden     conftest.c -lnsl -lutil  -lm  >&5
configure:3377: $? = 0
configure:3426: result: yes
configure:3429: checking for C compiler default output file name
configure:3431: result: a.out
configure:3437: checking for suffix of executables
configure:3444: gcc -o conftest -g  -fvisibility=hidden     conftest.c -lnsl -lutil  -lm  >&5
configure:3448: $? = 0
configure:3470: result: 
configure:3492: checking whether we are cross compiling
configure:3500: gcc -o conftest -g  -fvisibility=hidden     conftest.c -lnsl -lutil  -lm  >&5
configure:3504: $? = 0
configure:3511: ./conftest
configure:3515: $? = 0
configure:3530: result: no
configure:3535: checking for suffix of object files
configure:3557: gcc -c -g  -fvisibility=hidden   conftest.c >&5
configure:3561: $? = 0
configure:3582: result: o
configure:3586: checking whether we are using the GNU C compiler
configure:3605: gcc -c -g  -fvisibility=hidden   conftest.c >&5
configure:3605: $? = 0
configure:3614: result: yes
configure:3623: checking whether gcc accepts -g
configure:3643: gcc -c -g   conftest.c >&5
configure:3643: $? = 0
configure:3684: result: yes
configure:3701: checking for gcc option to accept ISO C89
configure:3765: gcc  -c -g  -fvisibility=hidden   conftest.c >&5
configure:3765: $? = 0
configure:3778: result: none needed
configure:3800: checking dependency style of gcc
configure:3910: result: gcc3
configure:3925: checking for a sed that does not truncate output
configure:3989: result: /bin/sed
configure:4007: checking for grep that handles long lines and -e
configure:4065: result: /bin/grep
configure:4070: checking for egrep
configure:4132: result: /bin/grep -E
configure:4137: checking for fgrep
configure:4199: result: /bin/grep -F
configure:4234: checking for ld used by gcc
configure:4301: result: /usr/bin/ld
configure:4308: checking if the linker (/usr/bin/ld) is GNU ld
configure:4323: result: yes
configure:4335: checking for BSD- or MS-compatible name lister (nm)
configure:4384: result: /usr/bin/nm -B
configure:4502: checking the name lister (/usr/bin/nm -B) interface
configure:4509: gcc -c -g  -fvisibility=hidden   conftest.c >&5
configure:4512: /usr/bin/nm -B "conftest.o"
configure:4515: output
00000000 B some_variable
configure:4522: result: BSD nm
configure:4525: checking whether ln -s works
configure:4529: result: yes
configure:4537: checking the maximum length of command line arguments
configure:4657: result: 1572864
configure:4674: checking whether the shell understands some XSI constructs
configure:4684: result: yes
configure:4688: checking whether the shell understands "+="
configure:4694: result: yes
configure:4729: checking for /usr/bin/ld option to reload object files
configure:4736: result: -r
configure:4805: checking for objdump
configure:4821: found /usr/bin/objdump
configure:4832: result: objdump
configure:4861: checking how to recognize dependent libraries
configure:5057: result: pass_all
configure:5117: checking for ar
configure:5133: found /usr/bin/ar
configure:5144: result: ar
configure:5222: checking for strip
configure:5238: found /usr/bin/strip
configure:5249: result: strip
configure:5321: checking for ranlib
configure:5337: found /usr/bin/ranlib
configure:5348: result: ranlib
configure:5438: checking command to parse /usr/bin/nm -B output from gcc object
configure:5556: gcc -c -g  -fvisibility=hidden   conftest.c >&5
configure:5559: $? = 0
configure:5563: /usr/bin/nm -B conftest.o \| sed -n -e 's/^.*[	 ]\([ABCDGIRSTW][ABCDGIRSTW]*\)[	 ][	 ]*\([_A-Za-z][_A-Za-z0-9]*\)$/\1 \2 \2/p' \> conftest.nm
configure:5566: $? = 0
configure:5620: gcc -o conftest -g  -fvisibility=hidden     conftest.c conftstm.o >&5
configure:5623: $? = 0
configure:5661: result: ok
configure:6470: checking how to run the C preprocessor
configure:6501: gcc -E   conftest.c
configure:6501: $? = 0
configure:6515: gcc -E   conftest.c
conftest.c:11:28: error: ac_nonexistent.h: No such file or directory
configure:6515: $? = 1
configure: failed program was:
| /* confdefs.h */
| #define PACKAGE_NAME "libltdl"
| #define PACKAGE_TARNAME "libltdl"
| #define PACKAGE_VERSION "2.2.6b"
| #define PACKAGE_STRING "libltdl 2.2.6b"
| #define PACKAGE_BUGREPORT "bug-libtool@gnu.org"
| #define PACKAGE_URL ""
| #define PACKAGE "libltdl"
| #define VERSION "2.2.6b"
| /* end confdefs.h.  */
| #include <ac_nonexistent.h>
configure:6540: result: gcc -E
configure:6560: gcc -E   conftest.c
configure:6560: $? = 0
configure:6574: gcc -E   conftest.c
conftest.c:11:28: error: ac_nonexistent.h: No such file or directory
configure:6574: $? = 1
configure: failed program was:
| /* confdefs.h */
| #define PACKAGE_NAME "libltdl"
| #define PACKAGE_TARNAME "libltdl"
| #define PACKAGE_VERSION "2.2.6b"
| #define PACKAGE_STRING "libltdl 2.2.6b"
| #define PACKAGE_BUGREPORT "bug-libtool@gnu.org"
| #define PACKAGE_URL ""
| #define PACKAGE "libltdl"
| #define VERSION "2.2.6b"
| /* end confdefs.h.  */
| #include <ac_nonexistent.h>
configure:6603: checking for ANSI C header files
configure:6623: gcc -c -g  -fvisibility=hidden   conftest.c >&5
configure:6623: $? = 0
configure:6696: gcc -o conftest -g  -fvisibility=hidden     conftest.c -lnsl -lutil  -lm  >&5
configure:6696: $? = 0
configure:6696: ./conftest
configure:6696: $? = 0
configure:6707: result: yes
configure:6720: checking for sys/types.h
configure:6720: gcc -c -g  -fvisibility=hidden   conftest.c >&5
configure:6720: $? = 0
configure:6720: result: yes
configure:6720: checking for sys/stat.h
configure:6720: gcc -c -g  -fvisibility=hidden   conftest.c >&5
configure:6720: $? = 0
configure:6720: result: yes
configure:6720: checking for stdlib.h
configure:6720: gcc -c -g  -fvisibility=hidden   conftest.c >&5
configure:6720: $? = 0
configure:6720: result: yes
configure:6720: checking for string.h
configure:6720: gcc -c -g  -fvisibility=hidden   conftest.c >&5
configure:6720: $? = 0
configure:6720: result: yes
configure:6720: checking for memory.h
configure:6720: gcc -c -g  -fvisibility=hidden   conftest.c >&5
configure:6720: $? = 0
configure:6720: result: yes
configure:6720: checking for strings.h
configure:6720: gcc -c -g  -fvisibility=hidden   conftest.c >&5
configure:6720: $? = 0
configure:6720: result: yes
configure:6720: checking for inttypes.h
configure:6720: gcc -c -g  -fvisibility=hidden   conftest.c >&5
configure:6720: $? = 0
configure:6720: result: yes
configure:6720: checking for stdint.h
configure:6720: gcc -c -g  -fvisibility=hidden   conftest.c >&5
configure:6720: $? = 0
configure:6720: result: yes
configure:6720: checking for unistd.h
configure:6720: gcc -c -g  -fvisibility=hidden   conftest.c >&5
configure:6720: $? = 0
configure:6720: result: yes
configure:6735: checking for dlfcn.h
configure:6735: gcc -c -g  -fvisibility=hidden   conftest.c >&5
configure:6735: $? = 0
configure:6735: result: yes
configure:7216: checking for objdir
configure:7231: result: .libs
configure:7527: checking if gcc supports -fno-rtti -fno-exceptions
configure:7545: gcc -c -g  -fvisibility=hidden   -fno-rtti -fno-exceptions conftest.c >&5
cc1: warning: command line option "-fno-rtti" is valid for C++/ObjC++ but not for C
configure:7549: $? = 0
configure:7562: result: no
configure:7582: checking for gcc option to produce PIC
configure:7854: result: -fPIC -DPIC
configure:7866: checking if gcc PIC flag -fPIC -DPIC works
configure:7884: gcc -c -g  -fvisibility=hidden   -fPIC -DPIC -DPIC conftest.c >&5
configure:7888: $? = 0
configure:7901: result: yes
configure:7925: checking if gcc static flag -static works
configure:7953: result: yes
configure:7968: checking if gcc supports -c -o file.o
configure:7989: gcc -c -g  -fvisibility=hidden   -o out/conftest2.o conftest.c >&5
configure:7993: $? = 0
configure:8015: result: yes
configure:8023: checking if gcc supports -c -o file.o
configure:8070: result: yes
configure:8103: checking whether the gcc linker (/usr/bin/ld) supports shared libraries
configure:9094: result: yes
configure:9131: checking whether -lc should be explicitly linked in
configure:9136: gcc -c -g  -fvisibility=hidden   conftest.c >&5
configure:9139: $? = 0
configure:9154: gcc -shared conftest.o  -v -Wl,-soname -Wl,conftest -o conftest 2\>\&1 \| /bin/grep  -lc  \>/dev/null 2\>\&1
configure:9157: $? = 0
configure:9169: result: no
configure:9333: checking dynamic linker characteristics
configure:9766: gcc -o conftest -g  -fvisibility=hidden     -Wl,-rpath -Wl,/foo conftest.c -lnsl -lutil  -lm  >&5
configure:9766: $? = 0
configure:9996: result: GNU/Linux ld.so
configure:10098: checking how to hardcode library paths into programs
configure:10123: result: immediate
configure:10217: checking for shl_load
configure:10217: gcc -o conftest -g  -fvisibility=hidden     conftest.c -lnsl -lutil  -lm  >&5
/tmp/cc6Ex5rl.o: In function `main':
/root/Roberto/UNLP/Especializacion/robertorp/src/openmpi-1.4.2/opal/libltdl/conftest.c:57: undefined reference to `shl_load'
collect2: ld returned 1 exit status
configure:10217: $? = 1
configure: failed program was:
| /* confdefs.h */
| #define PACKAGE_NAME "libltdl"
| #define PACKAGE_TARNAME "libltdl"
| #define PACKAGE_VERSION "2.2.6b"
| #define PACKAGE_STRING "libltdl 2.2.6b"
| #define PACKAGE_BUGREPORT "bug-libtool@gnu.org"
| #define PACKAGE_URL ""
| #define PACKAGE "libltdl"
| #define VERSION "2.2.6b"
| #define STDC_HEADERS 1
| #define HAVE_SYS_TYPES_H 1
| #define HAVE_SYS_STAT_H 1
| #define HAVE_STDLIB_H 1
| #define HAVE_STRING_H 1
| #define HAVE_MEMORY_H 1
| #define HAVE_STRINGS_H 1
| #define HAVE_INTTYPES_H 1
| #define HAVE_STDINT_H 1
| #define HAVE_UNISTD_H 1
| #define HAVE_DLFCN_H 1
| #define LT_OBJDIR ".libs/"
| /* end confdefs.h.  */
| /* Define shl_load to an innocuous variant, in case <limits.h> declares shl_load.
|    For example, HP-UX 11i <limits.h> declares gettimeofday.  */
| #define shl_load innocuous_shl_load
| 
| /* System header to define __stub macros and hopefully few prototypes,
|     which can conflict with char shl_load (); below.
|     Prefer <limits.h> to <assert.h> if __STDC__ is defined, since
|     <limits.h> exists even on freestanding compilers.  */
| 
| #ifdef __STDC__
| # include <limits.h>
| #else
| # include <assert.h>
| #endif
| 
| #undef shl_load
| 
| /* Override any GCC internal prototype to avoid an error.
|    Use char because int might match the return type of a GCC
|    builtin and then its argument prototype would still apply.  */
| #ifdef __cplusplus
| extern "C"
| #endif
| char shl_load ();
| /* The GNU C library defines this for functions which it implements
|     to always fail with ENOSYS.  Some functions are actually named
|     something starting with __ and the normal name is an alias.  */
| #if defined __stub_shl_load || defined __stub___shl_load
| choke me
| #endif
| 
| int
| main ()
| {
| return shl_load ();
|   ;
|   return 0;
| }
configure:10217: result: no
configure:10221: checking for shl_load in -ldld
configure:10246: gcc -o conftest -g  -fvisibility=hidden     conftest.c -ldld  -lnsl -lutil  -lm  >&5
/usr/bin/ld: cannot find -ldld
collect2: ld returned 1 exit status
configure:10246: $? = 1
configure: failed program was:
| /* confdefs.h */
| #define PACKAGE_NAME "libltdl"
| #define PACKAGE_TARNAME "libltdl"
| #define PACKAGE_VERSION "2.2.6b"
| #define PACKAGE_STRING "libltdl 2.2.6b"
| #define PACKAGE_BUGREPORT "bug-libtool@gnu.org"
| #define PACKAGE_URL ""
| #define PACKAGE "libltdl"
| #define VERSION "2.2.6b"
| #define STDC_HEADERS 1
| #define HAVE_SYS_TYPES_H 1
| #define HAVE_SYS_STAT_H 1
| #define HAVE_STDLIB_H 1
| #define HAVE_STRING_H 1
| #define HAVE_MEMORY_H 1
| #define HAVE_STRINGS_H 1
| #define HAVE_INTTYPES_H 1
| #define HAVE_STDINT_H 1
| #define HAVE_UNISTD_H 1
| #define HAVE_DLFCN_H 1
| #define LT_OBJDIR ".libs/"
| /* end confdefs.h.  */
| 
| /* Override any GCC internal prototype to avoid an error.
|    Use char because int might match the return type of a GCC
|    builtin and then its argument prototype would still apply.  */
| #ifdef __cplusplus
| extern "C"
| #endif
| char shl_load ();
| int
| main ()
| {
| return shl_load ();
|   ;
|   return 0;
| }
configure:10255: result: no
configure:10260: checking for dlopen
configure:10260: gcc -o conftest -g  -fvisibility=hidden     conftest.c -lnsl -lutil  -lm  >&5
/tmp/ccKkidTr.o: In function `main':
/root/Roberto/UNLP/Especializacion/robertorp/src/openmpi-1.4.2/opal/libltdl/conftest.c:57: undefined reference to `dlopen'
collect2: ld returned 1 exit status
configure:10260: $? = 1
configure: failed program was:
| /* confdefs.h */
| #define PACKAGE_NAME "libltdl"
| #define PACKAGE_TARNAME "libltdl"
| #define PACKAGE_VERSION "2.2.6b"
| #define PACKAGE_STRING "libltdl 2.2.6b"
| #define PACKAGE_BUGREPORT "bug-libtool@gnu.org"
| #define PACKAGE_URL ""
| #define PACKAGE "libltdl"
| #define VERSION "2.2.6b"
| #define STDC_HEADERS 1
| #define HAVE_SYS_TYPES_H 1
| #define HAVE_SYS_STAT_H 1
| #define HAVE_STDLIB_H 1
| #define HAVE_STRING_H 1
| #define HAVE_MEMORY_H 1
| #define HAVE_STRINGS_H 1
| #define HAVE_INTTYPES_H 1
| #define HAVE_STDINT_H 1
| #define HAVE_UNISTD_H 1
| #define HAVE_DLFCN_H 1
| #define LT_OBJDIR ".libs/"
| /* end confdefs.h.  */
| /* Define dlopen to an innocuous variant, in case <limits.h> declares dlopen.
|    For example, HP-UX 11i <limits.h> declares gettimeofday.  */
| #define dlopen innocuous_dlopen
| 
| /* System header to define __stub macros and hopefully few prototypes,
|     which can conflict with char dlopen (); below.
|     Prefer <limits.h> to <assert.h> if __STDC__ is defined, since
|     <limits.h> exists even on freestanding compilers.  */
| 
| #ifdef __STDC__
| # include <limits.h>
| #else
| # include <assert.h>
| #endif
| 
| #undef dlopen
| 
| /* Override any GCC internal prototype to avoid an error.
|    Use char because int might match the return type of a GCC
|    builtin and then its argument prototype would still apply.  */
| #ifdef __cplusplus
| extern "C"
| #endif
| char dlopen ();
| /* The GNU C library defines this for functions which it implements
|     to always fail with ENOSYS.  Some functions are actually named
|     something starting with __ and the normal name is an alias.  */
| #if defined __stub_dlopen || defined __stub___dlopen
| choke me
| #endif
| 
| int
| main ()
| {
| return dlopen ();
|   ;
|   return 0;
| }
configure:10260: result: no
configure:10264: checking for dlopen in -ldl
configure:10289: gcc -o conftest -g  -fvisibility=hidden     conftest.c -ldl  -lnsl -lutil  -lm  >&5
configure:10289: $? = 0
configure:10298: result: yes
configure:10417: checking whether a program can dlopen itself
configure:10487: gcc -o conftest -g  -fvisibility=hidden   -DHAVE_DLFCN_H   -Wl,--export-dynamic conftest.c -ldl -lnsl -lutil  -lm  >&5
configure:10490: $? = 0
configure:10508: result: no
configure:10643: checking whether stripping libraries is possible
configure:10648: result: yes
configure:10683: checking if libtool supports shared libraries
configure:10685: result: yes
configure:10688: checking whether to build shared libraries
configure:10709: result: yes
configure:10712: checking whether to build static libraries
configure:10716: result: no
configure:10751: checking which extension is used for runtime loadable modules
configure:10761: result: .so
configure:10771: checking which variable specifies run-time module search path
configure:10778: result: LD_LIBRARY_PATH
configure:10788: checking for the default library search path
configure:10795: result: /lib /usr/lib /usr/X11R6/lib /usr/local/lib /usr/local/lib/moc/decoder_plugins /usr/local/lib/memprof /usr/lib/ogmrip/options-plugins /lib/i486-linux-gnu /usr/lib/i486-linux-gnu /usr/local/lib /usr/local/openmpi/lib /usr/local/openmpi/lib/openmpi /usr/realtime/lib 
configure:10825: checking for library containing dlopen
configure:10856: gcc -o conftest -g  -fvisibility=hidden     conftest.c -lnsl -lutil  -lm  >&5
/tmp/ccZJHypD.o: In function `main':
/root/Roberto/UNLP/Especializacion/robertorp/src/openmpi-1.4.2/opal/libltdl/conftest.c:37: undefined reference to `dlopen'
collect2: ld returned 1 exit status
configure:10856: $? = 1
configure: failed program was:
| /* confdefs.h */
| #define PACKAGE_NAME "libltdl"
| #define PACKAGE_TARNAME "libltdl"
| #define PACKAGE_VERSION "2.2.6b"
| #define PACKAGE_STRING "libltdl 2.2.6b"
| #define PACKAGE_BUGREPORT "bug-libtool@gnu.org"
| #define PACKAGE_URL ""
| #define PACKAGE "libltdl"
| #define VERSION "2.2.6b"
| #define STDC_HEADERS 1
| #define HAVE_SYS_TYPES_H 1
| #define HAVE_SYS_STAT_H 1
| #define HAVE_STDLIB_H 1
| #define HAVE_STRING_H 1
| #define HAVE_MEMORY_H 1
| #define HAVE_STRINGS_H 1
| #define HAVE_INTTYPES_H 1
| #define HAVE_STDINT_H 1
| #define HAVE_UNISTD_H 1
| #define HAVE_DLFCN_H 1
| #define LT_OBJDIR ".libs/"
| #define LT_MODULE_EXT ".so"
| #define LT_MODULE_PATH_VAR "LD_LIBRARY_PATH"
| #define LT_DLSEARCH_PATH "/lib:/usr/lib:/usr/X11R6/lib:/usr/local/lib:/usr/local/lib/moc/decoder_plugins:/usr/local/lib/memprof:/usr/lib/ogmrip/options-plugins:/lib/i486-linux-gnu:/usr/lib/i486-linux-gnu:/usr/local/lib:/usr/local/openmpi/lib:/usr/local/openmpi/lib/openmpi:/usr/realtime/lib"
| /* end confdefs.h.  */
| 
| /* Override any GCC internal prototype to avoid an error.
|    Use char because int might match the return type of a GCC
|    builtin and then its argument prototype would still apply.  */
| #ifdef __cplusplus
| extern "C"
| #endif
| char dlopen ();
| int
| main ()
| {
| return dlopen ();
|   ;
|   return 0;
| }
configure:10856: gcc -o conftest -g  -fvisibility=hidden     conftest.c -ldl  -lnsl -lutil  -lm  >&5
configure:10856: $? = 0
configure:10873: result: -ldl
configure:10963: checking for dlerror
configure:10963: gcc -o conftest -g  -fvisibility=hidden     conftest.c -ldl -lnsl -lutil  -lm  -ldl >&5
configure:10963: $? = 0
configure:10963: result: yes
configure:10977: checking for shl_load
configure:10977: result: no
configure:10984: checking for shl_load in -ldld
configure:11018: result: no
configure:11064: checking for dld_link in -ldld
configure:11089: gcc -o conftest -g  -fvisibility=hidden     conftest.c -ldld  -ldl -lnsl -lutil  -lm  >&5
/usr/bin/ld: cannot find -ldld
collect2: ld returned 1 exit status
configure:11089: $? = 1
configure: failed program was:
| /* confdefs.h */
| #define PACKAGE_NAME "libltdl"
| #define PACKAGE_TARNAME "libltdl"
| #define PACKAGE_VERSION "2.2.6b"
| #define PACKAGE_STRING "libltdl 2.2.6b"
| #define PACKAGE_BUGREPORT "bug-libtool@gnu.org"
| #define PACKAGE_URL ""
| #define PACKAGE "libltdl"
| #define VERSION "2.2.6b"
| #define STDC_HEADERS 1
| #define HAVE_SYS_TYPES_H 1
| #define HAVE_SYS_STAT_H 1
| #define HAVE_STDLIB_H 1
| #define HAVE_STRING_H 1
| #define HAVE_MEMORY_H 1
| #define HAVE_STRINGS_H 1
| #define HAVE_INTTYPES_H 1
| #define HAVE_STDINT_H 1
| #define HAVE_UNISTD_H 1
| #define HAVE_DLFCN_H 1
| #define LT_OBJDIR ".libs/"
| #define LT_MODULE_EXT ".so"
| #define LT_MODULE_PATH_VAR "LD_LIBRARY_PATH"
| #define LT_DLSEARCH_PATH "/lib:/usr/lib:/usr/X11R6/lib:/usr/local/lib:/usr/local/lib/moc/decoder_plugins:/usr/local/lib/memprof:/usr/lib/ogmrip/options-plugins:/lib/i486-linux-gnu:/usr/lib/i486-linux-gnu:/usr/local/lib:/usr/local/openmpi/lib:/usr/local/openmpi/lib/openmpi:/usr/realtime/lib"
| #define HAVE_LIBDL 1
| #define HAVE_DLERROR 1
| /* end confdefs.h.  */
| 
| /* Override any GCC internal prototype to avoid an error.
|    Use char because int might match the return type of a GCC
|    builtin and then its argument prototype would still apply.  */
| #ifdef __cplusplus
| extern "C"
| #endif
| char dld_link ();
| int
| main ()
| {
| return dld_link ();
|   ;
|   return 0;
| }
configure:11098: result: no
configure:11132: checking for _ prefix in compiled symbols
configure:11142: gcc -c -g  -fvisibility=hidden   conftest.c >&5
configure:11145: $? = 0
configure:11149: /usr/bin/nm -B conftest.o \| sed -n -e 's/^.*[	 ]\([ABCDGIRSTW][ABCDGIRSTW]*\)[	 ][	 ]*\([_A-Za-z][_A-Za-z0-9]*\)$/\1 \2 \2/p' \> conftest.nm
configure:11152: $? = 0
configure:11174: result: no
configure:11288: checking whether deplibs are loaded by dlopen
configure:11382: result: yes
configure:11394: checking for argz.h
configure:11394: gcc -c -g  -fvisibility=hidden   conftest.c >&5
configure:11394: $? = 0
configure:11394: result: yes
configure:11406: checking for error_t
configure:11406: gcc -c -g  -fvisibility=hidden   conftest.c >&5
configure:11406: $? = 0
configure:11406: gcc -c -g  -fvisibility=hidden   conftest.c >&5
conftest.c: In function 'main':
conftest.c:37: error: expected expression before ')' token
configure:11406: $? = 1
configure: failed program was:
| /* confdefs.h */
| #define PACKAGE_NAME "libltdl"
| #define PACKAGE_TARNAME "libltdl"
| #define PACKAGE_VERSION "2.2.6b"
| #define PACKAGE_STRING "libltdl 2.2.6b"
| #define PACKAGE_BUGREPORT "bug-libtool@gnu.org"
| #define PACKAGE_URL ""
| #define PACKAGE "libltdl"
| #define VERSION "2.2.6b"
| #define STDC_HEADERS 1
| #define HAVE_SYS_TYPES_H 1
| #define HAVE_SYS_STAT_H 1
| #define HAVE_STDLIB_H 1
| #define HAVE_STRING_H 1
| #define HAVE_MEMORY_H 1
| #define HAVE_STRINGS_H 1
| #define HAVE_INTTYPES_H 1
| #define HAVE_STDINT_H 1
| #define HAVE_UNISTD_H 1
| #define HAVE_DLFCN_H 1
| #define LT_OBJDIR ".libs/"
| #define LT_MODULE_EXT ".so"
| #define LT_MODULE_PATH_VAR "LD_LIBRARY_PATH"
| #define LT_DLSEARCH_PATH "/lib:/usr/lib:/usr/X11R6/lib:/usr/local/lib:/usr/local/lib/moc/decoder_plugins:/usr/local/lib/memprof:/usr/lib/ogmrip/options-plugins:/lib/i486-linux-gnu:/usr/lib/i486-linux-gnu:/usr/local/lib:/usr/local/openmpi/lib:/usr/local/openmpi/lib/openmpi:/usr/realtime/lib"
| #define HAVE_LIBDL 1
| #define HAVE_DLERROR 1
| #define HAVE_LIBDLLOADER 1
| #define HAVE_ARGZ_H 1
| /* end confdefs.h.  */
| #if defined(HAVE_ARGZ_H)
| #  include <argz.h>
| #endif
| 
| int
| main ()
| {
| if (sizeof ((error_t)))
| 	    return 0;
|   ;
|   return 0;
| }
configure:11406: result: yes
configure:11432: checking for argz_add
configure:11432: gcc -o conftest -g  -fvisibility=hidden     conftest.c -ldl -lnsl -lutil  -lm  >&5
configure:11432: $? = 0
configure:11432: result: yes
configure:11432: checking for argz_append
configure:11432: gcc -o conftest -g  -fvisibility=hidden     conftest.c -ldl -lnsl -lutil  -lm  >&5
configure:11432: $? = 0
configure:11432: result: yes
configure:11432: checking for argz_count
configure:11432: gcc -o conftest -g  -fvisibility=hidden     conftest.c -ldl -lnsl -lutil  -lm  >&5
configure:11432: $? = 0
configure:11432: result: yes
configure:11432: checking for argz_create_sep
configure:11432: gcc -o conftest -g  -fvisibility=hidden     conftest.c -ldl -lnsl -lutil  -lm  >&5
configure:11432: $? = 0
configure:11432: result: yes
configure:11432: checking for argz_insert
configure:11432: gcc -o conftest -g  -fvisibility=hidden     conftest.c -ldl -lnsl -lutil  -lm  >&5
configure:11432: $? = 0
configure:11432: result: yes
configure:11432: checking for argz_next
configure:11432: gcc -o conftest -g  -fvisibility=hidden     conftest.c -ldl -lnsl -lutil  -lm  >&5
configure:11432: $? = 0
configure:11432: result: yes
configure:11432: checking for argz_stringify
configure:11432: gcc -o conftest -g  -fvisibility=hidden     conftest.c -ldl -lnsl -lutil  -lm  >&5
configure:11432: $? = 0
configure:11432: result: yes
configure:11451: checking if argz actually works
configure:11482: result: yes
configure:11501: checking whether libtool supports -dlopen/-dlpreopen
configure:11513: result: yes
configure:11566: checking for unistd.h
configure:11566: result: yes
configure:11566: checking for dl.h
configure:11566: gcc -c -g  -fvisibility=hidden   conftest.c >&5
conftest.c:75:16: error: dl.h: No such file or directory
configure:11566: $? = 1
configure: failed program was:
| /* confdefs.h */
| #define PACKAGE_NAME "libltdl"
| #define PACKAGE_TARNAME "libltdl"
| #define PACKAGE_VERSION "2.2.6b"
| #define PACKAGE_STRING "libltdl 2.2.6b"
| #define PACKAGE_BUGREPORT "bug-libtool@gnu.org"
| #define PACKAGE_URL ""
| #define PACKAGE "libltdl"
| #define VERSION "2.2.6b"
| #define STDC_HEADERS 1
| #define HAVE_SYS_TYPES_H 1
| #define HAVE_SYS_STAT_H 1
| #define HAVE_STDLIB_H 1
| #define HAVE_STRING_H 1
| #define HAVE_MEMORY_H 1
| #define HAVE_STRINGS_H 1
| #define HAVE_INTTYPES_H 1
| #define HAVE_STDINT_H 1
| #define HAVE_UNISTD_H 1
| #define HAVE_DLFCN_H 1
| #define LT_OBJDIR ".libs/"
| #define LT_MODULE_EXT ".so"
| #define LT_MODULE_PATH_VAR "LD_LIBRARY_PATH"
| #define LT_DLSEARCH_PATH "/lib:/usr/lib:/usr/X11R6/lib:/usr/local/lib:/usr/local/lib/moc/decoder_plugins:/usr/local/lib/memprof:/usr/lib/ogmrip/options-plugins:/lib/i486-linux-gnu:/usr/lib/i486-linux-gnu:/usr/local/lib:/usr/local/openmpi/lib:/usr/local/openmpi/lib/openmpi:/usr/realtime/lib"
| #define HAVE_LIBDL 1
| #define HAVE_DLERROR 1
| #define HAVE_LIBDLLOADER 1
| #define HAVE_ARGZ_H 1
| #define HAVE_ERROR_T 1
| #define HAVE_ARGZ_ADD 1
| #define HAVE_ARGZ_APPEND 1
| #define HAVE_ARGZ_COUNT 1
| #define HAVE_ARGZ_CREATE_SEP 1
| #define HAVE_ARGZ_INSERT 1
| #define HAVE_ARGZ_NEXT 1
| #define HAVE_ARGZ_STRINGIFY 1
| #define HAVE_WORKING_ARGZ 1
| #define HAVE_PRELOADED_SYMBOLS 1
| #define HAVE_UNISTD_H 1
| /* end confdefs.h.  */
| #include <stdio.h>
| #ifdef HAVE_SYS_TYPES_H
| # include <sys/types.h>
| #endif
| #ifdef HAVE_SYS_STAT_H
| # include <sys/stat.h>
| #endif
| #ifdef STDC_HEADERS
| # include <stdlib.h>
| # include <stddef.h>
| #else
| # ifdef HAVE_STDLIB_H
| #  include <stdlib.h>
| # endif
| #endif
| #ifdef HAVE_STRING_H
| # if !defined STDC_HEADERS && defined HAVE_MEMORY_H
| #  include <memory.h>
| # endif
| # include <string.h>
| #endif
| #ifdef HAVE_STRINGS_H
| # include <strings.h>
| #endif
| #ifdef HAVE_INTTYPES_H
| # include <inttypes.h>
| #endif
| #ifdef HAVE_STDINT_H
| # include <stdint.h>
| #endif
| #ifdef HAVE_UNISTD_H
| # include <unistd.h>
| #endif
| 
| #include <dl.h>
configure:11566: result: no
configure:11566: checking for sys/dl.h
configure:11566: gcc -c -g  -fvisibility=hidden   conftest.c >&5
conftest.c:75:20: error: sys/dl.h: No such file or directory
configure:11566: $? = 1
configure: failed program was:
| /* confdefs.h */
| #define PACKAGE_NAME "libltdl"
| #define PACKAGE_TARNAME "libltdl"
| #define PACKAGE_VERSION "2.2.6b"
| #define PACKAGE_STRING "libltdl 2.2.6b"
| #define PACKAGE_BUGREPORT "bug-libtool@gnu.org"
| #define PACKAGE_URL ""
| #define PACKAGE "libltdl"
| #define VERSION "2.2.6b"
| #define STDC_HEADERS 1
| #define HAVE_SYS_TYPES_H 1
| #define HAVE_SYS_STAT_H 1
| #define HAVE_STDLIB_H 1
| #define HAVE_STRING_H 1
| #define HAVE_MEMORY_H 1
| #define HAVE_STRINGS_H 1
| #define HAVE_INTTYPES_H 1
| #define HAVE_STDINT_H 1
| #define HAVE_UNISTD_H 1
| #define HAVE_DLFCN_H 1
| #define LT_OBJDIR ".libs/"
| #define LT_MODULE_EXT ".so"
| #define LT_MODULE_PATH_VAR "LD_LIBRARY_PATH"
| #define LT_DLSEARCH_PATH "/lib:/usr/lib:/usr/X11R6/lib:/usr/local/lib:/usr/local/lib/moc/decoder_plugins:/usr/local/lib/memprof:/usr/lib/ogmrip/options-plugins:/lib/i486-linux-gnu:/usr/lib/i486-linux-gnu:/usr/local/lib:/usr/local/openmpi/lib:/usr/local/openmpi/lib/openmpi:/usr/realtime/lib"
| #define HAVE_LIBDL 1
| #define HAVE_DLERROR 1
| #define HAVE_LIBDLLOADER 1
| #define HAVE_ARGZ_H 1
| #define HAVE_ERROR_T 1
| #define HAVE_ARGZ_ADD 1
| #define HAVE_ARGZ_APPEND 1
| #define HAVE_ARGZ_COUNT 1
| #define HAVE_ARGZ_CREATE_SEP 1
| #define HAVE_ARGZ_INSERT 1
| #define HAVE_ARGZ_NEXT 1
| #define HAVE_ARGZ_STRINGIFY 1
| #define HAVE_WORKING_ARGZ 1
| #define HAVE_PRELOADED_SYMBOLS 1
| #define HAVE_UNISTD_H 1
| /* end confdefs.h.  */
| #include <stdio.h>
| #ifdef HAVE_SYS_TYPES_H
| # include <sys/types.h>
| #endif
| #ifdef HAVE_SYS_STAT_H
| # include <sys/stat.h>
| #endif
| #ifdef STDC_HEADERS
| # include <stdlib.h>
| # include <stddef.h>
| #else
| # ifdef HAVE_STDLIB_H
| #  include <stdlib.h>
| # endif
| #endif
| #ifdef HAVE_STRING_H
| # if !defined STDC_HEADERS && defined HAVE_MEMORY_H
| #  include <memory.h>
| # endif
| # include <string.h>
| #endif
| #ifdef HAVE_STRINGS_H
| # include <strings.h>
| #endif
| #ifdef HAVE_INTTYPES_H
| # include <inttypes.h>
| #endif
| #ifdef HAVE_STDINT_H
| # include <stdint.h>
| #endif
| #ifdef HAVE_UNISTD_H
| # include <unistd.h>
| #endif
| 
| #include <sys/dl.h>
configure:11566: result: no
configure:11566: checking for dld.h
configure:11566: gcc -c -g  -fvisibility=hidden   conftest.c >&5
conftest.c:75:17: error: dld.h: No such file or directory
configure:11566: $? = 1
configure: failed program was:
| /* confdefs.h */
| #define PACKAGE_NAME "libltdl"
| #define PACKAGE_TARNAME "libltdl"
| #define PACKAGE_VERSION "2.2.6b"
| #define PACKAGE_STRING "libltdl 2.2.6b"
| #define PACKAGE_BUGREPORT "bug-libtool@gnu.org"
| #define PACKAGE_URL ""
| #define PACKAGE "libltdl"
| #define VERSION "2.2.6b"
| #define STDC_HEADERS 1
| #define HAVE_SYS_TYPES_H 1
| #define HAVE_SYS_STAT_H 1
| #define HAVE_STDLIB_H 1
| #define HAVE_STRING_H 1
| #define HAVE_MEMORY_H 1
| #define HAVE_STRINGS_H 1
| #define HAVE_INTTYPES_H 1
| #define HAVE_STDINT_H 1
| #define HAVE_UNISTD_H 1
| #define HAVE_DLFCN_H 1
| #define LT_OBJDIR ".libs/"
| #define LT_MODULE_EXT ".so"
| #define LT_MODULE_PATH_VAR "LD_LIBRARY_PATH"
| #define LT_DLSEARCH_PATH "/lib:/usr/lib:/usr/X11R6/lib:/usr/local/lib:/usr/local/lib/moc/decoder_plugins:/usr/local/lib/memprof:/usr/lib/ogmrip/options-plugins:/lib/i486-linux-gnu:/usr/lib/i486-linux-gnu:/usr/local/lib:/usr/local/openmpi/lib:/usr/local/openmpi/lib/openmpi:/usr/realtime/lib"
| #define HAVE_LIBDL 1
| #define HAVE_DLERROR 1
| #define HAVE_LIBDLLOADER 1
| #define HAVE_ARGZ_H 1
| #define HAVE_ERROR_T 1
| #define HAVE_ARGZ_ADD 1
| #define HAVE_ARGZ_APPEND 1
| #define HAVE_ARGZ_COUNT 1
| #define HAVE_ARGZ_CREATE_SEP 1
| #define HAVE_ARGZ_INSERT 1
| #define HAVE_ARGZ_NEXT 1
| #define HAVE_ARGZ_STRINGIFY 1
| #define HAVE_WORKING_ARGZ 1
| #define HAVE_PRELOADED_SYMBOLS 1
| #define HAVE_UNISTD_H 1
| /* end confdefs.h.  */
| #include <stdio.h>
| #ifdef HAVE_SYS_TYPES_H
| # include <sys/types.h>
| #endif
| #ifdef HAVE_SYS_STAT_H
| # include <sys/stat.h>
| #endif
| #ifdef STDC_HEADERS
| # include <stdlib.h>
| # include <stddef.h>
| #else
| # ifdef HAVE_STDLIB_H
| #  include <stdlib.h>
| # endif
| #endif
| #ifdef HAVE_STRING_H
| # if !defined STDC_HEADERS && defined HAVE_MEMORY_H
| #  include <memory.h>
| # endif
| # include <string.h>
| #endif
| #ifdef HAVE_STRINGS_H
| # include <strings.h>
| #endif
| #ifdef HAVE_INTTYPES_H
| # include <inttypes.h>
| #endif
| #ifdef HAVE_STDINT_H
| # include <stdint.h>
| #endif
| #ifdef HAVE_UNISTD_H
| # include <unistd.h>
| #endif
| 
| #include <dld.h>
configure:11566: result: no
configure:11566: checking for mach-o/dyld.h
configure:11566: gcc -c -g  -fvisibility=hidden   conftest.c >&5
conftest.c:75:25: error: mach-o/dyld.h: No such file or directory
configure:11566: $? = 1
configure: failed program was:
| /* confdefs.h */
| #define PACKAGE_NAME "libltdl"
| #define PACKAGE_TARNAME "libltdl"
| #define PACKAGE_VERSION "2.2.6b"
| #define PACKAGE_STRING "libltdl 2.2.6b"
| #define PACKAGE_BUGREPORT "bug-libtool@gnu.org"
| #define PACKAGE_URL ""
| #define PACKAGE "libltdl"
| #define VERSION "2.2.6b"
| #define STDC_HEADERS 1
| #define HAVE_SYS_TYPES_H 1
| #define HAVE_SYS_STAT_H 1
| #define HAVE_STDLIB_H 1
| #define HAVE_STRING_H 1
| #define HAVE_MEMORY_H 1
| #define HAVE_STRINGS_H 1
| #define HAVE_INTTYPES_H 1
| #define HAVE_STDINT_H 1
| #define HAVE_UNISTD_H 1
| #define HAVE_DLFCN_H 1
| #define LT_OBJDIR ".libs/"
| #define LT_MODULE_EXT ".so"
| #define LT_MODULE_PATH_VAR "LD_LIBRARY_PATH"
| #define LT_DLSEARCH_PATH "/lib:/usr/lib:/usr/X11R6/lib:/usr/local/lib:/usr/local/lib/moc/decoder_plugins:/usr/local/lib/memprof:/usr/lib/ogmrip/options-plugins:/lib/i486-linux-gnu:/usr/lib/i486-linux-gnu:/usr/local/lib:/usr/local/openmpi/lib:/usr/local/openmpi/lib/openmpi:/usr/realtime/lib"
| #define HAVE_LIBDL 1
| #define HAVE_DLERROR 1
| #define HAVE_LIBDLLOADER 1
| #define HAVE_ARGZ_H 1
| #define HAVE_ERROR_T 1
| #define HAVE_ARGZ_ADD 1
| #define HAVE_ARGZ_APPEND 1
| #define HAVE_ARGZ_COUNT 1
| #define HAVE_ARGZ_CREATE_SEP 1
| #define HAVE_ARGZ_INSERT 1
| #define HAVE_ARGZ_NEXT 1
| #define HAVE_ARGZ_STRINGIFY 1
| #define HAVE_WORKING_ARGZ 1
| #define HAVE_PRELOADED_SYMBOLS 1
| #define HAVE_UNISTD_H 1
| /* end confdefs.h.  */
| #include <stdio.h>
| #ifdef HAVE_SYS_TYPES_H
| # include <sys/types.h>
| #endif
| #ifdef HAVE_SYS_STAT_H
| # include <sys/stat.h>
| #endif
| #ifdef STDC_HEADERS
| # include <stdlib.h>
| # include <stddef.h>
| #else
| # ifdef HAVE_STDLIB_H
| #  include <stdlib.h>
| # endif
| #endif
| #ifdef HAVE_STRING_H
| # if !defined STDC_HEADERS && defined HAVE_MEMORY_H
| #  include <memory.h>
| # endif
| # include <string.h>
| #endif
| #ifdef HAVE_STRINGS_H
| # include <strings.h>
| #endif
| #ifdef HAVE_INTTYPES_H
| # include <inttypes.h>
| #endif
| #ifdef HAVE_STDINT_H
| # include <stdint.h>
| #endif
| #ifdef HAVE_UNISTD_H
| # include <unistd.h>
| #endif
| 
| #include <mach-o/dyld.h>
configure:11566: result: no
configure:11566: checking for dirent.h
configure:11566: gcc -c -g  -fvisibility=hidden   conftest.c >&5
configure:11566: $? = 0
configure:11566: result: yes
configure:11582: checking for closedir
configure:11582: gcc -o conftest -g  -fvisibility=hidden     conftest.c -ldl -lnsl -lutil  -lm  >&5
configure:11582: $? = 0
configure:11582: result: yes
configure:11582: checking for opendir
configure:11582: gcc -o conftest -g  -fvisibility=hidden     conftest.c -ldl -lnsl -lutil  -lm  >&5
configure:11582: $? = 0
configure:11582: result: yes
configure:11582: checking for readdir
configure:11582: gcc -o conftest -g  -fvisibility=hidden     conftest.c -ldl -lnsl -lutil  -lm  >&5
configure:11582: $? = 0
configure:11582: result: yes
configure:11602: checking for strlcat
configure:11602: gcc -o conftest -g  -fvisibility=hidden     conftest.c -ldl -lnsl -lutil  -lm  >&5
/tmp/ccOfIEaz.o: In function `main':
/root/Roberto/UNLP/Especializacion/robertorp/src/openmpi-1.4.2/opal/libltdl/conftest.c:79: undefined reference to `strlcat'
collect2: ld returned 1 exit status
configure:11602: $? = 1
configure: failed program was:
| /* confdefs.h */
| #define PACKAGE_NAME "libltdl"
| #define PACKAGE_TARNAME "libltdl"
| #define PACKAGE_VERSION "2.2.6b"
| #define PACKAGE_STRING "libltdl 2.2.6b"
| #define PACKAGE_BUGREPORT "bug-libtool@gnu.org"
| #define PACKAGE_URL ""
| #define PACKAGE "libltdl"
| #define VERSION "2.2.6b"
| #define STDC_HEADERS 1
| #define HAVE_SYS_TYPES_H 1
| #define HAVE_SYS_STAT_H 1
| #define HAVE_STDLIB_H 1
| #define HAVE_STRING_H 1
| #define HAVE_MEMORY_H 1
| #define HAVE_STRINGS_H 1
| #define HAVE_INTTYPES_H 1
| #define HAVE_STDINT_H 1
| #define HAVE_UNISTD_H 1
| #define HAVE_DLFCN_H 1
| #define LT_OBJDIR ".libs/"
| #define LT_MODULE_EXT ".so"
| #define LT_MODULE_PATH_VAR "LD_LIBRARY_PATH"
| #define LT_DLSEARCH_PATH "/lib:/usr/lib:/usr/X11R6/lib:/usr/local/lib:/usr/local/lib/moc/decoder_plugins:/usr/local/lib/memprof:/usr/lib/ogmrip/options-plugins:/lib/i486-linux-gnu:/usr/lib/i486-linux-gnu:/usr/local/lib:/usr/local/openmpi/lib:/usr/local/openmpi/lib/openmpi:/usr/realtime/lib"
| #define HAVE_LIBDL 1
| #define HAVE_DLERROR 1
| #define HAVE_LIBDLLOADER 1
| #define HAVE_ARGZ_H 1
| #define HAVE_ERROR_T 1
| #define HAVE_ARGZ_ADD 1
| #define HAVE_ARGZ_APPEND 1
| #define HAVE_ARGZ_COUNT 1
| #define HAVE_ARGZ_CREATE_SEP 1
| #define HAVE_ARGZ_INSERT 1
| #define HAVE_ARGZ_NEXT 1
| #define HAVE_ARGZ_STRINGIFY 1
| #define HAVE_WORKING_ARGZ 1
| #define HAVE_PRELOADED_SYMBOLS 1
| #define HAVE_UNISTD_H 1
| #define HAVE_DIRENT_H 1
| #define HAVE_CLOSEDIR 1
| #define HAVE_OPENDIR 1
| #define HAVE_READDIR 1
| /* end confdefs.h.  */
| /* Define strlcat to an innocuous variant, in case <limits.h> declares strlcat.
|    For example, HP-UX 11i <limits.h> declares gettimeofday.  */
| #define strlcat innocuous_strlcat
| 
| /* System header to define __stub macros and hopefully few prototypes,
|     which can conflict with char strlcat (); below.
|     Prefer <limits.h> to <assert.h> if __STDC__ is defined, since
|     <limits.h> exists even on freestanding compilers.  */
| 
| #ifdef __STDC__
| # include <limits.h>
| #else
| # include <assert.h>
| #endif
| 
| #undef strlcat
| 
| /* Override any GCC internal prototype to avoid an error.
|    Use char because int might match the return type of a GCC
|    builtin and then its argument prototype would still apply.  */
| #ifdef __cplusplus
| extern "C"
| #endif
| char strlcat ();
| /* The GNU C library defines this for functions which it implements
|     to always fail with ENOSYS.  Some functions are actually named
|     something starting with __ and the normal name is an alias.  */
| #if defined __stub_strlcat || defined __stub___strlcat
| choke me
| #endif
| 
| int
| main ()
| {
| return strlcat ();
|   ;
|   return 0;
| }
configure:11602: result: no
configure:11602: checking for strlcpy
configure:11602: gcc -o conftest -g  -fvisibility=hidden     conftest.c -ldl -lnsl -lutil  -lm  >&5
/tmp/ccZSUXwy.o: In function `main':
/root/Roberto/UNLP/Especializacion/robertorp/src/openmpi-1.4.2/opal/libltdl/conftest.c:79: undefined reference to `strlcpy'
collect2: ld returned 1 exit status
configure:11602: $? = 1
configure: failed program was:
| /* confdefs.h */
| #define PACKAGE_NAME "libltdl"
| #define PACKAGE_TARNAME "libltdl"
| #define PACKAGE_VERSION "2.2.6b"
| #define PACKAGE_STRING "libltdl 2.2.6b"
| #define PACKAGE_BUGREPORT "bug-libtool@gnu.org"
| #define PACKAGE_URL ""
| #define PACKAGE "libltdl"
| #define VERSION "2.2.6b"
| #define STDC_HEADERS 1
| #define HAVE_SYS_TYPES_H 1
| #define HAVE_SYS_STAT_H 1
| #define HAVE_STDLIB_H 1
| #define HAVE_STRING_H 1
| #define HAVE_MEMORY_H 1
| #define HAVE_STRINGS_H 1
| #define HAVE_INTTYPES_H 1
| #define HAVE_STDINT_H 1
| #define HAVE_UNISTD_H 1
| #define HAVE_DLFCN_H 1
| #define LT_OBJDIR ".libs/"
| #define LT_MODULE_EXT ".so"
| #define LT_MODULE_PATH_VAR "LD_LIBRARY_PATH"
| #define LT_DLSEARCH_PATH "/lib:/usr/lib:/usr/X11R6/lib:/usr/local/lib:/usr/local/lib/moc/decoder_plugins:/usr/local/lib/memprof:/usr/lib/ogmrip/options-plugins:/lib/i486-linux-gnu:/usr/lib/i486-linux-gnu:/usr/local/lib:/usr/local/openmpi/lib:/usr/local/openmpi/lib/openmpi:/usr/realtime/lib"
| #define HAVE_LIBDL 1
| #define HAVE_DLERROR 1
| #define HAVE_LIBDLLOADER 1
| #define HAVE_ARGZ_H 1
| #define HAVE_ERROR_T 1
| #define HAVE_ARGZ_ADD 1
| #define HAVE_ARGZ_APPEND 1
| #define HAVE_ARGZ_COUNT 1
| #define HAVE_ARGZ_CREATE_SEP 1
| #define HAVE_ARGZ_INSERT 1
| #define HAVE_ARGZ_NEXT 1
| #define HAVE_ARGZ_STRINGIFY 1
| #define HAVE_WORKING_ARGZ 1
| #define HAVE_PRELOADED_SYMBOLS 1
| #define HAVE_UNISTD_H 1
| #define HAVE_DIRENT_H 1
| #define HAVE_CLOSEDIR 1
| #define HAVE_OPENDIR 1
| #define HAVE_READDIR 1
| /* end confdefs.h.  */
| /* Define strlcpy to an innocuous variant, in case <limits.h> declares strlcpy.
|    For example, HP-UX 11i <limits.h> declares gettimeofday.  */
| #define strlcpy innocuous_strlcpy
| 
| /* System header to define __stub macros and hopefully few prototypes,
|     which can conflict with char strlcpy (); below.
|     Prefer <limits.h> to <assert.h> if __STDC__ is defined, since
|     <limits.h> exists even on freestanding compilers.  */
| 
| #ifdef __STDC__
| # include <limits.h>
| #else
| # include <assert.h>
| #endif
| 
| #undef strlcpy
| 
| /* Override any GCC internal prototype to avoid an error.
|    Use char because int might match the return type of a GCC
|    builtin and then its argument prototype would still apply.  */
| #ifdef __cplusplus
| extern "C"
| #endif
| char strlcpy ();
| /* The GNU C library defines this for functions which it implements
|     to always fail with ENOSYS.  Some functions are actually named
|     something starting with __ and the normal name is an alias.  */
| #if defined __stub_strlcpy || defined __stub___strlcpy
| choke me
| #endif
| 
| int
| main ()
| {
| return strlcpy ();
|   ;
|   return 0;
| }
configure:11602: result: no
configure:11764: creating ./config.status

## ---------------------- ##
## Running config.status. ##
## ---------------------- ##

This file was extended by libltdl config.status 2.2.6b, which was
generated by GNU Autoconf 2.65.  Invocation command line was

  CONFIG_FILES    = 
  CONFIG_HEADERS  = 
  CONFIG_LINKS    = 
  CONFIG_COMMANDS = 
  $ ./config.status 

on asterisk

config.status:1104: creating Makefile
config.status:1104: creating config.h
config.status:1276: config.h is unchanged
config.status:1324: executing depfiles commands
config.status:1324: executing libtool commands
configure:13970: WARNING: unrecognized options: --enable-orterun-prefix-by-default, --enable-mpirun-prefix-by-default, --enable-debug, --disable-mpi-f77, --disable-mpi-f90, --disable-mpi-cxx, --enable-ltdl-convenience

## ---------------- ##
## Cache variables. ##
## ---------------- ##

ac_cv_build=i686-pc-linux-gnu
ac_cv_c_compiler_gnu=yes
ac_cv_env_CC_set=
ac_cv_env_CC_value=
ac_cv_env_CFLAGS_set=set
ac_cv_env_CFLAGS_value='-g  -fvisibility=hidden'
ac_cv_env_CPPFLAGS_set=set
ac_cv_env_CPPFLAGS_value=' '
ac_cv_env_CPP_set=
ac_cv_env_CPP_value=
ac_cv_env_LDFLAGS_set=set
ac_cv_env_LDFLAGS_value=' '
ac_cv_env_LIBS_set=set
ac_cv_env_LIBS_value='-lnsl -lutil  -lm '
ac_cv_env_build_alias_set=
ac_cv_env_build_alias_value=
ac_cv_env_host_alias_set=
ac_cv_env_host_alias_value=
ac_cv_env_target_alias_set=
ac_cv_env_target_alias_value=
ac_cv_func_argz_add=yes
ac_cv_func_argz_append=yes
ac_cv_func_argz_count=yes
ac_cv_func_argz_create_sep=yes
ac_cv_func_argz_insert=yes
ac_cv_func_argz_next=yes
ac_cv_func_argz_stringify=yes
ac_cv_func_closedir=yes
ac_cv_func_dlerror=yes
ac_cv_func_dlopen=no
ac_cv_func_opendir=yes
ac_cv_func_readdir=yes
ac_cv_func_shl_load=no
ac_cv_func_strlcat=no
ac_cv_func_strlcpy=no
ac_cv_header_argz_h=yes
ac_cv_header_dirent_h=yes
ac_cv_header_dl_h=no
ac_cv_header_dld_h=no
ac_cv_header_dlfcn_h=yes
ac_cv_header_inttypes_h=yes
ac_cv_header_mach_o_dyld_h=no
ac_cv_header_memory_h=yes
ac_cv_header_stdc=yes
ac_cv_header_stdint_h=yes
ac_cv_header_stdlib_h=yes
ac_cv_header_string_h=yes
ac_cv_header_strings_h=yes
ac_cv_header_sys_dl_h=no
ac_cv_header_sys_stat_h=yes
ac_cv_header_sys_types_h=yes
ac_cv_header_unistd_h=yes
ac_cv_host=i686-pc-linux-gnu
ac_cv_lib_dl_dlopen=yes
ac_cv_lib_dld_dld_link=no
ac_cv_lib_dld_shl_load=no
ac_cv_objext=o
ac_cv_path_EGREP='/bin/grep -E'
ac_cv_path_FGREP='/bin/grep -F'
ac_cv_path_GREP=/bin/grep
ac_cv_path_SED=/bin/sed
ac_cv_path_install='/usr/bin/install -c'
ac_cv_path_mkdir=/bin/mkdir
ac_cv_prog_AWK=gawk
ac_cv_prog_CPP='gcc -E'
ac_cv_prog_ac_ct_AR=ar
ac_cv_prog_ac_ct_CC=gcc
ac_cv_prog_ac_ct_OBJDUMP=objdump
ac_cv_prog_ac_ct_RANLIB=ranlib
ac_cv_prog_ac_ct_STRIP=strip
ac_cv_prog_cc_c89=
ac_cv_prog_cc_g=yes
ac_cv_prog_make_make_set=yes
ac_cv_search_dlopen=-ldl
ac_cv_type_error_t=yes
am_cv_CC_dependencies_compiler_type=gcc3
libltdl_cv_lib_dl_dlopen=yes
libltdl_cv_preloaded_symbols=yes
libltdl_cv_shlibext=.so
lt_cv_deplibs_check_method=pass_all
lt_cv_dlopen=dlopen
lt_cv_dlopen_libs=-ldl
lt_cv_dlopen_self=no
lt_cv_file_magic_cmd='$MAGIC_CMD'
lt_cv_file_magic_test_file=
lt_cv_ld_reload_flag=-r
lt_cv_module_path_var=LD_LIBRARY_PATH
lt_cv_nm_interface='BSD nm'
lt_cv_objdir=.libs
lt_cv_path_LD=/usr/bin/ld
lt_cv_path_NM='/usr/bin/nm -B'
lt_cv_prog_compiler_c_o=yes
lt_cv_prog_compiler_pic_works=yes
lt_cv_prog_compiler_rtti_exceptions=no
lt_cv_prog_compiler_static_works=yes
lt_cv_prog_gnu_ld=yes
lt_cv_sys_argz_works=yes
lt_cv_sys_dlopen_deplibs=yes
lt_cv_sys_dlsearch_path='/lib /usr/lib /usr/X11R6/lib /usr/local/lib /usr/local/lib/moc/decoder_plugins /usr/local/lib/memprof /usr/lib/ogmrip/options-plugins /lib/i486-linux-gnu /usr/lib/i486-linux-gnu /usr/local/lib /usr/local/openmpi/lib /usr/local/openmpi/lib/openmpi /usr/realtime/lib '
lt_cv_sys_global_symbol_pipe='sed -n -e '\''s/^.*[	 ]\([ABCDGIRSTW][ABCDGIRSTW]*\)[	 ][	 ]*\([_A-Za-z][_A-Za-z0-9]*\)$/\1 \2 \2/p'\'''
lt_cv_sys_global_symbol_to_c_name_address='sed -n -e '\''s/^: \([^ ]*\) $/  {\"\1\", (void *) 0},/p'\'' -e '\''s/^[ABCDGIRSTW]* \([^ ]*\) \([^ ]*\)$/  {"\2", (void *) \&\2},/p'\'''
lt_cv_sys_global_symbol_to_c_name_address_lib_prefix='sed -n -e '\''s/^: \([^ ]*\) $/  {\"\1\", (void *) 0},/p'\'' -e '\''s/^[ABCDGIRSTW]* \([^ ]*\) \(lib[^ ]*\)$/  {"\2", (void *) \&\2},/p'\'' -e '\''s/^[ABCDGIRSTW]* \([^ ]*\) \([^ ]*\)$/  {"lib\2", (void *) \&\2},/p'\'''
lt_cv_sys_global_symbol_to_cdecl='sed -n -e '\''s/^T .* \(.*\)$/extern int \1();/p'\'' -e '\''s/^[ABCDGIRSTW]* .* \(.*\)$/extern char \1;/p'\'''
lt_cv_sys_max_cmd_len=1572864
lt_cv_sys_symbol_underscore=no

## ----------------- ##
## Output variables. ##
## ----------------- ##

ACLOCAL='${SHELL} /root/Roberto/UNLP/Especializacion/robertorp/src/openmpi-1.4.2/opal/libltdl/config/missing --run aclocal-1.11'
AMDEPBACKSLASH='\'
AMDEP_FALSE='#'
AMDEP_TRUE=''
AMTAR='${SHELL} /root/Roberto/UNLP/Especializacion/robertorp/src/openmpi-1.4.2/opal/libltdl/config/missing --run tar'
AR='ar'
ARGZ_H=''
AS='as'
AUTOCONF='${SHELL} /root/Roberto/UNLP/Especializacion/robertorp/src/openmpi-1.4.2/opal/libltdl/config/missing --run autoconf'
AUTOHEADER='${SHELL} /root/Roberto/UNLP/Especializacion/robertorp/src/openmpi-1.4.2/opal/libltdl/config/missing --run autoheader'
AUTOMAKE='${SHELL} /root/Roberto/UNLP/Especializacion/robertorp/src/openmpi-1.4.2/opal/libltdl/config/missing --run automake-1.11'
AWK='gawk'
CC='gcc'
CCDEPMODE='depmode=gcc3'
CFLAGS='-g  -fvisibility=hidden'
CONVENIENCE_LTDL_FALSE='#'
CONVENIENCE_LTDL_TRUE=''
CPP='gcc -E'
CPPFLAGS=' '
CYGPATH_W='echo'
DEFS='-DHAVE_CONFIG_H'
DEPDIR='.deps'
DLLTOOL='dlltool'
DSYMUTIL=''
DUMPBIN=''
ECHO_C=''
ECHO_N='-n'
ECHO_T=''
EGREP='/bin/grep -E'
EXEEXT=''
FGREP='/bin/grep -F'
GREP='/bin/grep'
INSTALL_DATA='${INSTALL} -m 644'
INSTALL_LTDL_FALSE=''
INSTALL_LTDL_TRUE='#'
INSTALL_PROGRAM='${INSTALL}'
INSTALL_SCRIPT='${INSTALL}'
INSTALL_STRIP_PROGRAM='$(install_sh) -c -s'
LD='/usr/bin/ld'
LDFLAGS=' '
LIBADD_DL='-ldl '
LIBADD_DLD_LINK=''
LIBADD_DLOPEN='-ldl'
LIBADD_SHL_LOAD=''
LIBOBJS=' ${LIBOBJDIR}lt__strl$U.o'
LIBS='-ldl -lnsl -lutil  -lm '
LIBTOOL='$(SHELL) $(top_builddir)/libtool'
LIPO=''
LN_S='ln -s'
LTDLOPEN='libltdl'
LTLIBOBJS=' ${LIBOBJDIR}lt__strl$U.lo'
LT_CONFIG_H='config.h'
LT_DLLOADERS=' dlopen.la'
LT_DLPREOPEN='-dlpreopen dlopen.la '
MAKEINFO='${SHELL} /root/Roberto/UNLP/Especializacion/robertorp/src/openmpi-1.4.2/opal/libltdl/config/missing --run makeinfo'
MKDIR_P='/bin/mkdir -p'
NM='/usr/bin/nm -B'
NMEDIT=''
OBJDUMP='objdump'
OBJEXT='o'
OTOOL64=''
OTOOL=''
PACKAGE='libltdl'
PACKAGE_BUGREPORT='bug-libtool@gnu.org'
PACKAGE_NAME='libltdl'
PACKAGE_STRING='libltdl 2.2.6b'
PACKAGE_TARNAME='libltdl'
PACKAGE_URL=''
PACKAGE_VERSION='2.2.6b'
PATH_SEPARATOR=':'
RANLIB='ranlib'
SED='/bin/sed'
SET_MAKE=''
SHELL='/bin/sh'
STRIP='strip'
VERSION='2.2.6b'
ac_ct_CC='gcc'
ac_ct_DUMPBIN=''
am__EXEEXT_FALSE=''
am__EXEEXT_TRUE='#'
am__fastdepCC_FALSE='#'
am__fastdepCC_TRUE=''
am__include='include'
am__isrc=''
am__leading_dot='.'
am__quote=''
am__tar='${AMTAR} chof - "$$tardir"'
am__untar='${AMTAR} xf -'
bindir='${exec_prefix}/bin'
build='i686-pc-linux-gnu'
build_alias=''
build_cpu='i686'
build_os='linux-gnu'
build_vendor='pc'
datadir='${datarootdir}'
datarootdir='${prefix}/share'
docdir='${datarootdir}/doc/${PACKAGE_TARNAME}'
dvidir='${docdir}'
exec_prefix='${prefix}'
host='i686-pc-linux-gnu'
host_alias=''
host_cpu='i686'
host_os='linux-gnu'
host_vendor='pc'
htmldir='${docdir}'
includedir='${prefix}/include'
infodir='${datarootdir}/info'
install_sh='${SHELL} /root/Roberto/UNLP/Especializacion/robertorp/src/openmpi-1.4.2/opal/libltdl/config/install-sh'
libdir='${exec_prefix}/lib'
libexecdir='${exec_prefix}/libexec'
localedir='${datarootdir}/locale'
localstatedir='${prefix}/var'
lt_ECHO='echo'
mandir='${datarootdir}/man'
mkdir_p='/bin/mkdir -p'
oldincludedir='/usr/include'
pdfdir='${docdir}'
prefix='/home/robertorp/packages/openmpi-1.4.2'
program_transform_name='s,x,x,'
psdir='${docdir}'
sbindir='${exec_prefix}/sbin'
sharedstatedir='${prefix}/com'
sys_symbol_underscore='no'
sysconfdir='${prefix}/etc'
target_alias=''

## ----------- ##
## confdefs.h. ##
## ----------- ##

/* confdefs.h */
#define PACKAGE_NAME "libltdl"
#define PACKAGE_TARNAME "libltdl"
#define PACKAGE_VERSION "2.2.6b"
#define PACKAGE_STRING "libltdl 2.2.6b"
#define PACKAGE_BUGREPORT "bug-libtool@gnu.org"
#define PACKAGE_URL ""
#define PACKAGE "libltdl"
#define VERSION "2.2.6b"
#define STDC_HEADERS 1
#define HAVE_SYS_TYPES_H 1
#define HAVE_SYS_STAT_H 1
#define HAVE_STDLIB_H 1
#define HAVE_STRING_H 1
#define HAVE_MEMORY_H 1
#define HAVE_STRINGS_H 1
#define HAVE_INTTYPES_H 1
#define HAVE_STDINT_H 1
#define HAVE_UNISTD_H 1
#define HAVE_DLFCN_H 1
#define LT_OBJDIR ".libs/"
#define LT_MODULE_EXT ".so"
#define LT_MODULE_PATH_VAR "LD_LIBRARY_PATH"
#define LT_DLSEARCH_PATH "/lib:/usr/lib:/usr/X11R6/lib:/usr/local/lib:/usr/local/lib/moc/decoder_plugins:/usr/local/lib/memprof:/usr/lib/ogmrip/options-plugins:/lib/i486-linux-gnu:/usr/lib/i486-linux-gnu:/usr/local/lib:/usr/local/openmpi/lib:/usr/local/openmpi/lib/openmpi:/usr/realtime/lib"
#define HAVE_LIBDL 1
#define HAVE_DLERROR 1
#define HAVE_LIBDLLOADER 1
#define HAVE_ARGZ_H 1
#define HAVE_ERROR_T 1
#define HAVE_ARGZ_ADD 1
#define HAVE_ARGZ_APPEND 1
#define HAVE_ARGZ_COUNT 1
#define HAVE_ARGZ_CREATE_SEP 1
#define HAVE_ARGZ_INSERT 1
#define HAVE_ARGZ_NEXT 1
#define HAVE_ARGZ_STRINGIFY 1
#define HAVE_WORKING_ARGZ 1
#define HAVE_PRELOADED_SYMBOLS 1
#define HAVE_UNISTD_H 1
#define HAVE_DIRENT_H 1
#define HAVE_CLOSEDIR 1
#define HAVE_OPENDIR 1
#define HAVE_READDIR 1
#define LT_LIBEXT "a"

configure: exit 0
